{"C:\\Users\\amaan\\Desktop\\Spotify-Match\\App.js": {"path":"C:\\Users\\amaan\\Desktop\\Spotify-Match\\App.js","statementMap":{"0":{"start":{"line":24,"column":31},"end":{"line":24,"column":53}},"1":{"start":{"line":25,"column":32},"end":{"line":25,"column":56}},"2":{"start":{"line":26,"column":28},"end":{"line":26,"column":39}},"3":{"start":{"line":27,"column":33},"end":{"line":27,"column":58}},"4":{"start":{"line":28,"column":28},"end":{"line":28,"column":39}},"5":{"start":{"line":29,"column":23},"end":{"line":29,"column":33}},"6":{"start":{"line":30,"column":26},"end":{"line":30,"column":35}},"7":{"start":{"line":31,"column":26},"end":{"line":31,"column":35}},"8":{"start":{"line":32,"column":26},"end":{"line":32,"column":35}},"9":{"start":{"line":41,"column":16},"end":{"line":41,"column":38}},"10":{"start":{"line":42,"column":2},"end":{"line":84,"column":4}},"11":{"start":{"line":90,"column":14},"end":{"line":90,"column":40}},"12":{"start":{"line":91,"column":2},"end":{"line":133,"column":4}},"13":{"start":{"line":94,"column":37},"end":{"line":127,"column":7}},"14":{"start":{"line":115,"column":19},"end":{"line":115,"column":29}},"15":{"start":{"line":117,"column":10},"end":{"line":123,"column":11}},"16":{"start":{"line":118,"column":12},"end":{"line":118,"column":61}},"17":{"start":{"line":119,"column":17},"end":{"line":123,"column":11}},"18":{"start":{"line":120,"column":12},"end":{"line":120,"column":66}},"19":{"start":{"line":121,"column":17},"end":{"line":123,"column":11}},"20":{"start":{"line":122,"column":12},"end":{"line":122,"column":75}},"21":{"start":{"line":125,"column":10},"end":{"line":125,"column":72}},"22":{"start":{"line":136,"column":15},"end":{"line":143,"column":2}}},"fnMap":{"0":{"name":"App","decl":{"start":{"line":40,"column":24},"end":{"line":40,"column":27}},"loc":{"start":{"line":40,"column":30},"end":{"line":85,"column":1}},"line":40},"1":{"name":"TabNavigation","decl":{"start":{"line":89,"column":9},"end":{"line":89,"column":22}},"loc":{"start":{"line":89,"column":25},"end":{"line":134,"column":1}},"line":89},"2":{"name":"(anonymous_2)","decl":{"start":{"line":94,"column":21},"end":{"line":94,"column":22}},"loc":{"start":{"line":94,"column":37},"end":{"line":127,"column":7}},"line":94},"3":{"name":"(anonymous_3)","decl":{"start":{"line":113,"column":20},"end":{"line":113,"column":21}},"loc":{"start":{"line":113,"column":50},"end":{"line":126,"column":9}},"line":113}},"branchMap":{"0":{"loc":{"start":{"line":117,"column":10},"end":{"line":123,"column":11}},"type":"if","locations":[{"start":{"line":117,"column":10},"end":{"line":123,"column":11}},{"start":{"line":119,"column":17},"end":{"line":123,"column":11}}],"line":117},"1":{"loc":{"start":{"line":118,"column":23},"end":{"line":118,"column":60}},"type":"cond-expr","locations":[{"start":{"line":118,"column":33},"end":{"line":118,"column":41}},{"start":{"line":118,"column":44},"end":{"line":118,"column":60}}],"line":118},"2":{"loc":{"start":{"line":119,"column":17},"end":{"line":123,"column":11}},"type":"if","locations":[{"start":{"line":119,"column":17},"end":{"line":123,"column":11}},{"start":{"line":121,"column":17},"end":{"line":123,"column":11}}],"line":119},"3":{"loc":{"start":{"line":120,"column":23},"end":{"line":120,"column":65}},"type":"cond-expr","locations":[{"start":{"line":120,"column":33},"end":{"line":120,"column":40}},{"start":{"line":120,"column":43},"end":{"line":120,"column":65}}],"line":120},"4":{"loc":{"start":{"line":121,"column":17},"end":{"line":123,"column":11}},"type":"if","locations":[{"start":{"line":121,"column":17},"end":{"line":123,"column":11}},{"start":{},"end":{}}],"line":121},"5":{"loc":{"start":{"line":122,"column":23},"end":{"line":122,"column":74}},"type":"cond-expr","locations":[{"start":{"line":122,"column":33},"end":{"line":122,"column":48}},{"start":{"line":122,"column":51},"end":{"line":122,"column":74}}],"line":122}},"s":{"0":0,"1":0,"2":0,"3":0,"4":0,"5":0,"6":0,"7":0,"8":0,"9":0,"10":0,"11":0,"12":0,"13":0,"14":0,"15":0,"16":0,"17":0,"18":0,"19":0,"20":0,"21":0,"22":0},"f":{"0":0,"1":0,"2":0,"3":0},"b":{"0":[0,0],"1":[0,0],"2":[0,0],"3":[0,0],"4":[0,0],"5":[0,0]}}
,"C:\\Users\\amaan\\Desktop\\Spotify-Match\\metro.config.js": {"path":"C:\\Users\\amaan\\Desktop\\Spotify-Match\\metro.config.js","statementMap":{"0":{"start":{"line":7,"column":11},"end":{"line":7,"column":24}},"1":{"start":{"line":8,"column":13},"end":{"line":8,"column":28}},"2":{"start":{"line":9,"column":22},"end":{"line":9,"column":72}},"3":{"start":{"line":11,"column":16},"end":{"line":13,"column":1}},"4":{"start":{"line":15,"column":0},"end":{"line":36,"column":2}},"5":{"start":{"line":29,"column":38},"end":{"line":34,"column":5}}},"fnMap":{"0":{"name":"(anonymous_0)","decl":{"start":{"line":29,"column":25},"end":{"line":29,"column":26}},"loc":{"start":{"line":29,"column":38},"end":{"line":34,"column":5}},"line":29}},"branchMap":{},"s":{"0":0,"1":0,"2":0,"3":0,"4":0,"5":0},"f":{"0":0},"b":{}}
,"C:\\Users\\amaan\\Desktop\\Spotify-Match\\react-native.config.js": {"path":"C:\\Users\\amaan\\Desktop\\Spotify-Match\\react-native.config.js","statementMap":{"0":{"start":{"line":1,"column":0},"end":{"line":7,"column":2}}},"fnMap":{},"branchMap":{},"s":{"0":0},"f":{},"b":{}}
,"C:\\Users\\amaan\\Desktop\\Spotify-Match\\ constants\\Layout.js": {"path":"C:\\Users\\amaan\\Desktop\\Spotify-Match\\ constants\\Layout.js","statementMap":{"0":{"start":{"line":3,"column":14},"end":{"line":3,"column":44}},"1":{"start":{"line":4,"column":15},"end":{"line":4,"column":46}}},"fnMap":{},"branchMap":{},"s":{"0":1,"1":1},"f":{},"b":{},"_coverageSchema":"1a1c01bbd47fc00a2c39e90264f33305004495a9","hash":"bccf8cc960af23c9b19099e92eb79af427d86354"}
,"C:\\Users\\amaan\\Desktop\\Spotify-Match\\components\\Navigator.js": {"path":"C:\\Users\\amaan\\Desktop\\Spotify-Match\\components\\Navigator.js","statementMap":{},"fnMap":{},"branchMap":{},"s":{},"f":{},"b":{}}
,"C:\\Users\\amaan\\Desktop\\Spotify-Match\\components\\UserCard.js": {"path":"C:\\Users\\amaan\\Desktop\\Spotify-Match\\components\\UserCard.js","statementMap":{"0":{"start":{"line":22,"column":15},"end":{"line":22,"column":34}},"1":{"start":{"line":24,"column":21},"end":{"line":24,"column":22}},"2":{"start":{"line":25,"column":20},"end":{"line":25,"column":21}},"3":{"start":{"line":26,"column":22},"end":{"line":26,"column":23}},"4":{"start":{"line":27,"column":24},"end":{"line":27,"column":25}},"5":{"start":{"line":28,"column":23},"end":{"line":28,"column":24}},"6":{"start":{"line":29,"column":25},"end":{"line":29,"column":26}},"7":{"start":{"line":32,"column":22},"end":{"line":36,"column":1}},"8":{"start":{"line":33,"column":15},"end":{"line":33,"column":81}},"9":{"start":{"line":35,"column":2},"end":{"line":35,"column":46}},"10":{"start":{"line":38,"column":18},"end":{"line":147,"column":1}},"11":{"start":{"line":152,"column":19},"end":{"line":152,"column":32}},"12":{"start":{"line":159,"column":8},"end":{"line":159,"column":42}},"13":{"start":{"line":159,"column":32},"end":{"line":159,"column":40}},"14":{"start":{"line":162,"column":26},"end":{"line":162,"column":38}},"15":{"start":{"line":163,"column":24},"end":{"line":163,"column":36}},"16":{"start":{"line":164,"column":24},"end":{"line":164,"column":36}},"17":{"start":{"line":165,"column":32},"end":{"line":165,"column":44}},"18":{"start":{"line":166,"column":32},"end":{"line":166,"column":44}},"19":{"start":{"line":167,"column":32},"end":{"line":167,"column":44}},"20":{"start":{"line":168,"column":22},"end":{"line":168,"column":34}},"21":{"start":{"line":169,"column":22},"end":{"line":169,"column":34}},"22":{"start":{"line":170,"column":22},"end":{"line":170,"column":34}},"23":{"start":{"line":171,"column":26},"end":{"line":171,"column":38}},"24":{"start":{"line":172,"column":26},"end":{"line":172,"column":38}},"25":{"start":{"line":173,"column":26},"end":{"line":173,"column":38}},"26":{"start":{"line":174,"column":26},"end":{"line":174,"column":38}},"27":{"start":{"line":175,"column":30},"end":{"line":175,"column":45}},"28":{"start":{"line":177,"column":42},"end":{"line":177,"column":57}},"29":{"start":{"line":179,"column":30},"end":{"line":179,"column":42}},"30":{"start":{"line":180,"column":40},"end":{"line":180,"column":52}},"31":{"start":{"line":181,"column":34},"end":{"line":181,"column":46}},"32":{"start":{"line":182,"column":34},"end":{"line":182,"column":46}},"33":{"start":{"line":183,"column":34},"end":{"line":183,"column":46}},"34":{"start":{"line":184,"column":36},"end":{"line":184,"column":48}},"35":{"start":{"line":185,"column":38},"end":{"line":185,"column":50}},"36":{"start":{"line":186,"column":44},"end":{"line":186,"column":58}},"37":{"start":{"line":187,"column":42},"end":{"line":187,"column":54}},"38":{"start":{"line":188,"column":40},"end":{"line":188,"column":52}},"39":{"start":{"line":189,"column":44},"end":{"line":189,"column":56}},"40":{"start":{"line":191,"column":36},"end":{"line":191,"column":51}},"41":{"start":{"line":194,"column":15},"end":{"line":211,"column":3}},"42":{"start":{"line":213,"column":19},"end":{"line":230,"column":3}},"43":{"start":{"line":233,"column":4},"end":{"line":233,"column":41}},"44":{"start":{"line":234,"column":4},"end":{"line":239,"column":9}},"45":{"start":{"line":238,"column":8},"end":{"line":238,"column":29}},"46":{"start":{"line":242,"column":18},"end":{"line":293,"column":3}},"47":{"start":{"line":243,"column":4},"end":{"line":243,"column":21}},"48":{"start":{"line":244,"column":21},"end":{"line":244,"column":46}},"49":{"start":{"line":246,"column":4},"end":{"line":246,"column":31}},"50":{"start":{"line":247,"column":4},"end":{"line":247,"column":38}},"51":{"start":{"line":248,"column":4},"end":{"line":248,"column":36}},"52":{"start":{"line":249,"column":4},"end":{"line":249,"column":44}},"53":{"start":{"line":250,"column":4},"end":{"line":250,"column":44}},"54":{"start":{"line":251,"column":4},"end":{"line":251,"column":44}},"55":{"start":{"line":253,"column":4},"end":{"line":253,"column":42}},"56":{"start":{"line":254,"column":4},"end":{"line":254,"column":42}},"57":{"start":{"line":255,"column":4},"end":{"line":255,"column":52}},"58":{"start":{"line":256,"column":4},"end":{"line":256,"column":45}},"59":{"start":{"line":257,"column":4},"end":{"line":257,"column":45}},"60":{"start":{"line":258,"column":4},"end":{"line":258,"column":47}},"61":{"start":{"line":259,"column":4},"end":{"line":259,"column":48}},"62":{"start":{"line":260,"column":4},"end":{"line":260,"column":50}},"63":{"start":{"line":263,"column":17},"end":{"line":263,"column":48}},"64":{"start":{"line":264,"column":17},"end":{"line":264,"column":48}},"65":{"start":{"line":265,"column":17},"end":{"line":265,"column":48}},"66":{"start":{"line":267,"column":4},"end":{"line":267,"column":39}},"67":{"start":{"line":268,"column":4},"end":{"line":268,"column":39}},"68":{"start":{"line":269,"column":4},"end":{"line":269,"column":39}},"69":{"start":{"line":271,"column":4},"end":{"line":271,"column":85}},"70":{"start":{"line":273,"column":4},"end":{"line":273,"column":48}},"71":{"start":{"line":274,"column":4},"end":{"line":274,"column":47}},"72":{"start":{"line":275,"column":4},"end":{"line":275,"column":50}},"73":{"start":{"line":277,"column":4},"end":{"line":277,"column":79}},"74":{"start":{"line":278,"column":4},"end":{"line":278,"column":77}},"75":{"start":{"line":279,"column":4},"end":{"line":279,"column":83}},"76":{"start":{"line":281,"column":4},"end":{"line":281,"column":20}},"77":{"start":{"line":283,"column":4},"end":{"line":292,"column":5}},"78":{"start":{"line":284,"column":6},"end":{"line":284,"column":28}},"79":{"start":{"line":287,"column":6},"end":{"line":287,"column":25}},"80":{"start":{"line":288,"column":6},"end":{"line":288,"column":86}},"81":{"start":{"line":289,"column":6},"end":{"line":289,"column":86}},"82":{"start":{"line":290,"column":6},"end":{"line":290,"column":86}},"83":{"start":{"line":291,"column":6},"end":{"line":291,"column":86}},"84":{"start":{"line":296,"column":24},"end":{"line":296,"column":57}},"85":{"start":{"line":296,"column":45},"end":{"line":296,"column":56}},"86":{"start":{"line":297,"column":4},"end":{"line":297,"column":28}},"87":{"start":{"line":298,"column":24},"end":{"line":298,"column":57}},"88":{"start":{"line":298,"column":45},"end":{"line":298,"column":56}},"89":{"start":{"line":299,"column":23},"end":{"line":299,"column":71}},"90":{"start":{"line":299,"column":47},"end":{"line":299,"column":70}},"91":{"start":{"line":300,"column":4},"end":{"line":300,"column":50}},"92":{"start":{"line":304,"column":24},"end":{"line":304,"column":60}},"93":{"start":{"line":304,"column":44},"end":{"line":304,"column":59}},"94":{"start":{"line":305,"column":24},"end":{"line":305,"column":60}},"95":{"start":{"line":305,"column":44},"end":{"line":305,"column":59}},"96":{"start":{"line":306,"column":23},"end":{"line":306,"column":71}},"97":{"start":{"line":306,"column":47},"end":{"line":306,"column":70}},"98":{"start":{"line":307,"column":4},"end":{"line":307,"column":49}},"99":{"start":{"line":311,"column":26},"end":{"line":311,"column":67}},"100":{"start":{"line":311,"column":49},"end":{"line":311,"column":66}},"101":{"start":{"line":312,"column":26},"end":{"line":312,"column":67}},"102":{"start":{"line":312,"column":49},"end":{"line":312,"column":66}},"103":{"start":{"line":313,"column":23},"end":{"line":313,"column":75}},"104":{"start":{"line":313,"column":49},"end":{"line":313,"column":74}},"105":{"start":{"line":314,"column":4},"end":{"line":314,"column":51}},"106":{"start":{"line":319,"column":4},"end":{"line":319,"column":19}},"107":{"start":{"line":320,"column":4},"end":{"line":320,"column":19}},"108":{"start":{"line":322,"column":18},"end":{"line":322,"column":118}},"109":{"start":{"line":323,"column":18},"end":{"line":323,"column":118}},"110":{"start":{"line":324,"column":29},"end":{"line":324,"column":51}},"111":{"start":{"line":325,"column":4},"end":{"line":325,"column":46}},"112":{"start":{"line":329,"column":4},"end":{"line":329,"column":18}},"113":{"start":{"line":330,"column":4},"end":{"line":330,"column":18}},"114":{"start":{"line":331,"column":19},"end":{"line":331,"column":20}},"115":{"start":{"line":332,"column":11},"end":{"line":332,"column":12}},"116":{"start":{"line":333,"column":11},"end":{"line":333,"column":12}},"117":{"start":{"line":334,"column":4},"end":{"line":338,"column":5}},"118":{"start":{"line":334,"column":16},"end":{"line":334,"column":17}},"119":{"start":{"line":335,"column":8},"end":{"line":335,"column":36}},"120":{"start":{"line":336,"column":8},"end":{"line":336,"column":26}},"121":{"start":{"line":337,"column":8},"end":{"line":337,"column":26}},"122":{"start":{"line":339,"column":4},"end":{"line":339,"column":23}},"123":{"start":{"line":340,"column":4},"end":{"line":340,"column":23}},"124":{"start":{"line":341,"column":21},"end":{"line":341,"column":45}},"125":{"start":{"line":342,"column":4},"end":{"line":342,"column":22}},"126":{"start":{"line":346,"column":4},"end":{"line":346,"column":23}},"127":{"start":{"line":347,"column":4},"end":{"line":347,"column":32}},"128":{"start":{"line":348,"column":4},"end":{"line":348,"column":32}},"129":{"start":{"line":349,"column":4},"end":{"line":349,"column":32}},"130":{"start":{"line":350,"column":4},"end":{"line":350,"column":32}},"131":{"start":{"line":354,"column":2},"end":{"line":356,"column":11}},"132":{"start":{"line":355,"column":4},"end":{"line":355,"column":20}},"133":{"start":{"line":361,"column":17},"end":{"line":370,"column":3}},"134":{"start":{"line":362,"column":15},"end":{"line":362,"column":28}},"135":{"start":{"line":363,"column":16},"end":{"line":363,"column":26}},"136":{"start":{"line":365,"column":19},"end":{"line":365,"column":51}},"137":{"start":{"line":366,"column":18},"end":{"line":366,"column":62}},"138":{"start":{"line":367,"column":19},"end":{"line":367,"column":55}},"139":{"start":{"line":368,"column":4},"end":{"line":368,"column":24}},"140":{"start":{"line":369,"column":4},"end":{"line":369,"column":21}},"141":{"start":{"line":373,"column":4},"end":{"line":373,"column":52}},"142":{"start":{"line":376,"column":20},"end":{"line":384,"column":3}},"143":{"start":{"line":377,"column":14},"end":{"line":382,"column":5}},"144":{"start":{"line":383,"column":4},"end":{"line":383,"column":27}},"145":{"start":{"line":386,"column":25},"end":{"line":396,"column":3}},"146":{"start":{"line":387,"column":14},"end":{"line":394,"column":5}},"147":{"start":{"line":395,"column":4},"end":{"line":395,"column":37}},"148":{"start":{"line":399,"column":17},"end":{"line":423,"column":5}},"149":{"start":{"line":401,"column":6},"end":{"line":422,"column":7}},"150":{"start":{"line":402,"column":8},"end":{"line":410,"column":9}},"151":{"start":{"line":413,"column":8},"end":{"line":421,"column":9}},"152":{"start":{"line":425,"column":20},"end":{"line":433,"column":3}},"153":{"start":{"line":426,"column":4},"end":{"line":431,"column":5}},"154":{"start":{"line":427,"column":6},"end":{"line":427,"column":25}},"155":{"start":{"line":430,"column":6},"end":{"line":430,"column":28}},"156":{"start":{"line":434,"column":2},"end":{"line":632,"column":4}},"157":{"start":{"line":445,"column":38},"end":{"line":445,"column":58}},"158":{"start":{"line":463,"column":14},"end":{"line":463,"column":52}},"159":{"start":{"line":464,"column":14},"end":{"line":464,"column":45}},"160":{"start":{"line":471,"column":33},"end":{"line":471,"column":63}},"161":{"start":{"line":491,"column":16},"end":{"line":491,"column":37}},"162":{"start":{"line":540,"column":18},"end":{"line":542,"column":102}},"163":{"start":{"line":574,"column":18},"end":{"line":576,"column":107}},"164":{"start":{"line":608,"column":18},"end":{"line":610,"column":107}},"165":{"start":{"line":637,"column":15},"end":{"line":812,"column":2}}},"fnMap":{"0":{"name":"(anonymous_0)","decl":{"start":{"line":32,"column":22},"end":{"line":32,"column":23}},"loc":{"start":{"line":32,"column":28},"end":{"line":36,"column":1}},"line":32},"1":{"name":"Card","decl":{"start":{"line":150,"column":9},"end":{"line":150,"column":13}},"loc":{"start":{"line":150,"column":22},"end":{"line":633,"column":1}},"line":150},"2":{"name":"(anonymous_2)","decl":{"start":{"line":159,"column":21},"end":{"line":159,"column":22}},"loc":{"start":{"line":159,"column":32},"end":{"line":159,"column":40}},"line":159},"3":{"name":"getUserById","decl":{"start":{"line":232,"column":17},"end":{"line":232,"column":28}},"loc":{"start":{"line":232,"column":37},"end":{"line":240,"column":3}},"line":232},"4":{"name":"(anonymous_4)","decl":{"start":{"line":236,"column":13},"end":{"line":236,"column":14}},"loc":{"start":{"line":236,"column":24},"end":{"line":239,"column":7}},"line":236},"5":{"name":"(anonymous_5)","decl":{"start":{"line":242,"column":18},"end":{"line":242,"column":19}},"loc":{"start":{"line":242,"column":36},"end":{"line":293,"column":3}},"line":242},"6":{"name":"getSharedGenres","decl":{"start":{"line":295,"column":11},"end":{"line":295,"column":26}},"loc":{"start":{"line":295,"column":45},"end":{"line":301,"column":3}},"line":295},"7":{"name":"(anonymous_7)","decl":{"start":{"line":296,"column":36},"end":{"line":296,"column":37}},"loc":{"start":{"line":296,"column":45},"end":{"line":296,"column":56}},"line":296},"8":{"name":"(anonymous_8)","decl":{"start":{"line":298,"column":36},"end":{"line":298,"column":37}},"loc":{"start":{"line":298,"column":45},"end":{"line":298,"column":56}},"line":298},"9":{"name":"(anonymous_9)","decl":{"start":{"line":299,"column":42},"end":{"line":299,"column":43}},"loc":{"start":{"line":299,"column":47},"end":{"line":299,"column":70}},"line":299},"10":{"name":"getSharedSongs","decl":{"start":{"line":303,"column":11},"end":{"line":303,"column":25}},"loc":{"start":{"line":303,"column":42},"end":{"line":308,"column":3}},"line":303},"11":{"name":"(anonymous_11)","decl":{"start":{"line":304,"column":35},"end":{"line":304,"column":36}},"loc":{"start":{"line":304,"column":44},"end":{"line":304,"column":59}},"line":304},"12":{"name":"(anonymous_12)","decl":{"start":{"line":305,"column":35},"end":{"line":305,"column":36}},"loc":{"start":{"line":305,"column":44},"end":{"line":305,"column":59}},"line":305},"13":{"name":"(anonymous_13)","decl":{"start":{"line":306,"column":42},"end":{"line":306,"column":43}},"loc":{"start":{"line":306,"column":47},"end":{"line":306,"column":70}},"line":306},"14":{"name":"getSharedArtists","decl":{"start":{"line":310,"column":11},"end":{"line":310,"column":27}},"loc":{"start":{"line":310,"column":48},"end":{"line":315,"column":3}},"line":310},"15":{"name":"(anonymous_15)","decl":{"start":{"line":311,"column":39},"end":{"line":311,"column":40}},"loc":{"start":{"line":311,"column":49},"end":{"line":311,"column":66}},"line":311},"16":{"name":"(anonymous_16)","decl":{"start":{"line":312,"column":39},"end":{"line":312,"column":40}},"loc":{"start":{"line":312,"column":49},"end":{"line":312,"column":66}},"line":312},"17":{"name":"(anonymous_17)","decl":{"start":{"line":313,"column":44},"end":{"line":313,"column":45}},"loc":{"start":{"line":313,"column":49},"end":{"line":313,"column":74}},"line":313},"18":{"name":"findCompatibilty","decl":{"start":{"line":318,"column":11},"end":{"line":318,"column":27}},"loc":{"start":{"line":318,"column":34},"end":{"line":326,"column":3}},"line":318},"19":{"name":"cosinesim","decl":{"start":{"line":328,"column":11},"end":{"line":328,"column":20}},"loc":{"start":{"line":328,"column":25},"end":{"line":343,"column":3}},"line":328},"20":{"name":"setTestUserPhotos","decl":{"start":{"line":345,"column":17},"end":{"line":345,"column":34}},"loc":{"start":{"line":345,"column":39},"end":{"line":351,"column":3}},"line":345},"21":{"name":"(anonymous_21)","decl":{"start":{"line":354,"column":12},"end":{"line":354,"column":13}},"loc":{"start":{"line":354,"column":18},"end":{"line":356,"column":3}},"line":354},"22":{"name":"(anonymous_22)","decl":{"start":{"line":361,"column":17},"end":{"line":361,"column":18}},"loc":{"start":{"line":361,"column":26},"end":{"line":370,"column":3}},"line":361},"23":{"name":"binaryToBase64","decl":{"start":{"line":372,"column":11},"end":{"line":372,"column":25}},"loc":{"start":{"line":372,"column":32},"end":{"line":374,"column":3}},"line":372},"24":{"name":"(anonymous_24)","decl":{"start":{"line":376,"column":20},"end":{"line":376,"column":21}},"loc":{"start":{"line":376,"column":32},"end":{"line":384,"column":3}},"line":376},"25":{"name":"(anonymous_25)","decl":{"start":{"line":386,"column":25},"end":{"line":386,"column":26}},"loc":{"start":{"line":386,"column":42},"end":{"line":396,"column":3}},"line":386},"26":{"name":"(anonymous_26)","decl":{"start":{"line":399,"column":17},"end":{"line":399,"column":18}},"loc":{"start":{"line":399,"column":31},"end":{"line":423,"column":5}},"line":399},"27":{"name":"(anonymous_27)","decl":{"start":{"line":425,"column":20},"end":{"line":425,"column":21}},"loc":{"start":{"line":425,"column":34},"end":{"line":433,"column":3}},"line":425},"28":{"name":"(anonymous_28)","decl":{"start":{"line":445,"column":24},"end":{"line":445,"column":25}},"loc":{"start":{"line":445,"column":38},"end":{"line":445,"column":58}},"line":445},"29":{"name":"(anonymous_29)","decl":{"start":{"line":462,"column":28},"end":{"line":462,"column":29}},"loc":{"start":{"line":462,"column":34},"end":{"line":465,"column":13}},"line":462},"30":{"name":"(anonymous_30)","decl":{"start":{"line":471,"column":27},"end":{"line":471,"column":28}},"loc":{"start":{"line":471,"column":33},"end":{"line":471,"column":63}},"line":471},"31":{"name":"(anonymous_31)","decl":{"start":{"line":490,"column":23},"end":{"line":490,"column":24}},"loc":{"start":{"line":490,"column":29},"end":{"line":492,"column":15}},"line":490},"32":{"name":"(anonymous_32)","decl":{"start":{"line":539,"column":53},"end":{"line":539,"column":54}},"loc":{"start":{"line":540,"column":18},"end":{"line":542,"column":102}},"line":540},"33":{"name":"(anonymous_33)","decl":{"start":{"line":573,"column":51},"end":{"line":573,"column":52}},"loc":{"start":{"line":574,"column":18},"end":{"line":576,"column":107}},"line":574},"34":{"name":"(anonymous_34)","decl":{"start":{"line":607,"column":55},"end":{"line":607,"column":56}},"loc":{"start":{"line":608,"column":18},"end":{"line":610,"column":107}},"line":608}},"branchMap":{"0":{"loc":{"start":{"line":283,"column":4},"end":{"line":292,"column":5}},"type":"if","locations":[{"start":{"line":283,"column":4},"end":{"line":292,"column":5}},{"start":{"line":286,"column":9},"end":{"line":292,"column":5}}],"line":283},"1":{"loc":{"start":{"line":401,"column":6},"end":{"line":422,"column":7}},"type":"if","locations":[{"start":{"line":401,"column":6},"end":{"line":422,"column":7}},{"start":{"line":412,"column":11},"end":{"line":422,"column":7}}],"line":401},"2":{"loc":{"start":{"line":426,"column":4},"end":{"line":431,"column":5}},"type":"if","locations":[{"start":{"line":426,"column":4},"end":{"line":431,"column":5}},{"start":{"line":429,"column":9},"end":{"line":431,"column":5}}],"line":426},"3":{"loc":{"start":{"line":444,"column":18},"end":{"line":444,"column":45}},"type":"cond-expr","locations":[{"start":{"line":444,"column":30},"end":{"line":444,"column":34}},{"start":{"line":444,"column":37},"end":{"line":444,"column":45}}],"line":444},"4":{"loc":{"start":{"line":516,"column":9},"end":{"line":625,"column":16}},"type":"cond-expr","locations":[{"start":{"line":517,"column":10},"end":{"line":624,"column":13}},{"start":{"line":625,"column":12},"end":{"line":625,"column":16}}],"line":516}},"s":{"0":1,"1":1,"2":1,"3":1,"4":1,"5":1,"6":1,"7":1,"8":0,"9":0,"10":1,"11":0,"12":0,"13":0,"14":0,"15":0,"16":0,"17":0,"18":0,"19":0,"20":0,"21":0,"22":0,"23":0,"24":0,"25":0,"26":0,"27":0,"28":0,"29":0,"30":0,"31":0,"32":0,"33":0,"34":0,"35":0,"36":0,"37":0,"38":0,"39":0,"40":0,"41":0,"42":0,"43":0,"44":0,"45":0,"46":0,"47":0,"48":0,"49":0,"50":0,"51":0,"52":0,"53":0,"54":0,"55":0,"56":0,"57":0,"58":0,"59":0,"60":0,"61":0,"62":0,"63":0,"64":0,"65":0,"66":0,"67":0,"68":0,"69":0,"70":0,"71":0,"72":0,"73":0,"74":0,"75":0,"76":0,"77":0,"78":0,"79":0,"80":0,"81":0,"82":0,"83":0,"84":0,"85":0,"86":0,"87":0,"88":0,"89":0,"90":0,"91":0,"92":0,"93":0,"94":0,"95":0,"96":0,"97":0,"98":0,"99":0,"100":0,"101":0,"102":0,"103":0,"104":0,"105":0,"106":0,"107":0,"108":0,"109":0,"110":0,"111":0,"112":0,"113":0,"114":0,"115":0,"116":0,"117":0,"118":0,"119":0,"120":0,"121":0,"122":0,"123":0,"124":0,"125":0,"126":0,"127":0,"128":0,"129":0,"130":0,"131":0,"132":0,"133":0,"134":0,"135":0,"136":0,"137":0,"138":0,"139":0,"140":0,"141":0,"142":0,"143":0,"144":0,"145":0,"146":0,"147":0,"148":0,"149":0,"150":0,"151":0,"152":0,"153":0,"154":0,"155":0,"156":0,"157":0,"158":0,"159":0,"160":0,"161":0,"162":0,"163":0,"164":0,"165":1},"f":{"0":0,"1":0,"2":0,"3":0,"4":0,"5":0,"6":0,"7":0,"8":0,"9":0,"10":0,"11":0,"12":0,"13":0,"14":0,"15":0,"16":0,"17":0,"18":0,"19":0,"20":0,"21":0,"22":0,"23":0,"24":0,"25":0,"26":0,"27":0,"28":0,"29":0,"30":0,"31":0,"32":0,"33":0,"34":0},"b":{"0":[0,0],"1":[0,0],"2":[0,0],"3":[0,0],"4":[0,0]},"_coverageSchema":"1a1c01bbd47fc00a2c39e90264f33305004495a9","hash":"9caac2cad3f2791863aaa133786925eafa75d2da"}
,"C:\\Users\\amaan\\Desktop\\Spotify-Match\\redux\\UserData.js": {"path":"C:\\Users\\amaan\\Desktop\\Spotify-Match\\redux\\UserData.js","statementMap":{"0":{"start":{"line":9,"column":26},"end":{"line":20,"column":1}},"1":{"start":{"line":10,"column":2},"end":{"line":10,"column":42}},"2":{"start":{"line":11,"column":2},"end":{"line":11,"column":20}},"3":{"start":{"line":12,"column":2},"end":{"line":19,"column":7}},"4":{"start":{"line":15,"column":6},"end":{"line":15,"column":28}},"5":{"start":{"line":18,"column":6},"end":{"line":18,"column":25}},"6":{"start":{"line":22,"column":29},"end":{"line":31,"column":1}},"7":{"start":{"line":25,"column":21},"end":{"line":27,"column":5}},"8":{"start":{"line":29,"column":4},"end":{"line":29,"column":25}},"9":{"start":{"line":33,"column":30},"end":{"line":49,"column":1}},"10":{"start":{"line":36,"column":4},"end":{"line":47,"column":9}},"11":{"start":{"line":43,"column":8},"end":{"line":43,"column":30}},"12":{"start":{"line":46,"column":8},"end":{"line":46,"column":27}},"13":{"start":{"line":51,"column":30},"end":{"line":75,"column":1}},"14":{"start":{"line":52,"column":2},"end":{"line":52,"column":43}},"15":{"start":{"line":54,"column":17},"end":{"line":60,"column":3}},"16":{"start":{"line":64,"column":2},"end":{"line":74,"column":7}},"17":{"start":{"line":73,"column":6},"end":{"line":73,"column":25}},"18":{"start":{"line":77,"column":30},"end":{"line":101,"column":1}},"19":{"start":{"line":79,"column":17},"end":{"line":85,"column":3}},"20":{"start":{"line":89,"column":2},"end":{"line":100,"column":7}},"21":{"start":{"line":96,"column":6},"end":{"line":96,"column":28}},"22":{"start":{"line":99,"column":6},"end":{"line":99,"column":25}},"23":{"start":{"line":103,"column":28},"end":{"line":123,"column":1}},"24":{"start":{"line":104,"column":23},"end":{"line":106,"column":3}},"25":{"start":{"line":107,"column":2},"end":{"line":107,"column":43}},"26":{"start":{"line":109,"column":21},"end":{"line":109,"column":23}},"27":{"start":{"line":115,"column":2},"end":{"line":120,"column":3}},"28":{"start":{"line":115,"column":15},"end":{"line":115,"column":16}},"29":{"start":{"line":116,"column":4},"end":{"line":119,"column":7}},"30":{"start":{"line":122,"column":2},"end":{"line":122,"column":22}},"31":{"start":{"line":124,"column":26},"end":{"line":124,"column":40}},"32":{"start":{"line":126,"column":27},"end":{"line":148,"column":1}},"33":{"start":{"line":127,"column":2},"end":{"line":131,"column":3}},"34":{"start":{"line":128,"column":27},"end":{"line":128,"column":55}},"35":{"start":{"line":129,"column":23},"end":{"line":129,"column":61}},"36":{"start":{"line":130,"column":4},"end":{"line":130,"column":22}},"37":{"start":{"line":132,"column":23},"end":{"line":136,"column":3}},"38":{"start":{"line":138,"column":17},"end":{"line":138,"column":33}},"39":{"start":{"line":140,"column":15},"end":{"line":142,"column":41}},"40":{"start":{"line":142,"column":22},"end":{"line":142,"column":40}},"41":{"start":{"line":144,"column":20},"end":{"line":144,"column":49}},"42":{"start":{"line":145,"column":21},"end":{"line":145,"column":54}},"43":{"start":{"line":147,"column":2},"end":{"line":147,"column":20}},"44":{"start":{"line":150,"column":22},"end":{"line":418,"column":2}},"45":{"start":{"line":194,"column":6},"end":{"line":194,"column":32}},"46":{"start":{"line":197,"column":6},"end":{"line":197,"column":34}},"47":{"start":{"line":200,"column":6},"end":{"line":200,"column":35}},"48":{"start":{"line":213,"column":6},"end":{"line":213,"column":36}},"49":{"start":{"line":214,"column":6},"end":{"line":214,"column":32}},"50":{"start":{"line":217,"column":6},"end":{"line":217,"column":38}},"51":{"start":{"line":241,"column":6},"end":{"line":241,"column":41}},"52":{"start":{"line":242,"column":6},"end":{"line":242,"column":37}},"53":{"start":{"line":245,"column":6},"end":{"line":245,"column":38}},"54":{"start":{"line":249,"column":6},"end":{"line":249,"column":41}},"55":{"start":{"line":253,"column":6},"end":{"line":253,"column":39}},"56":{"start":{"line":256,"column":6},"end":{"line":256,"column":39}},"57":{"start":{"line":259,"column":6},"end":{"line":259,"column":39}},"58":{"start":{"line":263,"column":6},"end":{"line":263,"column":37}},"59":{"start":{"line":266,"column":6},"end":{"line":266,"column":37}},"60":{"start":{"line":269,"column":6},"end":{"line":269,"column":37}},"61":{"start":{"line":272,"column":6},"end":{"line":272,"column":37}},"62":{"start":{"line":276,"column":6},"end":{"line":276,"column":39}},"63":{"start":{"line":279,"column":6},"end":{"line":279,"column":33}},"64":{"start":{"line":282,"column":6},"end":{"line":282,"column":37}},"65":{"start":{"line":285,"column":6},"end":{"line":285,"column":38}},"66":{"start":{"line":288,"column":6},"end":{"line":288,"column":38}},"67":{"start":{"line":291,"column":6},"end":{"line":291,"column":38}},"68":{"start":{"line":294,"column":6},"end":{"line":294,"column":38}},"69":{"start":{"line":298,"column":6},"end":{"line":298,"column":39}},"70":{"start":{"line":302,"column":6},"end":{"line":302,"column":41}},"71":{"start":{"line":305,"column":6},"end":{"line":305,"column":40}},"72":{"start":{"line":308,"column":6},"end":{"line":308,"column":39}},"73":{"start":{"line":311,"column":6},"end":{"line":311,"column":39}},"74":{"start":{"line":315,"column":4},"end":{"line":317,"column":7}},"75":{"start":{"line":316,"column":6},"end":{"line":316,"column":27}},"76":{"start":{"line":318,"column":4},"end":{"line":411,"column":7}},"77":{"start":{"line":319,"column":6},"end":{"line":410,"column":7}},"78":{"start":{"line":320,"column":8},"end":{"line":320,"column":32}},"79":{"start":{"line":321,"column":8},"end":{"line":321,"column":40}},"80":{"start":{"line":322,"column":8},"end":{"line":322,"column":44}},"81":{"start":{"line":324,"column":8},"end":{"line":324,"column":32}},"82":{"start":{"line":325,"column":8},"end":{"line":325,"column":46}},"83":{"start":{"line":327,"column":8},"end":{"line":333,"column":9}},"84":{"start":{"line":328,"column":10},"end":{"line":328,"column":32}},"85":{"start":{"line":329,"column":15},"end":{"line":333,"column":9}},"86":{"start":{"line":330,"column":10},"end":{"line":330,"column":34}},"87":{"start":{"line":332,"column":10},"end":{"line":332,"column":33}},"88":{"start":{"line":335,"column":8},"end":{"line":335,"column":52}},"89":{"start":{"line":338,"column":8},"end":{"line":356,"column":9}},"90":{"start":{"line":340,"column":12},"end":{"line":340,"column":43}},"91":{"start":{"line":341,"column":12},"end":{"line":341,"column":18}},"92":{"start":{"line":343,"column":12},"end":{"line":343,"column":38}},"93":{"start":{"line":344,"column":12},"end":{"line":344,"column":18}},"94":{"start":{"line":346,"column":12},"end":{"line":346,"column":42}},"95":{"start":{"line":347,"column":12},"end":{"line":347,"column":18}},"96":{"start":{"line":349,"column":12},"end":{"line":349,"column":43}},"97":{"start":{"line":350,"column":12},"end":{"line":350,"column":18}},"98":{"start":{"line":352,"column":12},"end":{"line":352,"column":44}},"99":{"start":{"line":353,"column":12},"end":{"line":353,"column":18}},"100":{"start":{"line":355,"column":12},"end":{"line":355,"column":40}},"101":{"start":{"line":358,"column":8},"end":{"line":358,"column":52}},"102":{"start":{"line":360,"column":8},"end":{"line":360,"column":56}},"103":{"start":{"line":361,"column":8},"end":{"line":361,"column":56}},"104":{"start":{"line":362,"column":8},"end":{"line":362,"column":56}},"105":{"start":{"line":364,"column":8},"end":{"line":364,"column":50}},"106":{"start":{"line":365,"column":8},"end":{"line":365,"column":50}},"107":{"start":{"line":366,"column":8},"end":{"line":366,"column":50}},"108":{"start":{"line":368,"column":8},"end":{"line":368,"column":54}},"109":{"start":{"line":369,"column":8},"end":{"line":369,"column":42}},"110":{"start":{"line":370,"column":8},"end":{"line":370,"column":52}},"111":{"start":{"line":372,"column":8},"end":{"line":400,"column":9}},"112":{"start":{"line":373,"column":10},"end":{"line":378,"column":11}},"113":{"start":{"line":374,"column":12},"end":{"line":376,"column":33}},"114":{"start":{"line":380,"column":10},"end":{"line":385,"column":11}},"115":{"start":{"line":381,"column":12},"end":{"line":383,"column":33}},"116":{"start":{"line":387,"column":10},"end":{"line":392,"column":11}},"117":{"start":{"line":388,"column":12},"end":{"line":390,"column":33}},"118":{"start":{"line":394,"column":10},"end":{"line":399,"column":11}},"119":{"start":{"line":395,"column":12},"end":{"line":397,"column":33}},"120":{"start":{"line":402,"column":8},"end":{"line":402,"column":58}},"121":{"start":{"line":403,"column":8},"end":{"line":403,"column":56}},"122":{"start":{"line":404,"column":8},"end":{"line":404,"column":54}},"123":{"start":{"line":405,"column":8},"end":{"line":405,"column":54}},"124":{"start":{"line":407,"column":8},"end":{"line":407,"column":30}},"125":{"start":{"line":409,"column":8},"end":{"line":409,"column":33}},"126":{"start":{"line":413,"column":4},"end":{"line":416,"column":7}},"127":{"start":{"line":414,"column":6},"end":{"line":414,"column":28}},"128":{"start":{"line":415,"column":6},"end":{"line":415,"column":31}},"129":{"start":{"line":451,"column":4},"end":{"line":451,"column":25}}},"fnMap":{"0":{"name":"(anonymous_0)","decl":{"start":{"line":9,"column":26},"end":{"line":9,"column":27}},"loc":{"start":{"line":9,"column":42},"end":{"line":20,"column":1}},"line":9},"1":{"name":"(anonymous_1)","decl":{"start":{"line":14,"column":10},"end":{"line":14,"column":11}},"loc":{"start":{"line":14,"column":30},"end":{"line":16,"column":5}},"line":14},"2":{"name":"(anonymous_2)","decl":{"start":{"line":17,"column":11},"end":{"line":17,"column":12}},"loc":{"start":{"line":17,"column":28},"end":{"line":19,"column":5}},"line":17},"3":{"name":"(anonymous_3)","decl":{"start":{"line":24,"column":2},"end":{"line":24,"column":3}},"loc":{"start":{"line":24,"column":16},"end":{"line":30,"column":3}},"line":24},"4":{"name":"(anonymous_4)","decl":{"start":{"line":35,"column":2},"end":{"line":35,"column":3}},"loc":{"start":{"line":35,"column":18},"end":{"line":48,"column":3}},"line":35},"5":{"name":"(anonymous_5)","decl":{"start":{"line":42,"column":12},"end":{"line":42,"column":13}},"loc":{"start":{"line":42,"column":32},"end":{"line":44,"column":7}},"line":42},"6":{"name":"(anonymous_6)","decl":{"start":{"line":45,"column":13},"end":{"line":45,"column":14}},"loc":{"start":{"line":45,"column":30},"end":{"line":47,"column":7}},"line":45},"7":{"name":"(anonymous_7)","decl":{"start":{"line":51,"column":30},"end":{"line":51,"column":31}},"loc":{"start":{"line":51,"column":46},"end":{"line":75,"column":1}},"line":51},"8":{"name":"(anonymous_8)","decl":{"start":{"line":69,"column":10},"end":{"line":69,"column":11}},"loc":{"start":{"line":69,"column":30},"end":{"line":71,"column":5}},"line":69},"9":{"name":"(anonymous_9)","decl":{"start":{"line":72,"column":11},"end":{"line":72,"column":12}},"loc":{"start":{"line":72,"column":28},"end":{"line":74,"column":5}},"line":72},"10":{"name":"(anonymous_10)","decl":{"start":{"line":77,"column":30},"end":{"line":77,"column":31}},"loc":{"start":{"line":77,"column":46},"end":{"line":101,"column":1}},"line":77},"11":{"name":"(anonymous_11)","decl":{"start":{"line":95,"column":10},"end":{"line":95,"column":11}},"loc":{"start":{"line":95,"column":30},"end":{"line":97,"column":5}},"line":95},"12":{"name":"(anonymous_12)","decl":{"start":{"line":98,"column":11},"end":{"line":98,"column":12}},"loc":{"start":{"line":98,"column":28},"end":{"line":100,"column":5}},"line":98},"13":{"name":"(anonymous_13)","decl":{"start":{"line":103,"column":28},"end":{"line":103,"column":29}},"loc":{"start":{"line":103,"column":40},"end":{"line":123,"column":1}},"line":103},"14":{"name":"(anonymous_14)","decl":{"start":{"line":126,"column":27},"end":{"line":126,"column":28}},"loc":{"start":{"line":126,"column":44},"end":{"line":148,"column":1}},"line":126},"15":{"name":"(anonymous_15)","decl":{"start":{"line":142,"column":11},"end":{"line":142,"column":12}},"loc":{"start":{"line":142,"column":22},"end":{"line":142,"column":40}},"line":142},"16":{"name":"(anonymous_16)","decl":{"start":{"line":193,"column":4},"end":{"line":193,"column":5}},"loc":{"start":{"line":193,"column":25},"end":{"line":195,"column":5}},"line":193},"17":{"name":"(anonymous_17)","decl":{"start":{"line":196,"column":4},"end":{"line":196,"column":5}},"loc":{"start":{"line":196,"column":27},"end":{"line":198,"column":5}},"line":196},"18":{"name":"(anonymous_18)","decl":{"start":{"line":199,"column":4},"end":{"line":199,"column":5}},"loc":{"start":{"line":199,"column":28},"end":{"line":201,"column":5}},"line":199},"19":{"name":"(anonymous_19)","decl":{"start":{"line":202,"column":4},"end":{"line":202,"column":5}},"loc":{"start":{"line":202,"column":29},"end":{"line":215,"column":5}},"line":202},"20":{"name":"(anonymous_20)","decl":{"start":{"line":216,"column":4},"end":{"line":216,"column":5}},"loc":{"start":{"line":216,"column":31},"end":{"line":218,"column":5}},"line":216},"21":{"name":"(anonymous_21)","decl":{"start":{"line":219,"column":4},"end":{"line":219,"column":5}},"loc":{"start":{"line":219,"column":34},"end":{"line":243,"column":5}},"line":219},"22":{"name":"(anonymous_22)","decl":{"start":{"line":244,"column":4},"end":{"line":244,"column":5}},"loc":{"start":{"line":244,"column":31},"end":{"line":246,"column":5}},"line":244},"23":{"name":"(anonymous_23)","decl":{"start":{"line":248,"column":4},"end":{"line":248,"column":5}},"loc":{"start":{"line":248,"column":34},"end":{"line":250,"column":5}},"line":248},"24":{"name":"(anonymous_24)","decl":{"start":{"line":252,"column":4},"end":{"line":252,"column":5}},"loc":{"start":{"line":252,"column":32},"end":{"line":254,"column":5}},"line":252},"25":{"name":"(anonymous_25)","decl":{"start":{"line":255,"column":4},"end":{"line":255,"column":5}},"loc":{"start":{"line":255,"column":32},"end":{"line":257,"column":5}},"line":255},"26":{"name":"(anonymous_26)","decl":{"start":{"line":258,"column":4},"end":{"line":258,"column":5}},"loc":{"start":{"line":258,"column":32},"end":{"line":260,"column":5}},"line":258},"27":{"name":"(anonymous_27)","decl":{"start":{"line":262,"column":4},"end":{"line":262,"column":5}},"loc":{"start":{"line":262,"column":30},"end":{"line":264,"column":5}},"line":262},"28":{"name":"(anonymous_28)","decl":{"start":{"line":265,"column":4},"end":{"line":265,"column":5}},"loc":{"start":{"line":265,"column":30},"end":{"line":267,"column":5}},"line":265},"29":{"name":"(anonymous_29)","decl":{"start":{"line":268,"column":4},"end":{"line":268,"column":5}},"loc":{"start":{"line":268,"column":30},"end":{"line":270,"column":5}},"line":268},"30":{"name":"(anonymous_30)","decl":{"start":{"line":271,"column":4},"end":{"line":271,"column":5}},"loc":{"start":{"line":271,"column":30},"end":{"line":273,"column":5}},"line":271},"31":{"name":"(anonymous_31)","decl":{"start":{"line":275,"column":4},"end":{"line":275,"column":5}},"loc":{"start":{"line":275,"column":32},"end":{"line":277,"column":5}},"line":275},"32":{"name":"(anonymous_32)","decl":{"start":{"line":278,"column":4},"end":{"line":278,"column":5}},"loc":{"start":{"line":278,"column":26},"end":{"line":280,"column":5}},"line":278},"33":{"name":"(anonymous_33)","decl":{"start":{"line":281,"column":4},"end":{"line":281,"column":5}},"loc":{"start":{"line":281,"column":30},"end":{"line":283,"column":5}},"line":281},"34":{"name":"(anonymous_34)","decl":{"start":{"line":284,"column":4},"end":{"line":284,"column":5}},"loc":{"start":{"line":284,"column":31},"end":{"line":286,"column":5}},"line":284},"35":{"name":"(anonymous_35)","decl":{"start":{"line":287,"column":4},"end":{"line":287,"column":5}},"loc":{"start":{"line":287,"column":31},"end":{"line":289,"column":5}},"line":287},"36":{"name":"(anonymous_36)","decl":{"start":{"line":290,"column":4},"end":{"line":290,"column":5}},"loc":{"start":{"line":290,"column":31},"end":{"line":292,"column":5}},"line":290},"37":{"name":"(anonymous_37)","decl":{"start":{"line":293,"column":4},"end":{"line":293,"column":5}},"loc":{"start":{"line":293,"column":31},"end":{"line":295,"column":5}},"line":293},"38":{"name":"(anonymous_38)","decl":{"start":{"line":297,"column":4},"end":{"line":297,"column":5}},"loc":{"start":{"line":297,"column":32},"end":{"line":299,"column":5}},"line":297},"39":{"name":"(anonymous_39)","decl":{"start":{"line":301,"column":4},"end":{"line":301,"column":5}},"loc":{"start":{"line":301,"column":34},"end":{"line":303,"column":5}},"line":301},"40":{"name":"(anonymous_40)","decl":{"start":{"line":304,"column":4},"end":{"line":304,"column":5}},"loc":{"start":{"line":304,"column":33},"end":{"line":306,"column":5}},"line":304},"41":{"name":"(anonymous_41)","decl":{"start":{"line":307,"column":4},"end":{"line":307,"column":5}},"loc":{"start":{"line":307,"column":32},"end":{"line":309,"column":5}},"line":307},"42":{"name":"(anonymous_42)","decl":{"start":{"line":310,"column":4},"end":{"line":310,"column":5}},"loc":{"start":{"line":310,"column":32},"end":{"line":312,"column":5}},"line":310},"43":{"name":"(anonymous_43)","decl":{"start":{"line":314,"column":17},"end":{"line":314,"column":18}},"loc":{"start":{"line":314,"column":30},"end":{"line":417,"column":3}},"line":314},"44":{"name":"(anonymous_44)","decl":{"start":{"line":315,"column":43},"end":{"line":315,"column":44}},"loc":{"start":{"line":315,"column":54},"end":{"line":317,"column":5}},"line":315},"45":{"name":"(anonymous_45)","decl":{"start":{"line":318,"column":45},"end":{"line":318,"column":46}},"loc":{"start":{"line":318,"column":64},"end":{"line":411,"column":5}},"line":318},"46":{"name":"(anonymous_46)","decl":{"start":{"line":413,"column":44},"end":{"line":413,"column":45}},"loc":{"start":{"line":413,"column":55},"end":{"line":416,"column":5}},"line":413}},"branchMap":{"0":{"loc":{"start":{"line":127,"column":2},"end":{"line":131,"column":3}},"type":"if","locations":[{"start":{"line":127,"column":2},"end":{"line":131,"column":3}},{"start":{},"end":{}}],"line":127},"1":{"loc":{"start":{"line":319,"column":6},"end":{"line":410,"column":7}},"type":"if","locations":[{"start":{"line":319,"column":6},"end":{"line":410,"column":7}},{"start":{"line":408,"column":13},"end":{"line":410,"column":7}}],"line":319},"2":{"loc":{"start":{"line":327,"column":8},"end":{"line":333,"column":9}},"type":"if","locations":[{"start":{"line":327,"column":8},"end":{"line":333,"column":9}},{"start":{"line":329,"column":15},"end":{"line":333,"column":9}}],"line":327},"3":{"loc":{"start":{"line":329,"column":15},"end":{"line":333,"column":9}},"type":"if","locations":[{"start":{"line":329,"column":15},"end":{"line":333,"column":9}},{"start":{"line":331,"column":15},"end":{"line":333,"column":9}}],"line":329},"4":{"loc":{"start":{"line":338,"column":8},"end":{"line":356,"column":9}},"type":"switch","locations":[{"start":{"line":339,"column":10},"end":{"line":341,"column":18}},{"start":{"line":342,"column":10},"end":{"line":344,"column":18}},{"start":{"line":345,"column":10},"end":{"line":347,"column":18}},{"start":{"line":348,"column":10},"end":{"line":350,"column":18}},{"start":{"line":351,"column":10},"end":{"line":353,"column":18}},{"start":{"line":354,"column":10},"end":{"line":355,"column":40}}],"line":338},"5":{"loc":{"start":{"line":372,"column":8},"end":{"line":400,"column":9}},"type":"if","locations":[{"start":{"line":372,"column":8},"end":{"line":400,"column":9}},{"start":{},"end":{}}],"line":372},"6":{"loc":{"start":{"line":373,"column":10},"end":{"line":378,"column":11}},"type":"if","locations":[{"start":{"line":373,"column":10},"end":{"line":378,"column":11}},{"start":{},"end":{}}],"line":373},"7":{"loc":{"start":{"line":380,"column":10},"end":{"line":385,"column":11}},"type":"if","locations":[{"start":{"line":380,"column":10},"end":{"line":385,"column":11}},{"start":{},"end":{}}],"line":380},"8":{"loc":{"start":{"line":387,"column":10},"end":{"line":392,"column":11}},"type":"if","locations":[{"start":{"line":387,"column":10},"end":{"line":392,"column":11}},{"start":{},"end":{}}],"line":387},"9":{"loc":{"start":{"line":394,"column":10},"end":{"line":399,"column":11}},"type":"if","locations":[{"start":{"line":394,"column":10},"end":{"line":399,"column":11}},{"start":{},"end":{}}],"line":394}},"s":{"0":3,"1":0,"2":0,"3":0,"4":0,"5":0,"6":3,"7":0,"8":0,"9":3,"10":0,"11":0,"12":0,"13":3,"14":0,"15":0,"16":0,"17":0,"18":3,"19":0,"20":0,"21":0,"22":0,"23":3,"24":3,"25":0,"26":0,"27":0,"28":0,"29":0,"30":0,"31":3,"32":3,"33":0,"34":0,"35":0,"36":0,"37":0,"38":0,"39":0,"40":0,"41":0,"42":0,"43":0,"44":3,"45":0,"46":29,"47":0,"48":0,"49":0,"50":0,"51":0,"52":0,"53":0,"54":0,"55":0,"56":0,"57":0,"58":0,"59":0,"60":0,"61":0,"62":0,"63":29,"64":0,"65":0,"66":0,"67":0,"68":0,"69":0,"70":0,"71":0,"72":0,"73":0,"74":2,"75":0,"76":2,"77":0,"78":0,"79":0,"80":0,"81":0,"82":0,"83":0,"84":0,"85":0,"86":0,"87":0,"88":0,"89":0,"90":0,"91":0,"92":0,"93":0,"94":0,"95":0,"96":0,"97":0,"98":0,"99":0,"100":0,"101":0,"102":0,"103":0,"104":0,"105":0,"106":0,"107":0,"108":0,"109":0,"110":0,"111":0,"112":0,"113":0,"114":0,"115":0,"116":0,"117":0,"118":0,"119":0,"120":0,"121":0,"122":0,"123":0,"124":0,"125":0,"126":2,"127":0,"128":0,"129":3},"f":{"0":0,"1":0,"2":0,"3":0,"4":0,"5":0,"6":0,"7":0,"8":0,"9":0,"10":0,"11":0,"12":0,"13":3,"14":0,"15":0,"16":0,"17":29,"18":0,"19":0,"20":0,"21":0,"22":0,"23":0,"24":0,"25":0,"26":0,"27":0,"28":0,"29":0,"30":0,"31":0,"32":29,"33":0,"34":0,"35":0,"36":0,"37":0,"38":0,"39":0,"40":0,"41":0,"42":0,"43":2,"44":0,"45":0,"46":0},"b":{"0":[0,0],"1":[0,0],"2":[0,0],"3":[0,0],"4":[0,0,0,0,0,0],"5":[0,0],"6":[0,0],"7":[0,0],"8":[0,0],"9":[0,0]},"_coverageSchema":"1a1c01bbd47fc00a2c39e90264f33305004495a9","hash":"2a1d5c93bea4bf31f9138d30e30d1d50afcc5132"}
,"C:\\Users\\amaan\\Desktop\\Spotify-Match\\redux\\store.js": {"path":"C:\\Users\\amaan\\Desktop\\Spotify-Match\\redux\\store.js","statementMap":{"0":{"start":{"line":43,"column":21},"end":{"line":87,"column":2}}},"fnMap":{},"branchMap":{},"s":{"0":2},"f":{},"b":{},"_coverageSchema":"1a1c01bbd47fc00a2c39e90264f33305004495a9","hash":"07b076425085b16809b7afe7f58547ab654f0426"}
,"C:\\Users\\amaan\\Desktop\\Spotify-Match\\screens\\AddImagesScreen.js": {"path":"C:\\Users\\amaan\\Desktop\\Spotify-Match\\screens\\AddImagesScreen.js","statementMap":{"0":{"start":{"line":45,"column":19},"end":{"line":45,"column":32}},"1":{"start":{"line":75,"column":6},"end":{"line":75,"column":38}},"2":{"start":{"line":75,"column":29},"end":{"line":75,"column":37}},"3":{"start":{"line":77,"column":21},"end":{"line":77,"column":36}},"4":{"start":{"line":78,"column":30},"end":{"line":78,"column":44}},"5":{"start":{"line":79,"column":30},"end":{"line":79,"column":44}},"6":{"start":{"line":80,"column":30},"end":{"line":80,"column":44}},"7":{"start":{"line":81,"column":30},"end":{"line":81,"column":44}},"8":{"start":{"line":83,"column":21},"end":{"line":109,"column":3}},"9":{"start":{"line":85,"column":17},"end":{"line":94,"column":6}},"10":{"start":{"line":96,"column":4},"end":{"line":108,"column":5}},"11":{"start":{"line":97,"column":6},"end":{"line":97,"column":38}},"12":{"start":{"line":98,"column":6},"end":{"line":98,"column":53}},"13":{"start":{"line":100,"column":6},"end":{"line":100,"column":38}},"14":{"start":{"line":101,"column":6},"end":{"line":101,"column":53}},"15":{"start":{"line":103,"column":6},"end":{"line":103,"column":38}},"16":{"start":{"line":104,"column":6},"end":{"line":104,"column":53}},"17":{"start":{"line":106,"column":6},"end":{"line":106,"column":38}},"18":{"start":{"line":107,"column":6},"end":{"line":107,"column":53}},"19":{"start":{"line":111,"column":22},"end":{"line":144,"column":3}},"20":{"start":{"line":112,"column":17},"end":{"line":118,"column":6}},"21":{"start":{"line":120,"column":4},"end":{"line":120,"column":24}},"22":{"start":{"line":122,"column":4},"end":{"line":143,"column":5}},"23":{"start":{"line":123,"column":6},"end":{"line":127,"column":7}},"24":{"start":{"line":124,"column":8},"end":{"line":124,"column":40}},"25":{"start":{"line":125,"column":8},"end":{"line":125,"column":55}},"26":{"start":{"line":126,"column":8},"end":{"line":126,"column":30}},"27":{"start":{"line":128,"column":6},"end":{"line":132,"column":7}},"28":{"start":{"line":129,"column":8},"end":{"line":129,"column":40}},"29":{"start":{"line":130,"column":8},"end":{"line":130,"column":55}},"30":{"start":{"line":131,"column":8},"end":{"line":131,"column":31}},"31":{"start":{"line":133,"column":6},"end":{"line":137,"column":7}},"32":{"start":{"line":134,"column":8},"end":{"line":134,"column":40}},"33":{"start":{"line":135,"column":8},"end":{"line":135,"column":55}},"34":{"start":{"line":136,"column":8},"end":{"line":136,"column":31}},"35":{"start":{"line":138,"column":6},"end":{"line":142,"column":7}},"36":{"start":{"line":139,"column":8},"end":{"line":139,"column":40}},"37":{"start":{"line":140,"column":8},"end":{"line":140,"column":55}},"38":{"start":{"line":141,"column":8},"end":{"line":141,"column":31}},"39":{"start":{"line":146,"column":19},"end":{"line":290,"column":3}},"40":{"start":{"line":147,"column":4},"end":{"line":164,"column":7}},"41":{"start":{"line":165,"column":4},"end":{"line":289,"column":5}},"42":{"start":{"line":185,"column":6},"end":{"line":185,"column":35}},"43":{"start":{"line":187,"column":23},"end":{"line":187,"column":25}},"44":{"start":{"line":188,"column":6},"end":{"line":198,"column":7}},"45":{"start":{"line":190,"column":10},"end":{"line":190,"column":27}},"46":{"start":{"line":191,"column":10},"end":{"line":191,"column":16}},"47":{"start":{"line":193,"column":10},"end":{"line":193,"column":27}},"48":{"start":{"line":194,"column":10},"end":{"line":194,"column":16}},"49":{"start":{"line":196,"column":10},"end":{"line":196,"column":27}},"50":{"start":{"line":197,"column":10},"end":{"line":197,"column":16}},"51":{"start":{"line":200,"column":28},"end":{"line":200,"column":30}},"52":{"start":{"line":201,"column":6},"end":{"line":220,"column":7}},"53":{"start":{"line":203,"column":10},"end":{"line":203,"column":32}},"54":{"start":{"line":204,"column":10},"end":{"line":204,"column":16}},"55":{"start":{"line":206,"column":10},"end":{"line":206,"column":32}},"56":{"start":{"line":207,"column":10},"end":{"line":207,"column":16}},"57":{"start":{"line":209,"column":10},"end":{"line":209,"column":32}},"58":{"start":{"line":210,"column":10},"end":{"line":210,"column":16}},"59":{"start":{"line":212,"column":10},"end":{"line":212,"column":32}},"60":{"start":{"line":213,"column":10},"end":{"line":213,"column":16}},"61":{"start":{"line":215,"column":10},"end":{"line":215,"column":32}},"62":{"start":{"line":216,"column":10},"end":{"line":216,"column":16}},"63":{"start":{"line":218,"column":10},"end":{"line":218,"column":32}},"64":{"start":{"line":219,"column":10},"end":{"line":219,"column":16}},"65":{"start":{"line":225,"column":6},"end":{"line":242,"column":9}},"66":{"start":{"line":245,"column":6},"end":{"line":250,"column":52}},"67":{"start":{"line":250,"column":27},"end":{"line":250,"column":48}},"68":{"start":{"line":253,"column":6},"end":{"line":258,"column":52}},"69":{"start":{"line":258,"column":27},"end":{"line":258,"column":48}},"70":{"start":{"line":260,"column":6},"end":{"line":265,"column":52}},"71":{"start":{"line":265,"column":27},"end":{"line":265,"column":48}},"72":{"start":{"line":267,"column":6},"end":{"line":267,"column":31}},"73":{"start":{"line":268,"column":6},"end":{"line":274,"column":53}},"74":{"start":{"line":273,"column":8},"end":{"line":273,"column":30}},"75":{"start":{"line":274,"column":28},"end":{"line":274,"column":49}},"76":{"start":{"line":276,"column":6},"end":{"line":276,"column":47}},"77":{"start":{"line":278,"column":6},"end":{"line":284,"column":9}},"78":{"start":{"line":285,"column":6},"end":{"line":285,"column":34}},"79":{"start":{"line":286,"column":6},"end":{"line":286,"column":34}},"80":{"start":{"line":288,"column":6},"end":{"line":288,"column":43}},"81":{"start":{"line":293,"column":2},"end":{"line":382,"column":4}},"82":{"start":{"line":302,"column":23},"end":{"line":302,"column":68}},"83":{"start":{"line":332,"column":14},"end":{"line":332,"column":29}},"84":{"start":{"line":340,"column":14},"end":{"line":340,"column":29}},"85":{"start":{"line":350,"column":14},"end":{"line":350,"column":29}},"86":{"start":{"line":358,"column":14},"end":{"line":358,"column":29}},"87":{"start":{"line":376,"column":10},"end":{"line":376,"column":21}},"88":{"start":{"line":385,"column":15},"end":{"line":457,"column":2}}},"fnMap":{"0":{"name":"Add_images","decl":{"start":{"line":44,"column":24},"end":{"line":44,"column":34}},"loc":{"start":{"line":44,"column":37},"end":{"line":383,"column":1}},"line":44},"1":{"name":"(anonymous_1)","decl":{"start":{"line":75,"column":18},"end":{"line":75,"column":19}},"loc":{"start":{"line":75,"column":29},"end":{"line":75,"column":37}},"line":75},"2":{"name":"(anonymous_2)","decl":{"start":{"line":83,"column":21},"end":{"line":83,"column":22}},"loc":{"start":{"line":83,"column":33},"end":{"line":109,"column":3}},"line":83},"3":{"name":"(anonymous_3)","decl":{"start":{"line":111,"column":22},"end":{"line":111,"column":23}},"loc":{"start":{"line":111,"column":39},"end":{"line":144,"column":3}},"line":111},"4":{"name":"(anonymous_4)","decl":{"start":{"line":146,"column":19},"end":{"line":146,"column":20}},"loc":{"start":{"line":146,"column":31},"end":{"line":290,"column":3}},"line":146},"5":{"name":"(anonymous_5)","decl":{"start":{"line":250,"column":14},"end":{"line":250,"column":15}},"loc":{"start":{"line":250,"column":25},"end":{"line":250,"column":50}},"line":250},"6":{"name":"(anonymous_6)","decl":{"start":{"line":258,"column":14},"end":{"line":258,"column":15}},"loc":{"start":{"line":258,"column":25},"end":{"line":258,"column":50}},"line":258},"7":{"name":"(anonymous_7)","decl":{"start":{"line":265,"column":14},"end":{"line":265,"column":15}},"loc":{"start":{"line":265,"column":25},"end":{"line":265,"column":50}},"line":265},"8":{"name":"(anonymous_8)","decl":{"start":{"line":272,"column":13},"end":{"line":272,"column":14}},"loc":{"start":{"line":272,"column":27},"end":{"line":274,"column":7}},"line":272},"9":{"name":"(anonymous_9)","decl":{"start":{"line":274,"column":15},"end":{"line":274,"column":16}},"loc":{"start":{"line":274,"column":26},"end":{"line":274,"column":51}},"line":274},"10":{"name":"(anonymous_10)","decl":{"start":{"line":302,"column":17},"end":{"line":302,"column":18}},"loc":{"start":{"line":302,"column":23},"end":{"line":302,"column":68}},"line":302},"11":{"name":"(anonymous_11)","decl":{"start":{"line":331,"column":21},"end":{"line":331,"column":22}},"loc":{"start":{"line":331,"column":27},"end":{"line":333,"column":13}},"line":331},"12":{"name":"(anonymous_12)","decl":{"start":{"line":339,"column":21},"end":{"line":339,"column":22}},"loc":{"start":{"line":339,"column":27},"end":{"line":341,"column":13}},"line":339},"13":{"name":"(anonymous_13)","decl":{"start":{"line":349,"column":21},"end":{"line":349,"column":22}},"loc":{"start":{"line":349,"column":27},"end":{"line":351,"column":13}},"line":349},"14":{"name":"(anonymous_14)","decl":{"start":{"line":357,"column":21},"end":{"line":357,"column":22}},"loc":{"start":{"line":357,"column":27},"end":{"line":359,"column":13}},"line":357},"15":{"name":"(anonymous_15)","decl":{"start":{"line":375,"column":17},"end":{"line":375,"column":18}},"loc":{"start":{"line":375,"column":23},"end":{"line":377,"column":9}},"line":375}},"branchMap":{"0":{"loc":{"start":{"line":96,"column":4},"end":{"line":108,"column":5}},"type":"if","locations":[{"start":{"line":96,"column":4},"end":{"line":108,"column":5}},{"start":{},"end":{}}],"line":96},"1":{"loc":{"start":{"line":122,"column":4},"end":{"line":143,"column":5}},"type":"if","locations":[{"start":{"line":122,"column":4},"end":{"line":143,"column":5}},{"start":{},"end":{}}],"line":122},"2":{"loc":{"start":{"line":123,"column":6},"end":{"line":127,"column":7}},"type":"if","locations":[{"start":{"line":123,"column":6},"end":{"line":127,"column":7}},{"start":{},"end":{}}],"line":123},"3":{"loc":{"start":{"line":128,"column":6},"end":{"line":132,"column":7}},"type":"if","locations":[{"start":{"line":128,"column":6},"end":{"line":132,"column":7}},{"start":{},"end":{}}],"line":128},"4":{"loc":{"start":{"line":133,"column":6},"end":{"line":137,"column":7}},"type":"if","locations":[{"start":{"line":133,"column":6},"end":{"line":137,"column":7}},{"start":{},"end":{}}],"line":133},"5":{"loc":{"start":{"line":138,"column":6},"end":{"line":142,"column":7}},"type":"if","locations":[{"start":{"line":138,"column":6},"end":{"line":142,"column":7}},{"start":{},"end":{}}],"line":138},"6":{"loc":{"start":{"line":165,"column":4},"end":{"line":289,"column":5}},"type":"if","locations":[{"start":{"line":165,"column":4},"end":{"line":289,"column":5}},{"start":{"line":287,"column":11},"end":{"line":289,"column":5}}],"line":165},"7":{"loc":{"start":{"line":166,"column":6},"end":{"line":183,"column":12}},"type":"binary-expr","locations":[{"start":{"line":166,"column":6},"end":{"line":166,"column":18}},{"start":{"line":167,"column":6},"end":{"line":167,"column":23}},{"start":{"line":168,"column":6},"end":{"line":168,"column":20}},{"start":{"line":169,"column":6},"end":{"line":169,"column":25}},{"start":{"line":170,"column":6},"end":{"line":170,"column":14}},{"start":{"line":171,"column":6},"end":{"line":171,"column":14}},{"start":{"line":172,"column":6},"end":{"line":172,"column":9}},{"start":{"line":173,"column":6},"end":{"line":173,"column":23}},{"start":{"line":174,"column":6},"end":{"line":174,"column":23}},{"start":{"line":175,"column":6},"end":{"line":175,"column":23}},{"start":{"line":176,"column":6},"end":{"line":176,"column":13}},{"start":{"line":177,"column":6},"end":{"line":177,"column":13}},{"start":{"line":178,"column":6},"end":{"line":178,"column":13}},{"start":{"line":179,"column":6},"end":{"line":179,"column":13}},{"start":{"line":180,"column":6},"end":{"line":180,"column":12}},{"start":{"line":181,"column":6},"end":{"line":181,"column":12}},{"start":{"line":182,"column":6},"end":{"line":182,"column":12}},{"start":{"line":183,"column":6},"end":{"line":183,"column":12}}],"line":166},"8":{"loc":{"start":{"line":188,"column":6},"end":{"line":198,"column":7}},"type":"switch","locations":[{"start":{"line":189,"column":8},"end":{"line":191,"column":16}},{"start":{"line":192,"column":8},"end":{"line":194,"column":16}},{"start":{"line":195,"column":8},"end":{"line":197,"column":16}}],"line":188},"9":{"loc":{"start":{"line":201,"column":6},"end":{"line":220,"column":7}},"type":"switch","locations":[{"start":{"line":202,"column":8},"end":{"line":204,"column":16}},{"start":{"line":205,"column":8},"end":{"line":207,"column":16}},{"start":{"line":208,"column":8},"end":{"line":210,"column":16}},{"start":{"line":211,"column":8},"end":{"line":213,"column":16}},{"start":{"line":214,"column":8},"end":{"line":216,"column":16}},{"start":{"line":217,"column":8},"end":{"line":219,"column":16}}],"line":201}},"s":{"0":0,"1":0,"2":0,"3":0,"4":0,"5":0,"6":0,"7":0,"8":0,"9":0,"10":0,"11":0,"12":0,"13":0,"14":0,"15":0,"16":0,"17":0,"18":0,"19":0,"20":0,"21":0,"22":0,"23":0,"24":0,"25":0,"26":0,"27":0,"28":0,"29":0,"30":0,"31":0,"32":0,"33":0,"34":0,"35":0,"36":0,"37":0,"38":0,"39":0,"40":0,"41":0,"42":0,"43":0,"44":0,"45":0,"46":0,"47":0,"48":0,"49":0,"50":0,"51":0,"52":0,"53":0,"54":0,"55":0,"56":0,"57":0,"58":0,"59":0,"60":0,"61":0,"62":0,"63":0,"64":0,"65":0,"66":0,"67":0,"68":0,"69":0,"70":0,"71":0,"72":0,"73":0,"74":0,"75":0,"76":0,"77":0,"78":0,"79":0,"80":0,"81":0,"82":0,"83":0,"84":0,"85":0,"86":0,"87":0,"88":1},"f":{"0":0,"1":0,"2":0,"3":0,"4":0,"5":0,"6":0,"7":0,"8":0,"9":0,"10":0,"11":0,"12":0,"13":0,"14":0,"15":0},"b":{"0":[0,0],"1":[0,0],"2":[0,0],"3":[0,0],"4":[0,0],"5":[0,0],"6":[0,0],"7":[0,0,0,0,0,0,0,0,0,0,0,0,0,0,0,0,0,0],"8":[0,0,0],"9":[0,0,0,0,0,0]},"_coverageSchema":"1a1c01bbd47fc00a2c39e90264f33305004495a9","hash":"32424ef1b60766793dbea542e124c68960fe961f"}
,"C:\\Users\\amaan\\Desktop\\Spotify-Match\\screens\\HomeScreen.js": {"path":"C:\\Users\\amaan\\Desktop\\Spotify-Match\\screens\\HomeScreen.js","statementMap":{"0":{"start":{"line":22,"column":32},"end":{"line":22,"column":44}},"1":{"start":{"line":23,"column":38},"end":{"line":23,"column":50}},"2":{"start":{"line":25,"column":32},"end":{"line":25,"column":44}},"3":{"start":{"line":27,"column":19},"end":{"line":27,"column":32}},"4":{"start":{"line":28,"column":29},"end":{"line":28,"column":61}},"5":{"start":{"line":28,"column":52},"end":{"line":28,"column":60}},"6":{"start":{"line":30,"column":21},"end":{"line":45,"column":3}},"7":{"start":{"line":31,"column":4},"end":{"line":44,"column":9}},"8":{"start":{"line":36,"column":8},"end":{"line":36,"column":40}},"9":{"start":{"line":37,"column":8},"end":{"line":37,"column":29}},"10":{"start":{"line":38,"column":8},"end":{"line":43,"column":10}},"11":{"start":{"line":39,"column":46},"end":{"line":42,"column":11}},"12":{"start":{"line":46,"column":2},"end":{"line":48,"column":9}},"13":{"start":{"line":47,"column":4},"end":{"line":47,"column":17}},"14":{"start":{"line":50,"column":2},"end":{"line":124,"column":4}},"15":{"start":{"line":58,"column":12},"end":{"line":60,"column":19}},"16":{"start":{"line":63,"column":12},"end":{"line":65,"column":19}},"17":{"start":{"line":68,"column":29},"end":{"line":72,"column":13}},"18":{"start":{"line":73,"column":12},"end":{"line":76,"column":14}},"19":{"start":{"line":77,"column":12},"end":{"line":87,"column":17}},"20":{"start":{"line":83,"column":16},"end":{"line":83,"column":59}},"21":{"start":{"line":86,"column":16},"end":{"line":86,"column":58}},"22":{"start":{"line":90,"column":30},"end":{"line":94,"column":13}},"23":{"start":{"line":95,"column":12},"end":{"line":98,"column":14}},"24":{"start":{"line":99,"column":12},"end":{"line":109,"column":17}},"25":{"start":{"line":105,"column":16},"end":{"line":105,"column":59}},"26":{"start":{"line":108,"column":16},"end":{"line":108,"column":58}},"27":{"start":{"line":112,"column":12},"end":{"line":114,"column":19}},"28":{"start":{"line":117,"column":12},"end":{"line":119,"column":19}},"29":{"start":{"line":127,"column":15},"end":{"line":203,"column":2}}},"fnMap":{"0":{"name":"App","decl":{"start":{"line":21,"column":24},"end":{"line":21,"column":27}},"loc":{"start":{"line":21,"column":30},"end":{"line":125,"column":1}},"line":21},"1":{"name":"(anonymous_1)","decl":{"start":{"line":28,"column":41},"end":{"line":28,"column":42}},"loc":{"start":{"line":28,"column":52},"end":{"line":28,"column":60}},"line":28},"2":{"name":"(anonymous_2)","decl":{"start":{"line":30,"column":21},"end":{"line":30,"column":22}},"loc":{"start":{"line":30,"column":27},"end":{"line":45,"column":3}},"line":30},"3":{"name":"(anonymous_3)","decl":{"start":{"line":35,"column":12},"end":{"line":35,"column":13}},"loc":{"start":{"line":35,"column":26},"end":{"line":44,"column":7}},"line":35},"4":{"name":"(anonymous_4)","decl":{"start":{"line":39,"column":28},"end":{"line":39,"column":29}},"loc":{"start":{"line":39,"column":46},"end":{"line":42,"column":11}},"line":39},"5":{"name":"(anonymous_5)","decl":{"start":{"line":46,"column":12},"end":{"line":46,"column":13}},"loc":{"start":{"line":46,"column":18},"end":{"line":48,"column":3}},"line":46},"6":{"name":"(anonymous_6)","decl":{"start":{"line":57,"column":28},"end":{"line":57,"column":29}},"loc":{"start":{"line":58,"column":12},"end":{"line":60,"column":19}},"line":58},"7":{"name":"(anonymous_7)","decl":{"start":{"line":62,"column":22},"end":{"line":62,"column":23}},"loc":{"start":{"line":63,"column":12},"end":{"line":65,"column":19}},"line":63},"8":{"name":"(anonymous_8)","decl":{"start":{"line":67,"column":24},"end":{"line":67,"column":25}},"loc":{"start":{"line":67,"column":32},"end":{"line":88,"column":11}},"line":67},"9":{"name":"(anonymous_9)","decl":{"start":{"line":82,"column":20},"end":{"line":82,"column":21}},"loc":{"start":{"line":82,"column":34},"end":{"line":84,"column":15}},"line":82},"10":{"name":"(anonymous_10)","decl":{"start":{"line":85,"column":21},"end":{"line":85,"column":22}},"loc":{"start":{"line":85,"column":32},"end":{"line":87,"column":15}},"line":85},"11":{"name":"(anonymous_11)","decl":{"start":{"line":89,"column":25},"end":{"line":89,"column":26}},"loc":{"start":{"line":89,"column":33},"end":{"line":110,"column":11}},"line":89},"12":{"name":"(anonymous_12)","decl":{"start":{"line":104,"column":20},"end":{"line":104,"column":21}},"loc":{"start":{"line":104,"column":34},"end":{"line":106,"column":15}},"line":104},"13":{"name":"(anonymous_13)","decl":{"start":{"line":107,"column":21},"end":{"line":107,"column":22}},"loc":{"start":{"line":107,"column":32},"end":{"line":109,"column":15}},"line":107},"14":{"name":"(anonymous_14)","decl":{"start":{"line":111,"column":21},"end":{"line":111,"column":22}},"loc":{"start":{"line":112,"column":12},"end":{"line":114,"column":19}},"line":112},"15":{"name":"(anonymous_15)","decl":{"start":{"line":116,"column":22},"end":{"line":116,"column":23}},"loc":{"start":{"line":117,"column":12},"end":{"line":119,"column":19}},"line":117}},"branchMap":{"0":{"loc":{"start":{"line":52,"column":7},"end":{"line":122,"column":7}},"type":"binary-expr","locations":[{"start":{"line":52,"column":7},"end":{"line":52,"column":25}},{"start":{"line":53,"column":8},"end":{"line":121,"column":10}}],"line":52}},"s":{"0":0,"1":0,"2":0,"3":0,"4":0,"5":0,"6":0,"7":0,"8":0,"9":0,"10":0,"11":0,"12":0,"13":0,"14":0,"15":0,"16":0,"17":0,"18":0,"19":0,"20":0,"21":0,"22":0,"23":0,"24":0,"25":0,"26":0,"27":0,"28":0,"29":1},"f":{"0":0,"1":0,"2":0,"3":0,"4":0,"5":0,"6":0,"7":0,"8":0,"9":0,"10":0,"11":0,"12":0,"13":0,"14":0,"15":0},"b":{"0":[0,0]},"_coverageSchema":"1a1c01bbd47fc00a2c39e90264f33305004495a9","hash":"0034422da9c5c13d828b4b376086627c7d3c5e7d"}
,"C:\\Users\\amaan\\Desktop\\Spotify-Match\\screens\\MatchesScreen.js": {"path":"C:\\Users\\amaan\\Desktop\\Spotify-Match\\screens\\MatchesScreen.js","statementMap":{"0":{"start":{"line":23,"column":19},"end":{"line":56,"column":1}},"1":{"start":{"line":25,"column":21},"end":{"line":25,"column":36}},"2":{"start":{"line":28,"column":14},"end":{"line":28,"column":58}},"3":{"start":{"line":30,"column":2},"end":{"line":55,"column":4}},"4":{"start":{"line":40,"column":34},"end":{"line":40,"column":76}},"5":{"start":{"line":58,"column":19},"end":{"line":58,"column":43}},"6":{"start":{"line":61,"column":20},"end":{"line":162,"column":1}},"7":{"start":{"line":64,"column":19},"end":{"line":64,"column":32}},"8":{"start":{"line":65,"column":15},"end":{"line":65,"column":47}},"9":{"start":{"line":65,"column":38},"end":{"line":65,"column":46}},"10":{"start":{"line":77,"column":32},"end":{"line":77,"column":44}},"11":{"start":{"line":78,"column":20},"end":{"line":78,"column":34}},"12":{"start":{"line":81,"column":21},"end":{"line":88,"column":3}},"13":{"start":{"line":82,"column":4},"end":{"line":87,"column":9}},"14":{"start":{"line":85,"column":8},"end":{"line":85,"column":35}},"15":{"start":{"line":86,"column":8},"end":{"line":86,"column":37}},"16":{"start":{"line":91,"column":2},"end":{"line":93,"column":18}},"17":{"start":{"line":92,"column":4},"end":{"line":92,"column":30}},"18":{"start":{"line":96,"column":26},"end":{"line":100,"column":3}},"19":{"start":{"line":97,"column":22},"end":{"line":97,"column":37}},"20":{"start":{"line":98,"column":23},"end":{"line":98,"column":35}},"21":{"start":{"line":99,"column":4},"end":{"line":99,"column":22}},"22":{"start":{"line":103,"column":24},"end":{"line":103,"column":28}},"23":{"start":{"line":105,"column":2},"end":{"line":161,"column":4}},"24":{"start":{"line":116,"column":12},"end":{"line":122,"column":13}},"25":{"start":{"line":117,"column":14},"end":{"line":121,"column":16}},"26":{"start":{"line":124,"column":12},"end":{"line":128,"column":14}},"27":{"start":{"line":147,"column":10},"end":{"line":154,"column":13}},"28":{"start":{"line":165,"column":15},"end":{"line":239,"column":2}}},"fnMap":{"0":{"name":"(anonymous_0)","decl":{"start":{"line":23,"column":19},"end":{"line":23,"column":20}},"loc":{"start":{"line":23,"column":36},"end":{"line":56,"column":1}},"line":23},"1":{"name":"(anonymous_1)","decl":{"start":{"line":40,"column":28},"end":{"line":40,"column":29}},"loc":{"start":{"line":40,"column":34},"end":{"line":40,"column":76}},"line":40},"2":{"name":"(anonymous_2)","decl":{"start":{"line":61,"column":20},"end":{"line":61,"column":21}},"loc":{"start":{"line":61,"column":26},"end":{"line":162,"column":1}},"line":61},"3":{"name":"(anonymous_3)","decl":{"start":{"line":65,"column":27},"end":{"line":65,"column":28}},"loc":{"start":{"line":65,"column":38},"end":{"line":65,"column":46}},"line":65},"4":{"name":"(anonymous_4)","decl":{"start":{"line":81,"column":21},"end":{"line":81,"column":22}},"loc":{"start":{"line":81,"column":27},"end":{"line":88,"column":3}},"line":81},"5":{"name":"(anonymous_5)","decl":{"start":{"line":84,"column":12},"end":{"line":84,"column":13}},"loc":{"start":{"line":84,"column":26},"end":{"line":87,"column":7}},"line":84},"6":{"name":"(anonymous_6)","decl":{"start":{"line":91,"column":12},"end":{"line":91,"column":13}},"loc":{"start":{"line":91,"column":18},"end":{"line":93,"column":3}},"line":91},"7":{"name":"(anonymous_7)","decl":{"start":{"line":96,"column":26},"end":{"line":96,"column":27}},"loc":{"start":{"line":96,"column":36},"end":{"line":100,"column":3}},"line":96},"8":{"name":"(anonymous_8)","decl":{"start":{"line":115,"column":12},"end":{"line":115,"column":13}},"loc":{"start":{"line":115,"column":18},"end":{"line":129,"column":11}},"line":115},"9":{"name":"(anonymous_9)","decl":{"start":{"line":145,"column":20},"end":{"line":145,"column":21}},"loc":{"start":{"line":147,"column":10},"end":{"line":154,"column":13}},"line":147}},"branchMap":{"0":{"loc":{"start":{"line":92,"column":4},"end":{"line":92,"column":29}},"type":"binary-expr","locations":[{"start":{"line":92,"column":4},"end":{"line":92,"column":13}},{"start":{"line":92,"column":17},"end":{"line":92,"column":29}}],"line":92},"1":{"loc":{"start":{"line":116,"column":12},"end":{"line":122,"column":13}},"type":"if","locations":[{"start":{"line":116,"column":12},"end":{"line":122,"column":13}},{"start":{},"end":{}}],"line":116}},"s":{"0":1,"1":0,"2":0,"3":0,"4":0,"5":1,"6":1,"7":0,"8":0,"9":0,"10":0,"11":0,"12":0,"13":0,"14":0,"15":0,"16":0,"17":0,"18":0,"19":0,"20":0,"21":0,"22":0,"23":0,"24":0,"25":0,"26":0,"27":0,"28":1},"f":{"0":0,"1":0,"2":0,"3":0,"4":0,"5":0,"6":0,"7":0,"8":0,"9":0},"b":{"0":[0,0],"1":[0,0]},"_coverageSchema":"1a1c01bbd47fc00a2c39e90264f33305004495a9","hash":"c04448b68a77fc43c98abeabf0ec40621b6b12ff"}
,"C:\\Users\\amaan\\Desktop\\Spotify-Match\\screens\\ProfileScreen.js": {"path":"C:\\Users\\amaan\\Desktop\\Spotify-Match\\screens\\ProfileScreen.js","statementMap":{"0":{"start":{"line":95,"column":14},"end":{"line":95,"column":44}},"1":{"start":{"line":98,"column":23},"end":{"line":98,"column":38}},"2":{"start":{"line":99,"column":21},"end":{"line":99,"column":34}},"3":{"start":{"line":131,"column":8},"end":{"line":131,"column":40}},"4":{"start":{"line":131,"column":31},"end":{"line":131,"column":39}},"5":{"start":{"line":143,"column":32},"end":{"line":143,"column":50}},"6":{"start":{"line":144,"column":32},"end":{"line":144,"column":50}},"7":{"start":{"line":145,"column":32},"end":{"line":145,"column":50}},"8":{"start":{"line":146,"column":32},"end":{"line":146,"column":50}},"9":{"start":{"line":148,"column":19},"end":{"line":148,"column":59}},"10":{"start":{"line":150,"column":20},"end":{"line":154,"column":5}},"11":{"start":{"line":156,"column":31},"end":{"line":163,"column":5}},"12":{"start":{"line":173,"column":4},"end":{"line":173,"column":29}},"13":{"start":{"line":183,"column":23},"end":{"line":183,"column":42}},"14":{"start":{"line":184,"column":23},"end":{"line":184,"column":112}},"15":{"start":{"line":192,"column":24},"end":{"line":192,"column":35}},"16":{"start":{"line":193,"column":4},"end":{"line":195,"column":5}},"17":{"start":{"line":194,"column":8},"end":{"line":194,"column":57}},"18":{"start":{"line":196,"column":24},"end":{"line":196,"column":35}},"19":{"start":{"line":197,"column":4},"end":{"line":199,"column":5}},"20":{"start":{"line":198,"column":8},"end":{"line":198,"column":57}},"21":{"start":{"line":200,"column":24},"end":{"line":200,"column":35}},"22":{"start":{"line":201,"column":4},"end":{"line":203,"column":5}},"23":{"start":{"line":202,"column":8},"end":{"line":202,"column":57}},"24":{"start":{"line":209,"column":24},"end":{"line":240,"column":5}},"25":{"start":{"line":210,"column":21},"end":{"line":216,"column":10}},"26":{"start":{"line":218,"column":8},"end":{"line":239,"column":9}},"27":{"start":{"line":219,"column":12},"end":{"line":223,"column":13}},"28":{"start":{"line":220,"column":16},"end":{"line":220,"column":63}},"29":{"start":{"line":221,"column":16},"end":{"line":221,"column":48}},"30":{"start":{"line":222,"column":16},"end":{"line":222,"column":47}},"31":{"start":{"line":224,"column":12},"end":{"line":228,"column":13}},"32":{"start":{"line":225,"column":16},"end":{"line":225,"column":63}},"33":{"start":{"line":226,"column":16},"end":{"line":226,"column":48}},"34":{"start":{"line":227,"column":16},"end":{"line":227,"column":47}},"35":{"start":{"line":229,"column":12},"end":{"line":233,"column":13}},"36":{"start":{"line":230,"column":16},"end":{"line":230,"column":63}},"37":{"start":{"line":231,"column":16},"end":{"line":231,"column":48}},"38":{"start":{"line":232,"column":16},"end":{"line":232,"column":47}},"39":{"start":{"line":234,"column":12},"end":{"line":238,"column":13}},"40":{"start":{"line":235,"column":16},"end":{"line":235,"column":63}},"41":{"start":{"line":236,"column":16},"end":{"line":236,"column":48}},"42":{"start":{"line":237,"column":16},"end":{"line":237,"column":47}},"43":{"start":{"line":242,"column":4},"end":{"line":589,"column":6}},"44":{"start":{"line":262,"column":32},"end":{"line":273,"column":51}},"45":{"start":{"line":265,"column":40},"end":{"line":265,"column":63}},"46":{"start":{"line":284,"column":24},"end":{"line":284,"column":49}},"47":{"start":{"line":285,"column":24},"end":{"line":285,"column":42}},"48":{"start":{"line":303,"column":32},"end":{"line":303,"column":64}},"49":{"start":{"line":316,"column":24},"end":{"line":316,"column":46}},"50":{"start":{"line":330,"column":32},"end":{"line":330,"column":60}},"51":{"start":{"line":348,"column":32},"end":{"line":348,"column":64}},"52":{"start":{"line":367,"column":24},"end":{"line":367,"column":50}},"53":{"start":{"line":379,"column":24},"end":{"line":379,"column":53}},"54":{"start":{"line":391,"column":24},"end":{"line":391,"column":52}},"55":{"start":{"line":405,"column":44},"end":{"line":405,"column":73}},"56":{"start":{"line":420,"column":24},"end":{"line":420,"column":52}},"57":{"start":{"line":432,"column":24},"end":{"line":432,"column":54}},"58":{"start":{"line":448,"column":24},"end":{"line":448,"column":52}},"59":{"start":{"line":460,"column":24},"end":{"line":460,"column":54}},"60":{"start":{"line":476,"column":24},"end":{"line":476,"column":53}},"61":{"start":{"line":489,"column":45},"end":{"line":489,"column":47}},"62":{"start":{"line":490,"column":28},"end":{"line":500,"column":29}},"63":{"start":{"line":492,"column":36},"end":{"line":492,"column":53}},"64":{"start":{"line":493,"column":36},"end":{"line":493,"column":42}},"65":{"start":{"line":495,"column":36},"end":{"line":495,"column":53}},"66":{"start":{"line":496,"column":36},"end":{"line":496,"column":42}},"67":{"start":{"line":498,"column":36},"end":{"line":498,"column":53}},"68":{"start":{"line":499,"column":36},"end":{"line":499,"column":42}},"69":{"start":{"line":502,"column":50},"end":{"line":502,"column":52}},"70":{"start":{"line":503,"column":28},"end":{"line":522,"column":29}},"71":{"start":{"line":505,"column":36},"end":{"line":505,"column":58}},"72":{"start":{"line":506,"column":36},"end":{"line":506,"column":42}},"73":{"start":{"line":508,"column":36},"end":{"line":508,"column":58}},"74":{"start":{"line":509,"column":36},"end":{"line":509,"column":42}},"75":{"start":{"line":511,"column":36},"end":{"line":511,"column":58}},"76":{"start":{"line":512,"column":36},"end":{"line":512,"column":42}},"77":{"start":{"line":514,"column":36},"end":{"line":514,"column":58}},"78":{"start":{"line":515,"column":36},"end":{"line":515,"column":42}},"79":{"start":{"line":517,"column":36},"end":{"line":517,"column":58}},"80":{"start":{"line":518,"column":36},"end":{"line":518,"column":42}},"81":{"start":{"line":520,"column":36},"end":{"line":520,"column":58}},"82":{"start":{"line":521,"column":36},"end":{"line":521,"column":42}},"8
[...]
18":{"start":{"line":401,"column":8},"end":{"line":401,"column":36}},"119":{"start":{"line":403,"column":8},"end":{"line":403,"column":43}},"120":{"start":{"line":404,"column":23},"end":{"line":404,"column":56}},"121":{"start":{"line":406,"column":8},"end":{"line":406,"column":56}},"122":{"start":{"line":407,"column":8},"end":{"line":407,"column":54}},"123":{"start":{"line":410,"column":4},"end":{"line":410,"column":16}},"124":{"start":{"line":416,"column":2},"end":{"line":438,"column":4}},"125":{"start":{"line":433,"column":12},"end":{"line":433,"column":26}},"126":{"start":{"line":441,"column":15},"end":{"line":474,"column":2}}},"fnMap":{"0":{"name":"postDummyData","decl":{"start":{"line":38,"column":15},"end":{"line":38,"column":28}},"loc":{"start":{"line":38,"column":31},"end":{"line":132,"column":1}},"line":38},"1":{"name":"(anonymous_1)","decl":{"start":{"line":101,"column":12},"end":{"line":101,"column":13}},"loc":{"start":{"line":101,"column":23},"end":{"line":101,"column":48}},"line":101},"2":{"name":"(anonymous_2)","decl":{"start":{"line":108,"column":12},"end":{"line":108,"column":13}},"loc":{"start":{"line":108,"column":23},"end":{"line":108,"column":48}},"line":108},"3":{"name":"(anonymous_3)","decl":{"start":{"line":115,"column":12},"end":{"line":115,"column":13}},"loc":{"start":{"line":115,"column":23},"end":{"line":115,"column":48}},"line":115},"4":{"name":"(anonymous_4)","decl":{"start":{"line":122,"column":12},"end":{"line":122,"column":13}},"loc":{"start":{"line":122,"column":23},"end":{"line":122,"column":48}},"line":122},"5":{"name":"(anonymous_5)","decl":{"start":{"line":129,"column":12},"end":{"line":129,"column":13}},"loc":{"start":{"line":129,"column":23},"end":{"line":129,"column":48}},"line":129},"6":{"name":"getSpotifyUser","decl":{"start":{"line":140,"column":15},"end":{"line":140,"column":29}},"loc":{"start":{"line":140,"column":37},"end":{"line":150,"column":1}},"line":140},"7":{"name":"(anonymous_7)","decl":{"start":{"line":152,"column":27},"end":{"line":152,"column":28}},"loc":{"start":{"line":152,"column":33},"end":{"line":439,"column":1}},"line":152},"8":{"name":"(anonymous_8)","decl":{"start":{"line":155,"column":16},"end":{"line":155,"column":17}},"loc":{"start":{"line":155,"column":27},"end":{"line":155,"column":35}},"line":155},"9":{"name":"getTopArtists","decl":{"start":{"line":190,"column":17},"end":{"line":190,"column":30}},"loc":{"start":{"line":190,"column":46},"end":{"line":246,"column":3}},"line":190},"10":{"name":"(anonymous_10)","decl":{"start":{"line":201,"column":12},"end":{"line":201,"column":13}},"loc":{"start":{"line":201,"column":40},"end":{"line":245,"column":7}},"line":201},"11":{"name":"(anonymous_11)","decl":{"start":{"line":226,"column":57},"end":{"line":226,"column":58}},"loc":{"start":{"line":226,"column":67},"end":{"line":226,"column":78}},"line":226},"12":{"name":"getTopTracks","decl":{"start":{"line":248,"column":17},"end":{"line":248,"column":29}},"loc":{"start":{"line":248,"column":45},"end":{"line":282,"column":3}},"line":248},"13":{"name":"(anonymous_13)","decl":{"start":{"line":258,"column":12},"end":{"line":258,"column":13}},"loc":{"start":{"line":258,"column":39},"end":{"line":281,"column":7}},"line":258},"14":{"name":"getAudioFeatures","decl":{"start":{"line":284,"column":17},"end":{"line":284,"column":33}},"loc":{"start":{"line":284,"column":59},"end":{"line":341,"column":3}},"line":284},"15":{"name":"(anonymous_15)","decl":{"start":{"line":294,"column":12},"end":{"line":294,"column":13}},"loc":{"start":{"line":294,"column":43},"end":{"line":340,"column":7}},"line":294},"16":{"name":"(anonymous_16)","decl":{"start":{"line":343,"column":18},"end":{"line":343,"column":19}},"loc":{"start":{"line":343,"column":41},"end":{"line":348,"column":3}},"line":343},"17":{"name":"(anonymous_17)","decl":{"start":{"line":353,"column":12},"end":{"line":353,"column":13}},"loc":{"start":{"line":353,"column":18},"end":{"line":360,"column":3}},"line":353},"18":{"name":"(anonymous_18)","decl":{"start":{"line":362,"column":12},"end":{"line":362,"column":13}},"loc":{"start":{"line":362,"column":18},"end":{"line":411,"column":3}},"line":362},"19":{"name":"fetchData","decl":{"start":{"line":363,"column":19},"end":{"line":363,"column":28}},"loc":{"start":{"line":363,"column":31},"end":{"line":409,"column":5}},"line":363},"20":{"name":"(anonymous_20)","decl":{"start":{"line":384,"column":15},"end":{"line":384,"column":16}},"loc":{"start":{"line":384,"column":29},"end":{"line":386,"column":9}},"line":384},"21":{"name":"(anonymous_21)","decl":{"start":{"line":432,"column":19},"end":{"line":432,"column":20}},"loc":{"start":{"line":432,"column":25},"end":{"line":434,"column":11}},"line":432}},"branchMap":{"0":{"loc":{"start":{"line":141,"column":2},"end":{"line":149,"column":3}},"type":"if","locations":[{"start":{"line":141,"column":2},"end":{"line":149,"column":3}},{"start":{},"end":{}}],"line":141},"1":{"loc":{"start":{"line":218,"column":15},"end":{"line":218,"column":52}},"type":"binary-expr","locations":[{"start":{"line":218,"column":15},"end":{"line":218,"column":47}},{"start":{"line":218,"column":51},"end":{"line":218,"column":52}}],"line":218},"2":{"loc":{"start":{"line":231,"column":15},"end":{"line":231,"column":58}},"type":"binary-expr","locations":[{"start":{"line":231,"column":15},"end":{"line":231,"column":31}},{"start":{"line":231,"column":35},"end":{"line":231,"column":58}}],"line":231},"3":{"loc":{"start":{"line":354,"column":4},"end":{"line":359,"column":5}},"type":"if","locations":[{"start":{"line":354,"column":4},"end":{"line":359,"column":5}},{"start":{},"end":{}}],"line":354},"4":{"loc":{"start":{"line":373,"column":6},"end":{"line":377,"column":7}},"type":"if","locations":[{"start":{"line":373,"column":6},"end":{"line":377,"column":7}},{"start":{},"end":{}}],"line":373},"5":{"loc":{"start":{"line":394,"column":6},"end":{"line":408,"column":7}},"type":"if","locations":[{"start":{"line":394,"column":6},"end":{"line":408,"column":7}},{"start":{"line":402,"column":13},"end":{"line":408,"column":7}}],"line":394}},"s":{"0":1,"1":1,"2":1,"3":1,"4":0,"5":0,"6":0,"7":0,"8":0,"9":0,"10":0,"11":0,"12":0,"13":0,"14":0,"15":0,"16":0,"17":0,"18":0,"19":0,"20":0,"21":0,"22":0,"23":0,"24":0,"25":0,"26":0,"27":0,"28":0,"29":0,"30":0,"31":0,"32":0,"33":1,"34":0,"35":0,"36":1,"37":2,"38":0,"39":0,"40":0,"41":0,"42":0,"43":0,"44":0,"45":0,"46":0,"47":0,"48":0,"49":0,"50":0,"51":0,"52":0,"53":0,"54":0,"55":0,"56":0,"57":0,"58":0,"59":0,"60":0,"61":0,"62":0,"63":0,"64":0,"65":0,"66":0,"67":0,"68":0,"69":0,"70":0,"71":0,"72":0,"73":0,"74":0,"75":0,"76":0,"77":0,"78":0,"79":0,"80":0,"81":0,"82":0,"83":0,"84":0,"85":0,"86":0,"87":0,"88":0,"89":0,"90":0,"91":0,"92":0,"93":0,"94":0,"95":0,"96":0,"97":0,"98":0,"99":0,"100":0,"101":0,"102":0,"103":0,"104":0,"105":0,"106":0,"107":0,"108":0,"109":0,"110":0,"111":0,"112":0,"113":0,"114":0,"115":0,"116":0,"117":0,"118":0,"119":0,"120":0,"121":0,"122":0,"123":0,"124":0,"125":0,"126":1},"f":{"0":0,"1":0,"2":0,"3":0,"4":0,"5":0,"6":0,"7":2,"8":0,"9":0,"10":0,"11":0,"12":0,"13":0,"14":0,"15":0,"16":0,"17":0,"18":0,"19":0,"20":0,"21":0},"b":{"0":[0,0],"1":[0,0],"2":[0,0],"3":[0,0],"4":[0,0],"5":[0,0]},"_coverageSchema":"1a1c01bbd47fc00a2c39e90264f33305004495a9","hash":"b97dce3f93c8796cb9d8ab55fa3a48edecdb0ed1"}
,"C:\\Users\\amaan\\Desktop\\Spotify-Match\\screens\\SurveyAdvancedQuestionsScreen.js": {"path":"C:\\Users\\amaan\\Desktop\\Spotify-Match\\screens\\SurveyAdvancedQuestionsScreen.js","statementMap":{"0":{"start":{"line":50,"column":14},"end":{"line":50,"column":44}},"1":{"start":{"line":51,"column":15},"end":{"line":51,"column":46}},"2":{"start":{"line":52,"column":15},"end":{"line":417,"column":1}},"3":{"start":{"line":53,"column":19},"end":{"line":53,"column":32}},"4":{"start":{"line":83,"column":6},"end":{"line":83,"column":38}},"5":{"start":{"line":83,"column":29},"end":{"line":83,"column":37}},"6":{"start":{"line":84,"column":21},"end":{"line":84,"column":36}},"7":{"start":{"line":85,"column":2},"end":{"line":85,"column":31}},"8":{"start":{"line":184,"column":2},"end":{"line":416,"column":4}},"9":{"start":{"line":192,"column":29},"end":{"line":192,"column":61}},"10":{"start":{"line":240,"column":36},"end":{"line":240,"column":65}},"11":{"start":{"line":256,"column":14},"end":{"line":256,"column":42}},"12":{"start":{"line":299,"column":36},"end":{"line":299,"column":65}},"13":{"start":{"line":315,"column":14},"end":{"line":315,"column":42}},"14":{"start":{"line":355,"column":36},"end":{"line":355,"column":65}},"15":{"start":{"line":371,"column":14},"end":{"line":371,"column":42}},"16":{"start":{"line":382,"column":16},"end":{"line":389,"column":19}},"17":{"start":{"line":390,"column":16},"end":{"line":409,"column":17}},"18":{"start":{"line":398,"column":18},"end":{"line":405,"column":21}},"19":{"start":{"line":406,"column":18},"end":{"line":406,"column":51}},"20":{"start":{"line":408,"column":18},"end":{"line":408,"column":55}},"21":{"start":{"line":419,"column":15},"end":{"line":523,"column":2}}},"fnMap":{"0":{"name":"(anonymous_0)","decl":{"start":{"line":52,"column":15},"end":{"line":52,"column":16}},"loc":{"start":{"line":52,"column":21},"end":{"line":417,"column":1}},"line":52},"1":{"name":"(anonymous_1)","decl":{"start":{"line":83,"column":18},"end":{"line":83,"column":19}},"loc":{"start":{"line":83,"column":29},"end":{"line":83,"column":37}},"line":83},"2":{"name":"(anonymous_2)","decl":{"start":{"line":192,"column":23},"end":{"line":192,"column":24}},"loc":{"start":{"line":192,"column":29},"end":{"line":192,"column":61}},"line":192},"3":{"name":"(anonymous_3)","decl":{"start":{"line":240,"column":25},"end":{"line":240,"column":26}},"loc":{"start":{"line":240,"column":36},"end":{"line":240,"column":65}},"line":240},"4":{"name":"(anonymous_4)","decl":{"start":{"line":255,"column":26},"end":{"line":255,"column":27}},"loc":{"start":{"line":255,"column":37},"end":{"line":257,"column":13}},"line":255},"5":{"name":"(anonymous_5)","decl":{"start":{"line":299,"column":25},"end":{"line":299,"column":26}},"loc":{"start":{"line":299,"column":36},"end":{"line":299,"column":65}},"line":299},"6":{"name":"(anonymous_6)","decl":{"start":{"line":314,"column":26},"end":{"line":314,"column":27}},"loc":{"start":{"line":314,"column":37},"end":{"line":316,"column":13}},"line":314},"7":{"name":"(anonymous_7)","decl":{"start":{"line":355,"column":25},"end":{"line":355,"column":26}},"loc":{"start":{"line":355,"column":36},"end":{"line":355,"column":65}},"line":355},"8":{"name":"(anonymous_8)","decl":{"start":{"line":370,"column":26},"end":{"line":370,"column":27}},"loc":{"start":{"line":370,"column":37},"end":{"line":372,"column":13}},"line":370},"9":{"name":"(anonymous_9)","decl":{"start":{"line":381,"column":23},"end":{"line":381,"column":24}},"loc":{"start":{"line":381,"column":29},"end":{"line":410,"column":15}},"line":381}},"branchMap":{"0":{"loc":{"start":{"line":390,"column":16},"end":{"line":409,"column":17}},"type":"if","locations":[{"start":{"line":390,"column":16},"end":{"line":409,"column":17}},{"start":{"line":407,"column":23},"end":{"line":409,"column":17}}],"line":390},"1":{"loc":{"start":{"line":391,"column":18},"end":{"line":396,"column":25}},"type":"binary-expr","locations":[{"start":{"line":391,"column":18},"end":{"line":391,"column":35}},{"start":{"line":392,"column":18},"end":{"line":392,"column":35}},{"start":{"line":393,"column":18},"end":{"line":393,"column":35}},{"start":{"line":394,"column":18},"end":{"line":394,"column":25}},{"start":{"line":395,"column":18},"end":{"line":395,"column":25}},{"start":{"line":396,"column":18},"end":{"line":396,"column":25}}],"line":391}},"s":{"0":1,"1":1,"2":1,"3":0,"4":0,"5":0,"6":0,"7":0,"8":0,"9":0,"10":0,"11":0,"12":0,"13":0,"14":0,"15":0,"16":0,"17":0,"18":0,"19":0,"20":0,"21":1},"f":{"0":0,"1":0,"2":0,"3":0,"4":0,"5":0,"6":0,"7":0,"8":0,"9":0},"b":{"0":[0,0],"1":[0,0,0,0,0,0]},"_coverageSchema":"1a1c01bbd47fc00a2c39e90264f33305004495a9","hash":"d4dbd731df954adbe4fafd40b0dcd81c7e50eba3"}
,"C:\\Users\\amaan\\Desktop\\Spotify-Match\\screens\\SurveyBioScreen.js": {"path":"C:\\Users\\amaan\\Desktop\\Spotify-Match\\screens\\SurveyBioScreen.js","statementMap":{"0":{"start":{"line":47,"column":14},"end":{"line":47,"column":44}},"1":{"start":{"line":48,"column":15},"end":{"line":48,"column":46}},"2":{"start":{"line":49,"column":12},"end":{"line":172,"column":1}},"3":{"start":{"line":50,"column":19},"end":{"line":50,"column":32}},"4":{"start":{"line":80,"column":6},"end":{"line":80,"column":38}},"5":{"start":{"line":80,"column":29},"end":{"line":80,"column":37}},"6":{"start":{"line":81,"column":21},"end":{"line":81,"column":36}},"7":{"start":{"line":105,"column":2},"end":{"line":171,"column":4}},"8":{"start":{"line":116,"column":29},"end":{"line":116,"column":74}},"9":{"start":{"line":124,"column":16},"end":{"line":124,"column":40}},"10":{"start":{"line":146,"column":16},"end":{"line":146,"column":44}},"11":{"start":{"line":160,"column":16},"end":{"line":164,"column":17}},"12":{"start":{"line":161,"column":18},"end":{"line":161,"column":65}},"13":{"start":{"line":163,"column":18},"end":{"line":163,"column":55}},"14":{"start":{"line":174,"column":15},"end":{"line":240,"column":2}}},"fnMap":{"0":{"name":"(anonymous_0)","decl":{"start":{"line":49,"column":12},"end":{"line":49,"column":13}},"loc":{"start":{"line":49,"column":18},"end":{"line":172,"column":1}},"line":49},"1":{"name":"(anonymous_1)","decl":{"start":{"line":80,"column":18},"end":{"line":80,"column":19}},"loc":{"start":{"line":80,"column":29},"end":{"line":80,"column":37}},"line":80},"2":{"name":"(anonymous_2)","decl":{"start":{"line":116,"column":23},"end":{"line":116,"column":24}},"loc":{"start":{"line":116,"column":29},"end":{"line":116,"column":74}},"line":116},"3":{"name":"(anonymous_3)","decl":{"start":{"line":123,"column":28},"end":{"line":123,"column":29}},"loc":{"start":{"line":123,"column":39},"end":{"line":125,"column":15}},"line":123},"4":{"name":"(anonymous_4)","decl":{"start":{"line":145,"column":28},"end":{"line":145,"column":29}},"loc":{"start":{"line":145,"column":39},"end":{"line":147,"column":15}},"line":145},"5":{"name":"(anonymous_5)","decl":{"start":{"line":159,"column":23},"end":{"line":159,"column":24}},"loc":{"start":{"line":159,"column":29},"end":{"line":165,"column":15}},"line":159}},"branchMap":{"0":{"loc":{"start":{"line":160,"column":16},"end":{"line":164,"column":17}},"type":"if","locations":[{"start":{"line":160,"column":16},"end":{"line":164,"column":17}},{"start":{"line":162,"column":23},"end":{"line":164,"column":17}}],"line":160},"1":{"loc":{"start":{"line":160,"column":20},"end":{"line":160,"column":34}},"type":"binary-expr","locations":[{"start":{"line":160,"column":20},"end":{"line":160,"column":23}},{"start":{"line":160,"column":27},"end":{"line":160,"column":34}}],"line":160}},"s":{"0":1,"1":1,"2":1,"3":0,"4":0,"5":0,"6":0,"7":0,"8":0,"9":0,"10":0,"11":0,"12":0,"13":0,"14":1},"f":{"0":0,"1":0,"2":0,"3":0,"4":0,"5":0},"b":{"0":[0,0],"1":[0,0]},"_coverageSchema":"1a1c01bbd47fc00a2c39e90264f33305004495a9","hash":"0a8406e6c3b15de729c08da56e8050a1919e1746"}
,"C:\\Users\\amaan\\Desktop\\Spotify-Match\\screens\\SurveyGeneralQuestionsScreen.js": {"path":"C:\\Users\\amaan\\Desktop\\Spotify-Match\\screens\\SurveyGeneralQuestionsScreen.js","statementMap":{"0":{"start":{"line":52,"column":14},"end":{"line":52,"column":44}},"1":{"start":{"line":54,"column":25},"end":{"line":428,"column":1}},"2":{"start":{"line":55,"column":19},"end":{"line":55,"column":32}},"3":{"start":{"line":85,"column":6},"end":{"line":85,"column":40}},"4":{"start":{"line":85,"column":29},"end":{"line":85,"column":39}},"5":{"start":{"line":87,"column":18},"end":{"line":91,"column":3}},"6":{"start":{"line":93,"column":29},"end":{"line":100,"column":3}},"7":{"start":{"line":133,"column":42},"end":{"line":133,"column":62}},"8":{"start":{"line":201,"column":21},"end":{"line":201,"column":36}},"9":{"start":{"line":204,"column":2},"end":{"line":427,"column":4}},"10":{"start":{"line":221,"column":14},"end":{"line":221,"column":39}},"11":{"start":{"line":266,"column":20},"end":{"line":266,"column":25}},"12":{"start":{"line":267,"column":16},"end":{"line":267,"column":40}},"13":{"start":{"line":268,"column":16},"end":{"line":282,"column":17}},"14":{"start":{"line":281,"column":18},"end":{"line":281,"column":47}},"15":{"start":{"line":298,"column":36},"end":{"line":298,"column":62}},"16":{"start":{"line":341,"column":36},"end":{"line":341,"column":67}},"17":{"start":{"line":388,"column":37},"end":{"line":388,"column":65}},"18":{"start":{"line":396,"column":37},"end":{"line":396,"column":65}},"19":{"start":{"line":404,"column":16},"end":{"line":410,"column":19}},"20":{"start":{"line":412,"column":16},"end":{"line":420,"column":17}},"21":{"start":{"line":414,"column":18},"end":{"line":414,"column":51}},"22":{"start":{"line":419,"column":18},"end":{"line":419,"column":55}},"23":{"start":{"line":430,"column":15},"end":{"line":560,"column":2}}},"fnMap":{"0":{"name":"(anonymous_0)","decl":{"start":{"line":54,"column":25},"end":{"line":54,"column":26}},"loc":{"start":{"line":54,"column":31},"end":{"line":428,"column":1}},"line":54},"1":{"name":"(anonymous_1)","decl":{"start":{"line":85,"column":18},"end":{"line":85,"column":19}},"loc":{"start":{"line":85,"column":29},"end":{"line":85,"column":39}},"line":85},"2":{"name":"(anonymous_2)","decl":{"start":{"line":220,"column":26},"end":{"line":220,"column":27}},"loc":{"start":{"line":220,"column":37},"end":{"line":222,"column":13}},"line":220},"3":{"name":"(anonymous_3)","decl":{"start":{"line":262,"column":24},"end":{"line":262,"column":25}},"loc":{"start":{"line":262,"column":41},"end":{"line":283,"column":15}},"line":262},"4":{"name":"(anonymous_4)","decl":{"start":{"line":298,"column":25},"end":{"line":298,"column":26}},"loc":{"start":{"line":298,"column":36},"end":{"line":298,"column":62}},"line":298},"5":{"name":"(anonymous_5)","decl":{"start":{"line":341,"column":25},"end":{"line":341,"column":26}},"loc":{"start":{"line":341,"column":36},"end":{"line":341,"column":67}},"line":341},"6":{"name":"(anonymous_6)","decl":{"start":{"line":388,"column":26},"end":{"line":388,"column":27}},"loc":{"start":{"line":388,"column":37},"end":{"line":388,"column":65}},"line":388},"7":{"name":"(anonymous_7)","decl":{"start":{"line":396,"column":26},"end":{"line":396,"column":27}},"loc":{"start":{"line":396,"column":37},"end":{"line":396,"column":65}},"line":396},"8":{"name":"(anonymous_8)","decl":{"start":{"line":403,"column":23},"end":{"line":403,"column":24}},"loc":{"start":{"line":403,"column":29},"end":{"line":421,"column":15}},"line":403}},"branchMap":{"0":{"loc":{"start":{"line":268,"column":16},"end":{"line":282,"column":17}},"type":"if","locations":[{"start":{"line":268,"column":16},"end":{"line":282,"column":17}},{"start":{},"end":{}}],"line":268},"1":{"loc":{"start":{"line":412,"column":16},"end":{"line":420,"column":17}},"type":"if","locations":[{"start":{"line":412,"column":16},"end":{"line":420,"column":17}},{"start":{"line":418,"column":23},"end":{"line":420,"column":17}}],"line":412},"2":{"loc":{"start":{"line":412,"column":20},"end":{"line":412,"column":71}},"type":"binary-expr","locations":[{"start":{"line":412,"column":20},"end":{"line":412,"column":24}},{"start":{"line":412,"column":28},"end":{"line":412,"column":34}},{"start":{"line":412,"column":38},"end":{"line":412,"column":47}},{"start":{"line":412,"column":51},"end":{"line":412,"column":59}},{"start":{"line":412,"column":63},"end":{"line":412,"column":71}}],"line":412}},"s":{"0":1,"1":1,"2":0,"3":0,"4":0,"5":0,"6":0,"7":0,"8":0,"9":0,"10":0,"11":0,"12":0,"13":0,"14":0,"15":0,"16":0,"17":0,"18":0,"19":0,"20":0,"21":0,"22":0,"23":1},"f":{"0":0,"1":0,"2":0,"3":0,"4":0,"5":0,"6":0,"7":0,"8":0},"b":{"0":[0,0],"1":[0,0],"2":[0,0,0,0,0]},"_coverageSchema":"1a1c01bbd47fc00a2c39e90264f33305004495a9","hash":"20481ccf57958ee701f66a3ebddf19f127f99a0d"}
}
