{"C:\\Users\\amaan\\Desktop\\Spotify-Match\\App.js": {"path":"C:\\Users\\amaan\\Desktop\\Spotify-Match\\App.js","statementMap":{"0":{"start":{"line":20,"column":31},"end":{"line":20,"column":53}},"1":{"start":{"line":21,"column":32},"end":{"line":21,"column":56}},"2":{"start":{"line":22,"column":28},"end":{"line":22,"column":39}},"3":{"start":{"line":23,"column":33},"end":{"line":23,"column":58}},"4":{"start":{"line":24,"column":28},"end":{"line":24,"column":39}},"5":{"start":{"line":25,"column":23},"end":{"line":25,"column":33}},"6":{"start":{"line":26,"column":26},"end":{"line":26,"column":35}},"7":{"start":{"line":27,"column":26},"end":{"line":27,"column":35}},"8":{"start":{"line":28,"column":26},"end":{"line":28,"column":35}},"9":{"start":{"line":33,"column":16},"end":{"line":33,"column":38}},"10":{"start":{"line":34,"column":2},"end":{"line":46,"column":4}},"11":{"start":{"line":52,"column":14},"end":{"line":52,"column":40}},"12":{"start":{"line":53,"column":2},"end":{"line":95,"column":4}},"13":{"start":{"line":56,"column":41},"end":{"line":89,"column":11}},"14":{"start":{"line":77,"column":21},"end":{"line":77,"column":31}},"15":{"start":{"line":79,"column":12},"end":{"line":85,"column":13}},"16":{"start":{"line":80,"column":14},"end":{"line":80,"column":63}},"17":{"start":{"line":81,"column":19},"end":{"line":85,"column":13}},"18":{"start":{"line":82,"column":14},"end":{"line":82,"column":65}},"19":{"start":{"line":83,"column":19},"end":{"line":85,"column":13}},"20":{"start":{"line":84,"column":14},"end":{"line":84,"column":77}},"21":{"start":{"line":87,"column":12},"end":{"line":87,"column":74}},"22":{"start":{"line":98,"column":15},"end":{"line":105,"column":2}}},"fnMap":{"0":{"name":"App","decl":{"start":{"line":32,"column":24},"end":{"line":32,"column":27}},"loc":{"start":{"line":32,"column":30},"end":{"line":47,"column":1}},"line":32},"1":{"name":"TabNavigation","decl":{"start":{"line":51,"column":9},"end":{"line":51,"column":22}},"loc":{"start":{"line":51,"column":25},"end":{"line":96,"column":1}},"line":51},"2":{"name":"(anonymous_2)","decl":{"start":{"line":56,"column":25},"end":{"line":56,"column":26}},"loc":{"start":{"line":56,"column":41},"end":{"line":89,"column":11}},"line":56},"3":{"name":"(anonymous_3)","decl":{"start":{"line":75,"column":22},"end":{"line":75,"column":23}},"loc":{"start":{"line":75,"column":52},"end":{"line":88,"column":13}},"line":75}},"branchMap":{"0":{"loc":{"start":{"line":79,"column":12},"end":{"line":85,"column":13}},"type":"if","locations":[{"start":{"line":79,"column":12},"end":{"line":85,"column":13}},{"start":{"line":81,"column":19},"end":{"line":85,"column":13}}],"line":79},"1":{"loc":{"start":{"line":80,"column":25},"end":{"line":80,"column":62}},"type":"cond-expr","locations":[{"start":{"line":80,"column":35},"end":{"line":80,"column":43}},{"start":{"line":80,"column":46},"end":{"line":80,"column":62}}],"line":80},"2":{"loc":{"start":{"line":81,"column":19},"end":{"line":85,"column":13}},"type":"if","locations":[{"start":{"line":81,"column":19},"end":{"line":85,"column":13}},{"start":{"line":83,"column":19},"end":{"line":85,"column":13}}],"line":81},"3":{"loc":{"start":{"line":82,"column":25},"end":{"line":82,"column":64}},"type":"cond-expr","locations":[{"start":{"line":82,"column":35},"end":{"line":82,"column":44}},{"start":{"line":82,"column":47},"end":{"line":82,"column":64}}],"line":82},"4":{"loc":{"start":{"line":83,"column":19},"end":{"line":85,"column":13}},"type":"if","locations":[{"start":{"line":83,"column":19},"end":{"line":85,"column":13}},{"start":{},"end":{}}],"line":83},"5":{"loc":{"start":{"line":84,"column":25},"end":{"line":84,"column":76}},"type":"cond-expr","locations":[{"start":{"line":84,"column":35},"end":{"line":84,"column":50}},{"start":{"line":84,"column":53},"end":{"line":84,"column":76}}],"line":84}},"s":{"0":0,"1":0,"2":0,"3":0,"4":0,"5":0,"6":0,"7":0,"8":0,"9":0,"10":0,"11":0,"12":0,"13":0,"14":0,"15":0,"16":0,"17":0,"18":0,"19":0,"20":0,"21":0,"22":0},"f":{"0":0,"1":0,"2":0,"3":0},"b":{"0":[0,0],"1":[0,0],"2":[0,0],"3":[0,0],"4":[0,0],"5":[0,0]}}
,"C:\\Users\\amaan\\Desktop\\Spotify-Match\\metro.config.js": {"path":"C:\\Users\\amaan\\Desktop\\Spotify-Match\\metro.config.js","statementMap":{"0":{"start":{"line":7,"column":11},"end":{"line":7,"column":24}},"1":{"start":{"line":8,"column":13},"end":{"line":8,"column":28}},"2":{"start":{"line":9,"column":22},"end":{"line":9,"column":72}},"3":{"start":{"line":11,"column":16},"end":{"line":13,"column":1}},"4":{"start":{"line":15,"column":0},"end":{"line":36,"column":2}},"5":{"start":{"line":29,"column":38},"end":{"line":34,"column":5}}},"fnMap":{"0":{"name":"(anonymous_0)","decl":{"start":{"line":29,"column":25},"end":{"line":29,"column":26}},"loc":{"start":{"line":29,"column":38},"end":{"line":34,"column":5}},"line":29}},"branchMap":{},"s":{"0":0,"1":0,"2":0,"3":0,"4":0,"5":0},"f":{"0":0},"b":{}}
,"C:\\Users\\amaan\\Desktop\\Spotify-Match\\react-native.config.js": {"path":"C:\\Users\\amaan\\Desktop\\Spotify-Match\\react-native.config.js","statementMap":{"0":{"start":{"line":1,"column":0},"end":{"line":7,"column":4}}},"fnMap":{},"branchMap":{},"s":{"0":0},"f":{},"b":{}}
,"C:\\Users\\amaan\\Desktop\\Spotify-Match\\ constants\\Layout.js": {"path":"C:\\Users\\amaan\\Desktop\\Spotify-Match\\ constants\\Layout.js","statementMap":{"0":{"start":{"line":3,"column":14},"end":{"line":3,"column":44}},"1":{"start":{"line":4,"column":15},"end":{"line":4,"column":46}}},"fnMap":{},"branchMap":{},"s":{"0":0,"1":0},"f":{},"b":{}}
,"C:\\Users\\amaan\\Desktop\\Spotify-Match\\components\\Navigator.js": {"path":"C:\\Users\\amaan\\Desktop\\Spotify-Match\\components\\Navigator.js","statementMap":{},"fnMap":{},"branchMap":{},"s":{},"f":{},"b":{}}
,"C:\\Users\\amaan\\Desktop\\Spotify-Match\\components\\UserCard.js": {"path":"C:\\Users\\amaan\\Desktop\\Spotify-Match\\components\\UserCard.js","statementMap":{"0":{"start":{"line":10,"column":20},"end":{"line":10,"column":25}},"1":{"start":{"line":16,"column":28},"end":{"line":16,"column":40}},"2":{"start":{"line":17,"column":26},"end":{"line":17,"column":38}},"3":{"start":{"line":18,"column":26},"end":{"line":18,"column":38}},"4":{"start":{"line":19,"column":34},"end":{"line":19,"column":46}},"5":{"start":{"line":20,"column":34},"end":{"line":20,"column":46}},"6":{"start":{"line":21,"column":34},"end":{"line":21,"column":46}},"7":{"start":{"line":22,"column":24},"end":{"line":22,"column":36}},"8":{"start":{"line":23,"column":24},"end":{"line":23,"column":36}},"9":{"start":{"line":24,"column":24},"end":{"line":24,"column":36}},"10":{"start":{"line":25,"column":28},"end":{"line":25,"column":40}},"11":{"start":{"line":26,"column":28},"end":{"line":26,"column":40}},"12":{"start":{"line":27,"column":28},"end":{"line":27,"column":40}},"13":{"start":{"line":28,"column":27},"end":{"line":28,"column":39}},"14":{"start":{"line":29,"column":27},"end":{"line":29,"column":39}},"15":{"start":{"line":30,"column":27},"end":{"line":30,"column":39}},"16":{"start":{"line":31,"column":27},"end":{"line":31,"column":39}},"17":{"start":{"line":32,"column":32},"end":{"line":32,"column":47}},"18":{"start":{"line":35,"column":13},"end":{"line":54,"column":1}},"19":{"start":{"line":57,"column":20},"end":{"line":97,"column":3}},"20":{"start":{"line":58,"column":6},"end":{"line":95,"column":11}},"21":{"start":{"line":61,"column":12},"end":{"line":61,"column":28}},"22":{"start":{"line":62,"column":12},"end":{"line":62,"column":48}},"23":{"start":{"line":63,"column":12},"end":{"line":63,"column":44}},"24":{"start":{"line":64,"column":12},"end":{"line":64,"column":51}},"25":{"start":{"line":65,"column":12},"end":{"line":65,"column":51}},"26":{"start":{"line":66,"column":12},"end":{"line":66,"column":51}},"27":{"start":{"line":67,"column":12},"end":{"line":67,"column":52}},"28":{"start":{"line":68,"column":12},"end":{"line":68,"column":53}},"29":{"start":{"line":69,"column":12},"end":{"line":69,"column":52}},"30":{"start":{"line":70,"column":12},"end":{"line":70,"column":49}},"31":{"start":{"line":73,"column":29},"end":{"line":73,"column":85}},"32":{"start":{"line":74,"column":35},"end":{"line":74,"column":79}},"33":{"start":{"line":76,"column":29},"end":{"line":76,"column":84}},"34":{"start":{"line":77,"column":35},"end":{"line":77,"column":79}},"35":{"start":{"line":79,"column":29},"end":{"line":79,"column":84}},"36":{"start":{"line":80,"column":35},"end":{"line":80,"column":79}},"37":{"start":{"line":82,"column":29},"end":{"line":82,"column":84}},"38":{"start":{"line":83,"column":35},"end":{"line":83,"column":79}},"39":{"start":{"line":86,"column":12},"end":{"line":86,"column":35}},"40":{"start":{"line":87,"column":12},"end":{"line":87,"column":35}},"41":{"start":{"line":88,"column":12},"end":{"line":88,"column":35}},"42":{"start":{"line":89,"column":12},"end":{"line":89,"column":35}},"43":{"start":{"line":90,"column":12},"end":{"line":90,"column":26}},"44":{"start":{"line":94,"column":12},"end":{"line":94,"column":33}},"45":{"start":{"line":100,"column":23},"end":{"line":115,"column":1}},"46":{"start":{"line":101,"column":4},"end":{"line":113,"column":9}},"47":{"start":{"line":106,"column":10},"end":{"line":106,"column":55}},"48":{"start":{"line":107,"column":10},"end":{"line":107,"column":55}},"49":{"start":{"line":108,"column":10},"end":{"line":108,"column":55}},"50":{"start":{"line":109,"column":10},"end":{"line":109,"column":26}},"51":{"start":{"line":112,"column":10},"end":{"line":112,"column":31}},"52":{"start":{"line":121,"column":2},"end":{"line":125,"column":4}},"53":{"start":{"line":123,"column":4},"end":{"line":123,"column":18}},"54":{"start":{"line":127,"column":2},"end":{"line":129,"column":9}},"55":{"start":{"line":128,"column":4},"end":{"line":128,"column":34}},"56":{"start":{"line":133,"column":15},"end":{"line":148,"column":3}},"57":{"start":{"line":135,"column":4},"end":{"line":146,"column":11}},"58":{"start":{"line":151,"column":16},"end":{"line":160,"column":3}},"59":{"start":{"line":152,"column":15},"end":{"line":152,"column":28}},"60":{"start":{"line":153,"column":16},"end":{"line":153,"column":26}},"61":{"start":{"line":155,"column":19},"end":{"line":155,"column":51}},"62":{"start":{"line":156,"column":19},"end":{"line":156,"column":58}},"63":{"start":{"line":157,"column":20},"end":{"line":157,"column":54}},"64":{"start":{"line":158,"column":4},"end":{"line":158,"column":23}},"65":{"start":{"line":159,"column":4},"end":{"line":159,"column":20}},"66":{"start":{"line":162,"column":4},"end":{"line":264,"column":5}},"67":{"start":{"line":173,"column":34},"end":{"line":173,"column":55}},"68":{"start":{"line":270,"column":15},"end":{"line":355,"column":4}}},"fnMap":{"0":{"name":"Card","decl":{"start":{"line":13,"column":9},"end":{"line":13,"column":13}},"loc":{"start":{"line":13,"column":19},"end":{"line":265,"column":1}},"line":13},"1":{"name":"(anonymous_1)","decl":{"start":{"line":57,"column":20},"end":{"line":57,"column":21}},"loc":{"start":{"line":57,"column":36},"end":{"line":97,"column":3}},"line":57},"2":{"name":"(anonymous_2)","decl":{"start":{"line":60,"column":16},"end":{"line":60,"column":17}},"loc":{"start":{"line":60,"column":30},"end":{"line":92,"column":11}},"line":60},"3":{"name":"(anonymous_3)","decl":{"start":{"line":92,"column":19},"end":{"line":92,"column":20}},"loc":{"start":{"line":92,"column":30},"end":{"line":95,"column":9}},"line":92},"4":{"name":"(anonymous_4)","decl":{"start":{"line":100,"column":23},"end":{"line":100,"column":24}},"loc":{"start":{"line":100,"column":35},"end":{"line":115,"column":1}},"line":100},"5":{"name":"(anonymous_5)","decl":{"start":{"line":103,"column":14},"end":{"line":103,"column":15}},"loc":{"start":{"line":103,"column":28},"end":{"line":110,"column":9}},"line":103},"6":{"name":"(anonymous_6)","decl":{"start":{"line":110,"column":17},"end":{"line":110,"column":18}},"loc":{"start":{"line":110,"column":28},"end":{"line":113,"column":7}},"line":110},"7":{"name":"(anonymous_7)","decl":{"start":{"line":122,"column":21},"end":{"line":122,"column":22}},"loc":{"start":{"line":122,"column":48},"end":{"line":125,"column":1}},"line":122},"8":{"name":"(anonymous_8)","decl":{"start":{"line":127,"column":12},"end":{"line":127,"column":13}},"loc":{"start":{"line":127,"column":18},"end":{"line":129,"column":3}},"line":127},"9":{"name":"(anonymous_9)","decl":{"start":{"line":133,"column":15},"end":{"line":133,"column":16}},"loc":{"start":{"line":135,"column":4},"end":{"line":146,"column":11}},"line":135},"10":{"name":"(anonymous_10)","decl":{"start":{"line":151,"column":16},"end":{"line":151,"column":17}},"loc":{"start":{"line":151,"column":24},"end":{"line":160,"column":3}},"line":151},"11":{"name":"(anonymous_11)","decl":{"start":{"line":173,"column":22},"end":{"line":173,"column":23}},"loc":{"start":{"line":173,"column":34},"end":{"line":173,"column":55}},"line":173}},"branchMap":{"0":{"loc":{"start":{"line":203,"column":9},"end":{"line":253,"column":24}},"type":"cond-expr","locations":[{"start":{"line":203,"column":18},"end":{"line":253,"column":18}},{"start":{"line":253,"column":20},"end":{"line":253,"column":24}}],"line":203}},"s":{"0":0,"1":0,"2":0,"3":0,"4":0,"5":0,"6":0,"7":0,"8":0,"9":0,"10":0,"11":0,"12":0,"13":0,"14":0,"15":0,"16":0,"17":0,"18":0,"19":0,"20":0,"21":0,"22":0,"23":0,"24":0,"25":0,"26":0,"27":0,"28":0,"29":0,"30":0,"31":0,"32":0,"33":0,"34":0,"35":0,"36":0,"37":0,"38":0,"39":0,"40":0,"41":0,"42":0,"43":0,"44":0,"45":0,"46":0,"47":0,"48":0,"49":0,"50":0,"51":0,"52":0,"53":0,"54":0,"55":0,"56":0,"57":0,"58":0,"59":0,"60":0,"61":0,"62":0,"63":0,"64":0,"65":0,"66":0,"67":0,"68":0},"f":{"0":0,"1":0,"2":0,"3":0,"4":0,"5":0,"6":0,"7":0,"8":0,"9":0,"10":0,"11":0},"b":{"0":[0,0]}}
,"C:\\Users\\amaan\\Desktop\\Spotify-Match\\screens\\AddImagesScreen.js": {"path":"C:\\Users\\amaan\\Desktop\\Spotify-Match\\screens\\AddImagesScreen.js","statementMap":{"0":{"start":{"line":30,"column":15},"end":{"line":30,"column":45}},"1":{"start":{"line":31,"column":16},"end":{"line":31,"column":47}},"2":{"start":{"line":33,"column":21},"end":{"line":33,"column":36}},"3":{"start":{"line":34,"column":30},"end":{"line":34,"column":44}},"4":{"start":{"line":35,"column":30},"end":{"line":35,"column":44}},"5":{"start":{"line":36,"column":30},"end":{"line":36,"column":44}},"6":{"start":{"line":37,"column":30},"end":{"line":37,"column":44}},"7":{"start":{"line":40,"column":24},"end":{"line":43,"column":4}},"8":{"start":{"line":45,"column":27},"end":{"line":49,"column":19}},"9":{"start":{"line":46,"column":4},"end":{"line":48,"column":5}},"10":{"start":{"line":47,"column":6},"end":{"line":47,"column":37}},"11":{"start":{"line":51,"column":2},"end":{"line":53,"column":3}},"12":{"start":{"line":52,"column":4},"end":{"line":52,"column":16}},"13":{"start":{"line":56,"column":21},"end":{"line":76,"column":3}},"14":{"start":{"line":58,"column":17},"end":{"line":67,"column":6}},"15":{"start":{"line":70,"column":4},"end":{"line":75,"column":5}},"16":{"start":{"line":71,"column":6},"end":{"line":71,"column":38}},"17":{"start":{"line":72,"column":6},"end":{"line":72,"column":38}},"18":{"start":{"line":73,"column":6},"end":{"line":73,"column":38}},"19":{"start":{"line":74,"column":6},"end":{"line":74,"column":38}},"20":{"start":{"line":78,"column":22},"end":{"line":104,"column":3}},"21":{"start":{"line":79,"column":17},"end":{"line":84,"column":6}},"22":{"start":{"line":86,"column":4},"end":{"line":86,"column":24}},"23":{"start":{"line":88,"column":4},"end":{"line":91,"column":5}},"24":{"start":{"line":89,"column":6},"end":{"line":89,"column":38}},"25":{"start":{"line":90,"column":6},"end":{"line":90,"column":26}},"26":{"start":{"line":92,"column":4},"end":{"line":95,"column":5}},"27":{"start":{"line":93,"column":6},"end":{"line":93,"column":38}},"28":{"start":{"line":94,"column":6},"end":{"line":94,"column":29}},"29":{"start":{"line":96,"column":4},"end":{"line":99,"column":5}},"30":{"start":{"line":97,"column":6},"end":{"line":97,"column":38}},"31":{"start":{"line":98,"column":6},"end":{"line":98,"column":29}},"32":{"start":{"line":100,"column":4},"end":{"line":103,"column":5}},"33":{"start":{"line":101,"column":6},"end":{"line":101,"column":38}},"34":{"start":{"line":102,"column":6},"end":{"line":102,"column":29}},"35":{"start":{"line":107,"column":22},"end":{"line":137,"column":3}},"36":{"start":{"line":109,"column":23},"end":{"line":109,"column":67}},"37":{"start":{"line":110,"column":4},"end":{"line":136,"column":5}},"38":{"start":{"line":111,"column":6},"end":{"line":133,"column":7}},"39":{"start":{"line":112,"column":22},"end":{"line":112,"column":63}},"40":{"start":{"line":113,"column":22},"end":{"line":113,"column":64}},"41":{"start":{"line":115,"column":8},"end":{"line":129,"column":9}},"42":{"start":{"line":116,"column":10},"end":{"line":122,"column":13}},"43":{"start":{"line":118,"column":12},"end":{"line":118,"column":38}},"44":{"start":{"line":121,"column":12},"end":{"line":121,"column":40}},"45":{"start":{"line":123,"column":10},"end":{"line":123,"column":40}},"46":{"start":{"line":127,"column":10},"end":{"line":127,"column":36}},"47":{"start":{"line":128,"column":10},"end":{"line":128,"column":73}},"48":{"start":{"line":132,"column":8},"end":{"line":132,"column":27}},"49":{"start":{"line":135,"column":6},"end":{"line":135,"column":43}},"50":{"start":{"line":140,"column":2},"end":{"line":194,"column":4}},"51":{"start":{"line":152,"column":44},"end":{"line":152,"column":59}},"52":{"start":{"line":160,"column":44},"end":{"line":160,"column":59}},"53":{"start":{"line":164,"column":44},"end":{"line":164,"column":59}},"54":{"start":{"line":168,"column":44},"end":{"line":168,"column":59}},"55":{"start":{"line":182,"column":10},"end":{"line":182,"column":30}},"56":{"start":{"line":183,"column":10},"end":{"line":183,"column":30}},"57":{"start":{"line":184,"column":10},"end":{"line":184,"column":30}},"58":{"start":{"line":185,"column":10},"end":{"line":185,"column":30}},"59":{"start":{"line":186,"column":10},"end":{"line":186,"column":38}},"60":{"start":{"line":199,"column":15},"end":{"line":267,"column":2}}},"fnMap":{"0":{"name":"Add_images","decl":{"start":{"line":32,"column":24},"end":{"line":32,"column":34}},"loc":{"start":{"line":32,"column":37},"end":{"line":195,"column":1}},"line":32},"1":{"name":"(anonymous_1)","decl":{"start":{"line":45,"column":39},"end":{"line":45,"column":40}},"loc":{"start":{"line":45,"column":51},"end":{"line":49,"column":3}},"line":45},"2":{"name":"(anonymous_2)","decl":{"start":{"line":56,"column":21},"end":{"line":56,"column":22}},"loc":{"start":{"line":56,"column":33},"end":{"line":76,"column":3}},"line":56},"3":{"name":"(anonymous_3)","decl":{"start":{"line":78,"column":22},"end":{"line":78,"column":23}},"loc":{"start":{"line":78,"column":39},"end":{"line":104,"column":3}},"line":78},"4":{"name":"(anonymous_4)","decl":{"start":{"line":107,"column":22},"end":{"line":107,"column":23}},"loc":{"start":{"line":107,"column":38},"end":{"line":137,"column":3}},"line":107},"5":{"name":"(anonymous_5)","decl":{"start":{"line":117,"column":16},"end":{"line":117,"column":17}},"loc":{"start":{"line":117,"column":22},"end":{"line":119,"column":11}},"line":117},"6":{"name":"(anonymous_6)","decl":{"start":{"line":120,"column":17},"end":{"line":120,"column":18}},"loc":{"start":{"line":120,"column":23},"end":{"line":122,"column":11}},"line":120},"7":{"name":"(anonymous_7)","decl":{"start":{"line":152,"column":37},"end":{"line":152,"column":38}},"loc":{"start":{"line":152,"column":43},"end":{"line":152,"column":60}},"line":152},"8":{"name":"(anonymous_8)","decl":{"start":{"line":160,"column":37},"end":{"line":160,"column":38}},"loc":{"start":{"line":160,"column":43},"end":{"line":160,"column":60}},"line":160},"9":{"name":"(anonymous_9)","decl":{"start":{"line":164,"column":37},"end":{"line":164,"column":38}},"loc":{"start":{"line":164,"column":43},"end":{"line":164,"column":60}},"line":164},"10":{"name":"(anonymous_10)","decl":{"start":{"line":168,"column":37},"end":{"line":168,"column":38}},"loc":{"start":{"line":168,"column":43},"end":{"line":168,"column":60}},"line":168},"11":{"name":"(anonymous_11)","decl":{"start":{"line":181,"column":17},"end":{"line":181,"column":18}},"loc":{"start":{"line":181,"column":23},"end":{"line":187,"column":9}},"line":181}},"branchMap":{"0":{"loc":{"start":{"line":46,"column":4},"end":{"line":48,"column":5}},"type":"if","locations":[{"start":{"line":46,"column":4},"end":{"line":48,"column":5}},{"start":{},"end":{}}],"line":46},"1":{"loc":{"start":{"line":51,"column":2},"end":{"line":53,"column":3}},"type":"if","locations":[{"start":{"line":51,"column":2},"end":{"line":53,"column":3}},{"start":{},"end":{}}],"line":51},"2":{"loc":{"start":{"line":70,"column":4},"end":{"line":75,"column":5}},"type":"if","locations":[{"start":{"line":70,"column":4},"end":{"line":75,"column":5}},{"start":{},"end":{}}],"line":70},"3":{"loc":{"start":{"line":88,"column":4},"end":{"line":91,"column":5}},"type":"if","locations":[{"start":{"line":88,"column":4},"end":{"line":91,"column":5}},{"start":{},"end":{}}],"line":88},"4":{"loc":{"start":{"line":92,"column":4},"end":{"line":95,"column":5}},"type":"if","locations":[{"start":{"line":92,"column":4},"end":{"line":95,"column":5}},{"start":{},"end":{}}],"line":92},"5":{"loc":{"start":{"line":96,"column":4},"end":{"line":99,"column":5}},"type":"if","locations":[{"start":{"line":96,"column":4},"end":{"line":99,"column":5}},{"start":{},"end":{}}],"line":96},"6":{"loc":{"start":{"line":100,"column":4},"end":{"line":103,"column":5}},"type":"if","locations":[{"start":{"line":100,"column":4},"end":{"line":103,"column":5}},{"start":{},"end":{}}],"line":100},"7":{"loc":{"start":{"line":110,"column":4},"end":{"line":136,"column":5}},"type":"if","locations":[{"start":{"line":110,"column":4},"end":{"line":136,"column":5}},{"start":{"line":134,"column":11},"end":{"line":136,"column":5}}],"line":110},"8":{"loc":{"start":{"line":115,"column":8},"end":{"line":129,"column":9}},"type":"if","locations":[{"start":{"line":115,"column":8},"end":{"line":129,"column":9}},{"start":{"line":126,"column":15},"end":{"line":129,"column":9}}],"line":115}},"s":{"0":0,"1":0,"2":0,"3":0,"4":0,"5":0,"6":0,"7":0,"8":0,"9":0,"10":0,"11":0,"12":0,"13":0,"14":0,"15":0,"16":0,"17":0,"18":0,"19":0,"20":0,"21":0,"22":0,"23":0,"24":0,"25":0,"26":0,"27":0,"28":0,"29":0,"30":0,"31":0,"32":0,"33":0,"34":0,"35":0,"36":0,"37":0,"38":0,"39":0,"40":0,"41":0,"42":0,"43":0,"44":0,"45":0,"46":0,"47":0,"48":0,"49":0,"50":0,"51":0,"52":0,"53":0,"54":0,"55":0,"56":0,"57":0,"58":0,"59":0,"60":0},"f":{"0":0,"1":0,"2":0,"3":0,"4":0,"5":0,"6":0,"7":0,"8":0,"9":0,"10":0,"11":0},"b":{"0":[0,0],"1":[0,0],"2":[0,0],"3":[0,0],"4":[0,0],"5":[0,0],"6":[0,0],"7":[0,0],"8":[0,0]}}
,"C:\\Users\\amaan\\Desktop\\Spotify-Match\\screens\\HomeScreen.js": {"path":"C:\\Users\\amaan\\Desktop\\Spotify-Match\\screens\\HomeScreen.js","statementMap":{"0":{"start":{"line":10,"column":12},"end":{"line":23,"column":1}},"1":{"start":{"line":28,"column":32},"end":{"line":28,"column":44}},"2":{"start":{"line":29,"column":38},"end":{"line":29,"column":50}},"3":{"start":{"line":31,"column":32},"end":{"line":31,"column":44}},"4":{"start":{"line":33,"column":20},"end":{"line":48,"column":3}},"5":{"start":{"line":34,"column":4},"end":{"line":47,"column":11}},"6":{"start":{"line":38,"column":10},"end":{"line":38,"column":42}},"7":{"start":{"line":39,"column":10},"end":{"line":39,"column":30}},"8":{"start":{"line":40,"column":10},"end":{"line":43,"column":13}},"9":{"start":{"line":40,"column":57},"end":{"line":43,"column":9}},"10":{"start":{"line":44,"column":8},"end":{"line":44,"column":28}},"11":{"start":{"line":49,"column":2},"end":{"line":53,"column":9}},"12":{"start":{"line":51,"column":4},"end":{"line":51,"column":17}},"13":{"start":{"line":55,"column":2},"end":{"line":124,"column":4}},"14":{"start":{"line":65,"column":10},"end":{"line":67,"column":17}},"15":{"start":{"line":70,"column":10},"end":{"line":73,"column":17}},"16":{"start":{"line":77,"column":27},"end":{"line":81,"column":11}},"17":{"start":{"line":82,"column":10},"end":{"line":82,"column":95}},"18":{"start":{"line":83,"column":10},"end":{"line":89,"column":13}},"19":{"start":{"line":85,"column":12},"end":{"line":85,"column":55}},"20":{"start":{"line":88,"column":12},"end":{"line":88,"column":54}},"21":{"start":{"line":92,"column":28},"end":{"line":96,"column":11}},"22":{"start":{"line":97,"column":10},"end":{"line":97,"column":96}},"23":{"start":{"line":98,"column":10},"end":{"line":104,"column":13}},"24":{"start":{"line":100,"column":12},"end":{"line":100,"column":55}},"25":{"start":{"line":103,"column":12},"end":{"line":103,"column":54}},"26":{"start":{"line":107,"column":10},"end":{"line":109,"column":17}},"27":{"start":{"line":113,"column":10},"end":{"line":115,"column":17}},"28":{"start":{"line":127,"column":15},"end":{"line":204,"column":2}}},"fnMap":{"0":{"name":"App","decl":{"start":{"line":27,"column":24},"end":{"line":27,"column":27}},"loc":{"start":{"line":27,"column":30},"end":{"line":125,"column":1}},"line":27},"1":{"name":"(anonymous_1)","decl":{"start":{"line":33,"column":20},"end":{"line":33,"column":21}},"loc":{"start":{"line":33,"column":26},"end":{"line":48,"column":3}},"line":33},"2":{"name":"(anonymous_2)","decl":{"start":{"line":36,"column":14},"end":{"line":36,"column":15}},"loc":{"start":{"line":36,"column":28},"end":{"line":47,"column":9}},"line":36},"3":{"name":"(anonymous_3)","decl":{"start":{"line":40,"column":39},"end":{"line":40,"column":40}},"loc":{"start":{"line":40,"column":57},"end":{"line":43,"column":9}},"line":40},"4":{"name":"(anonymous_4)","decl":{"start":{"line":49,"column":12},"end":{"line":49,"column":13}},"loc":{"start":{"line":49,"column":18},"end":{"line":53,"column":3}},"line":49},"5":{"name":"(anonymous_5)","decl":{"start":{"line":64,"column":26},"end":{"line":64,"column":27}},"loc":{"start":{"line":65,"column":10},"end":{"line":67,"column":17}},"line":65},"6":{"name":"(anonymous_6)","decl":{"start":{"line":69,"column":20},"end":{"line":69,"column":21}},"loc":{"start":{"line":70,"column":10},"end":{"line":73,"column":17}},"line":70},"7":{"name":"(anonymous_7)","decl":{"start":{"line":76,"column":22},"end":{"line":76,"column":23}},"loc":{"start":{"line":76,"column":30},"end":{"line":90,"column":9}},"line":76},"8":{"name":"(anonymous_8)","decl":{"start":{"line":84,"column":16},"end":{"line":84,"column":17}},"loc":{"start":{"line":84,"column":30},"end":{"line":86,"column":11}},"line":84},"9":{"name":"(anonymous_9)","decl":{"start":{"line":87,"column":17},"end":{"line":87,"column":18}},"loc":{"start":{"line":87,"column":28},"end":{"line":89,"column":11}},"line":87},"10":{"name":"(anonymous_10)","decl":{"start":{"line":91,"column":24},"end":{"line":91,"column":25}},"loc":{"start":{"line":91,"column":32},"end":{"line":105,"column":9}},"line":91},"11":{"name":"(anonymous_11)","decl":{"start":{"line":99,"column":16},"end":{"line":99,"column":17}},"loc":{"start":{"line":99,"column":30},"end":{"line":101,"column":11}},"line":99},"12":{"name":"(anonymous_12)","decl":{"start":{"line":102,"column":17},"end":{"line":102,"column":18}},"loc":{"start":{"line":102,"column":28},"end":{"line":104,"column":11}},"line":102},"13":{"name":"(anonymous_13)","decl":{"start":{"line":106,"column":19},"end":{"line":106,"column":20}},"loc":{"start":{"line":107,"column":10},"end":{"line":109,"column":17}},"line":107},"14":{"name":"(anonymous_14)","decl":{"start":{"line":112,"column":20},"end":{"line":112,"column":21}},"loc":{"start":{"line":113,"column":10},"end":{"line":115,"column":17}},"line":113}},"branchMap":{"0":{"loc":{"start":{"line":58,"column":3},"end":{"line":120,"column":11}},"type":"binary-expr","locations":[{"start":{"line":58,"column":3},"end":{"line":58,"column":21}},{"start":{"line":59,"column":2},"end":{"line":119,"column":12}}],"line":58}},"s":{"0":0,"1":0,"2":0,"3":0,"4":0,"5":0,"6":0,"7":0,"8":0,"9":0,"10":0,"11":0,"12":0,"13":0,"14":0,"15":0,"16":0,"17":0,"18":0,"19":0,"20":0,"21":0,"22":0,"23":0,"24":0,"25":0,"26":0,"27":0,"28":0},"f":{"0":0,"1":0,"2":0,"3":0,"4":0,"5":0,"6":0,"7":0,"8":0,"9":0,"10":0,"11":0,"12":0,"13":0,"14":0},"b":{"0":[0,0]}}
,"C:\\Users\\amaan\\Desktop\\Spotify-Match\\screens\\MatchesScreen.js": {"path":"C:\\Users\\amaan\\Desktop\\Spotify-Match\\screens\\MatchesScreen.js","statementMap":{"0":{"start":{"line":78,"column":16},"end":{"line":78,"column":18}},"1":{"start":{"line":80,"column":21},"end":{"line":105,"column":3}},"2":{"start":{"line":81,"column":23},"end":{"line":81,"column":38}},"3":{"start":{"line":82,"column":16},"end":{"line":82,"column":60}},"4":{"start":{"line":84,"column":4},"end":{"line":104,"column":6}},"5":{"start":{"line":92,"column":36},"end":{"line":92,"column":76}},"6":{"start":{"line":107,"column":19},"end":{"line":107,"column":43}},"7":{"start":{"line":109,"column":22},"end":{"line":189,"column":3}},"8":{"start":{"line":121,"column":34},"end":{"line":121,"column":46}},"9":{"start":{"line":122,"column":22},"end":{"line":122,"column":36}},"10":{"start":{"line":124,"column":23},"end":{"line":131,"column":5}},"11":{"start":{"line":125,"column":6},"end":{"line":130,"column":10}},"12":{"start":{"line":128,"column":10},"end":{"line":128,"column":37}},"13":{"start":{"line":129,"column":10},"end":{"line":129,"column":39}},"14":{"start":{"line":133,"column":4},"end":{"line":135,"column":11}},"15":{"start":{"line":134,"column":6},"end":{"line":134,"column":19}},"16":{"start":{"line":137,"column":4},"end":{"line":139,"column":19}},"17":{"start":{"line":138,"column":6},"end":{"line":138,"column":31}},"18":{"start":{"line":141,"column":26},"end":{"line":141,"column":44}},"19":{"start":{"line":143,"column":4},"end":{"line":188,"column":6}},"20":{"start":{"line":152,"column":14},"end":{"line":158,"column":15}},"21":{"start":{"line":153,"column":18},"end":{"line":157,"column":19}},"22":{"start":{"line":160,"column":14},"end":{"line":164,"column":16}},"23":{"start":{"line":179,"column":12},"end":{"line":184,"column":15}},"24":{"start":{"line":191,"column":17},"end":{"line":258,"column":4}}},"fnMap":{"0":{"name":"(anonymous_0)","decl":{"start":{"line":80,"column":21},"end":{"line":80,"column":22}},"loc":{"start":{"line":80,"column":38},"end":{"line":105,"column":3}},"line":80},"1":{"name":"(anonymous_1)","decl":{"start":{"line":92,"column":30},"end":{"line":92,"column":31}},"loc":{"start":{"line":92,"column":36},"end":{"line":92,"column":76}},"line":92},"2":{"name":"(anonymous_2)","decl":{"start":{"line":109,"column":22},"end":{"line":109,"column":23}},"loc":{"start":{"line":109,"column":28},"end":{"line":189,"column":3}},"line":109},"3":{"name":"(anonymous_3)","decl":{"start":{"line":124,"column":23},"end":{"line":124,"column":24}},"loc":{"start":{"line":124,"column":29},"end":{"line":131,"column":5}},"line":124},"4":{"name":"(anonymous_4)","decl":{"start":{"line":127,"column":14},"end":{"line":127,"column":15}},"loc":{"start":{"line":127,"column":28},"end":{"line":130,"column":9}},"line":127},"5":{"name":"(anonymous_5)","decl":{"start":{"line":133,"column":14},"end":{"line":133,"column":15}},"loc":{"start":{"line":133,"column":20},"end":{"line":135,"column":5}},"line":133},"6":{"name":"(anonymous_6)","decl":{"start":{"line":137,"column":14},"end":{"line":137,"column":15}},"loc":{"start":{"line":137,"column":20},"end":{"line":139,"column":5}},"line":137},"7":{"name":"(anonymous_7)","decl":{"start":{"line":151,"column":14},"end":{"line":151,"column":15}},"loc":{"start":{"line":151,"column":20},"end":{"line":165,"column":13}},"line":151},"8":{"name":"(anonymous_8)","decl":{"start":{"line":178,"column":22},"end":{"line":178,"column":23}},"loc":{"start":{"line":179,"column":12},"end":{"line":184,"column":15}},"line":179}},"branchMap":{"0":{"loc":{"start":{"line":138,"column":6},"end":{"line":138,"column":31}},"type":"binary-expr","locations":[{"start":{"line":138,"column":6},"end":{"line":138,"column":15}},{"start":{"line":138,"column":19},"end":{"line":138,"column":31}}],"line":138},"1":{"loc":{"start":{"line":152,"column":14},"end":{"line":158,"column":15}},"type":"if","locations":[{"start":{"line":152,"column":14},"end":{"line":158,"column":15}},{"start":{},"end":{}}],"line":152}},"s":{"0":0,"1":0,"2":0,"3":0,"4":0,"5":0,"6":0,"7":0,"8":0,"9":0,"10":0,"11":0,"12":0,"13":0,"14":0,"15":0,"16":0,"17":0,"18":0,"19":0,"20":0,"21":0,"22":0,"23":0,"24":0},"f":{"0":0,"1":0,"2":0,"3":0,"4":0,"5":0,"6":0,"7":0,"8":0},"b":{"0":[0,0],"1":[0,0]}}
,"C:\\Users\\amaan\\Desktop\\Spotify-Match\\screens\\ProfileScreen.js": {"path":"C:\\Users\\amaan\\Desktop\\Spotify-Match\\screens\\ProfileScreen.js","statementMap":{"0":{"start":{"line":64,"column":14},"end":{"line":64,"column":44}},"1":{"start":{"line":69,"column":38},"end":{"line":69,"column":52}},"2":{"start":{"line":71,"column":32},"end":{"line":71,"column":46}},"3":{"start":{"line":72,"column":32},"end":{"line":72,"column":46}},"4":{"start":{"line":73,"column":32},"end":{"line":73,"column":46}},"5":{"start":{"line":74,"column":32},"end":{"line":74,"column":46}},"6":{"start":{"line":77,"column":17},"end":{"line":77,"column":49}},"7":{"start":{"line":79,"column":32},"end":{"line":79,"column":45}},"8":{"start":{"line":82,"column":28},"end":{"line":82,"column":42}},"9":{"start":{"line":83,"column":38},"end":{"line":83,"column":58}},"10":{"start":{"line":85,"column":26},"end":{"line":85,"column":40}},"11":{"start":{"line":87,"column":32},"end":{"line":87,"column":46}},"12":{"start":{"line":88,"column":30},"end":{"line":88,"column":44}},"13":{"start":{"line":90,"column":54},"end":{"line":90,"column":68}},"14":{"start":{"line":91,"column":36},"end":{"line":91,"column":50}},"15":{"start":{"line":93,"column":36},"end":{"line":93,"column":50}},"16":{"start":{"line":95,"column":38},"end":{"line":95,"column":52}},"17":{"start":{"line":96,"column":38},"end":{"line":96,"column":52}},"18":{"start":{"line":97,"column":38},"end":{"line":97,"column":52}},"19":{"start":{"line":99,"column":34},"end":{"line":99,"column":48}},"20":{"start":{"line":100,"column":34},"end":{"line":100,"column":48}},"21":{"start":{"line":101,"column":34},"end":{"line":101,"column":48}},"22":{"start":{"line":103,"column":20},"end":{"line":107,"column":5}},"23":{"start":{"line":109,"column":31},"end":{"line":116,"column":5}},"24":{"start":{"line":118,"column":17},"end":{"line":122,"column":5}},"25":{"start":{"line":126,"column":4},"end":{"line":139,"column":10}},"26":{"start":{"line":127,"column":8},"end":{"line":137,"column":11}},"27":{"start":{"line":129,"column":12},"end":{"line":129,"column":49}},"28":{"start":{"line":130,"column":12},"end":{"line":130,"column":56}},"29":{"start":{"line":131,"column":12},"end":{"line":131,"column":69}},"30":{"start":{"line":132,"column":12},"end":{"line":132,"column":53}},"31":{"start":{"line":133,"column":12},"end":{"line":133,"column":51}},"32":{"start":{"line":136,"column":12},"end":{"line":136,"column":31}},"33":{"start":{"line":142,"column":21},"end":{"line":158,"column":5}},"34":{"start":{"line":143,"column":8},"end":{"line":157,"column":11}},"35":{"start":{"line":153,"column":12},"end":{"line":153,"column":34}},"36":{"start":{"line":156,"column":12},"end":{"line":156,"column":31}},"37":{"start":{"line":163,"column":26},"end":{"line":165,"column":6}},"38":{"start":{"line":167,"column":29},"end":{"line":171,"column":21}},"39":{"start":{"line":168,"column":8},"end":{"line":170,"column":9}},"40":{"start":{"line":169,"column":12},"end":{"line":169,"column":43}},"41":{"start":{"line":173,"column":4},"end":{"line":175,"column":5}},"42":{"start":{"line":174,"column":8},"end":{"line":174,"column":20}},"43":{"start":{"line":180,"column":24},"end":{"line":207,"column":5}},"44":{"start":{"line":181,"column":8},"end":{"line":181,"column":26}},"45":{"start":{"line":182,"column":21},"end":{"line":187,"column":10}},"46":{"start":{"line":189,"column":8},"end":{"line":189,"column":28}},"47":{"start":{"line":191,"column":8},"end":{"line":194,"column":9}},"48":{"start":{"line":192,"column":8},"end":{"line":192,"column":40}},"49":{"start":{"line":193,"column":8},"end":{"line":193,"column":28}},"50":{"start":{"line":195,"column":8},"end":{"line":198,"column":9}},"51":{"start":{"line":196,"column":8},"end":{"line":196,"column":40}},"52":{"start":{"line":197,"column":8},"end":{"line":197,"column":31}},"53":{"start":{"line":199,"column":8},"end":{"line":202,"column":9}},"54":{"start":{"line":200,"column":8},"end":{"line":200,"column":40}},"55":{"start":{"line":201,"column":8},"end":{"line":201,"column":31}},"56":{"start":{"line":203,"column":8},"end":{"line":206,"column":9}},"57":{"start":{"line":204,"column":8},"end":{"line":204,"column":40}},"58":{"start":{"line":205,"column":8},"end":{"line":205,"column":31}},"59":{"start":{"line":211,"column":24},"end":{"line":241,"column":5}},"60":{"start":{"line":213,"column":27},"end":{"line":213,"column":71}},"61":{"start":{"line":214,"column":8},"end":{"line":240,"column":9}},"62":{"start":{"line":215,"column":8},"end":{"line":237,"column":9}},"63":{"start":{"line":216,"column":26},"end":{"line":216,"column":67}},"64":{"start":{"line":217,"column":26},"end":{"line":217,"column":68}},"65":{"start":{"line":219,"column":12},"end":{"line":233,"column":13}},"66":{"start":{"line":220,"column":12},"end":{"line":226,"column":15}},"67":{"start":{"line":222,"column":16},"end":{"line":222,"column":42}},"68":{"start":{"line":225,"column":16},"end":{"line":225,"column":44}},"69":{"start":{"line":227,"column":12},"end":{"line":227,"column":42}},"70":{"start":{"line":231,"column":12},"end":{"line":231,"column":38}},"71":{"start":{"line":232,"column":12},"end":{"line":232,"column":75}},"72":{"start":{"line":236,"column":12},"end":{"line":236,"column":31}},"73":{"start":{"line":239,"column":8},"end":{"line":239,"column":45}},"74":{"start":{"line":244,"column":4},"end":{"line":446,"column":6}},"75":{"start":{"line":262,"column":28},"end":{"line":264,"column":47}},"76":{"start":{"line":262,"column":89},"end":{"line":262,"column":110}},"77":{"start":{"line":276,"column":45},"end":{"line":276,"column":59}},"78":{"start":{"line":276,"column":60},"end":{"line":276,"column":77}},"79":{"start":{"line":297,"column":36},"end":{"line":297,"column":41}},"80":{"start":{"line":298,"column":32},"end":{"line":298,"column":55}},"81":{"start":{"line":299,"column":32},"end":{"line":302,"column":33}},"82":{"start":{"line":300,"column":36},"end":{"line":300,"column":64}},"83":{"start":{"line":301,"column":36},"end":{"line":301,"column":55}},"84":{"start":{"line":313,"column":53},"end":{"line":313,"column":74}},"85":{"start":{"line":325,"column":44},"end":{"line":325,"column":55}},"86":{"start":{"line":338,"column":49},"end":{"line":338,"column":66}},"87":{"start":{"line":352,"column":60},"end":{"line":352,"column":99}},"88":{"start":{"line":372,"column":44},"end":{"line":372,"column":67}},"89":{"start":{"line":385,"column":43},"end":{"line":385,"column":62}},"90":{"start":{"line":392,"column":44},"end":{"line":392,"column":67}},"91":{"start":{"line":405,"column":43},"end":{"line":405,"column":62}},"92":{"start":{"line":412,"column":44},"end":{"line":412,"column":67}},"93":{"start":{"line":426,"column":43},"end":{"line":426,"column":62}},"94":{"start":{"line":450,"column":15},"end":{"line":644,"column":2}}},"fnMap":{"0":{"name":"Edit_user_profile","decl":{"start":{"line":67,"column":24},"end":{"line":67,"column":41}},"loc":{"start":{"line":67,"column":44},"end":{"line":447,"column":1}},"line":67},"1":{"name":"(anonymous_1)","decl":{"start":{"line":126,"column":14},"end":{"line":126,"column":15}},"loc":{"start":{"line":126,"column":20},"end":{"line":139,"column":5}},"line":126},"2":{"name":"(anonymous_2)","decl":{"start":{"line":128,"column":14},"end":{"line":128,"column":15}},"loc":{"start":{"line":128,"column":34},"end":{"line":134,"column":9}},"line":128},"3":{"name":"(anonymous_3)","decl":{"start":{"line":135,"column":15},"end":{"line":135,"column":16}},"loc":{"start":{"line":135,"column":32},"end":{"line":137,"column":9}},"line":135},"4":{"name":"(anonymous_4)","decl":{"start":{"line":142,"column":21},"end":{"line":142,"column":22}},"loc":{"start":{"line":142,"column":27},"end":{"line":158,"column":5}},"line":142},"5":{"name":"(anonymous_5)","decl":{"start":{"line":152,"column":14},"end":{"line":152,"column":15}},"loc":{"start":{"line":152,"column":34},"end":{"line":154,"column":9}},"line":152},"6":{"name":"(anonymous_6)","decl":{"start":{"line":155,"column":15},"end":{"line":155,"column":16}},"loc":{"start":{"line":155,"column":32},"end":{"line":157,"column":9}},"line":155},"7":{"name":"(anonymous_7)","decl":{"start":{"line":167,"column":41},"end":{"line":167,"column":42}},"loc":{"start":{"line":167,"column":53},"end":{"line":171,"column":5}},"line":167},"8":{"name":"(anonymous_8)","decl":{"start":{"line":180,"column":24},"end":{"line":180,"column":25}},"loc":{"start":{"line":180,"column":41},"end":{"line":207,"column":5}},"line":180},"9":{"name":"(anonymous_9)","decl":{"start":{"line":211,"column":24},"end":{"line":211,"column":25}},"loc":{"start":{"line":211,"column":40},"end":{"line":241,"column":5}},"line":211},"10":{"name":"(anonymous_10)","decl":{"start":{"line":221,"column":18},"end":{"line":221,"column":19}},"loc":{"start":{"line":221,"column":24},"end":{"line":223,"column":13}},"line":221},"11":{"name":"(anonymous_11)","decl":{"start":{"line":224,"column":19},"end":{"line":224,"column":20}},"loc":{"start":{"line":224,"column":25},"end":{"line":226,"column":13}},"line":224},"12":{"name":"(anonymous_12)","decl":{"start":{"line":261,"column":35},"end":{"line":261,"column":36}},"loc":{"start":{"line":262,"column":28},"end":{"line":264,"column":47}},"line":262},"13":{"name":"(anonymous_13)","decl":{"start":{"line":262,"column":82},"end":{"line":262,"column":83}},"loc":{"start":{"line":262,"column":88},"end":{"line":262,"column":111}},"line":262},"14":{"name":"(anonymous_14)","decl":{"start":{"line":276,"column":34},"end":{"line":276,"column":35}},"loc":{"start":{"line":276,"column":44},"end":{"line":276,"column":78}},"line":276},"15":{"name":"(anonymous_15)","decl":{"start":{"line":293,"column":38},"end":{"line":293,"column":39}},"loc":{"start":{"line":293,"column":55},"end":{"line":303,"column":29}},"line":293},"16":{"name":"(anonymous_16)","decl":{"start":{"line":313,"column":38},"end":{"line":313,"column":39}},"loc":{"start":{"line":313,"column":52},"end":{"line":313,"column":75}},"line":313},"17":{"name":"(anonymous_17)","decl":{"start":{"line":325,"column":34},"end":{"line":325,"column":35}},"loc":{"start":{"line":325,"column":43},"end":{"line":325,"column":56}},"line":325},"18":{"name":"(anonymous_18)","decl":{"start":{"line":338,"column":37},"end":{"line":338,"column":38}},"loc":{"start":{"line":338,"column":49},"end":{"line":338,"column":66}},"line":338},"19":{"name":"(anonymous_19)","decl":{"start":{"line":352,"column":37},"end":{"line":352,"column":38}},"loc":{"start":{"line":352,"column":60},"end":{"line":352,"column":99}},"line":352},"20":{"name":"(anonymous_20)","decl":{"start":{"line":372,"column":29},"end":{"line":372,"column":30}},"loc":{"start":{"line":372,"column":44},"end":{"line":372,"column":67}},"line":372},"21":{"name":"(anonymous_21)","decl":{"start":{"line":385,"column":30},"end":{"line":385,"column":31}},"loc":{"start":{"line":385,"column":43},"end":{"line":385,"column":62}},"line":385},"22":{"name":"(anonymous_22)","decl":{"start":{"line":392,"column":29},"end":{"line":392,"column":30}},"loc":{"start":{"line":392,"column":44},"end":{"line":392,"column":67}},"line":392},"23":{"name":"(anonymous_23)","decl":{"start":{"line":405,"column":30},"end":{"line":405,"column":31}},"loc":{"start":{"line":405,"column":43},"end":{"line":405,"column":62}},"line":405},"24":{"name":"(anonymous_24)","decl":{"start":{"line":412,"column":29},"end":{"line":412,"column":30}},"loc":{"start":{"line":412,"column":44},"end":{"line":412,"column":67}},"line":412},"25":{"name":"(anonymous_25)","decl":{"start":{"line":426,"column":30},"end":{"line":426,"column":31}},"loc":{"start":{"line":426,"column":43},"end":{"line":426,"column":62}},"line":426}},"branchMap":{"0":{"loc":{"start":{"line":168,"column":8},"end":{"line":170,"column":9}},"type":"if","locations":[{"start":{"line":168,"column":8},"end":{"line":170,"column":9}},{"start":{},"end":{}}],"line":168},"1":{"loc":{"start":{"line":173,"column":4},"end":{"line":175,"column":5}},"type":"if","locations":[{"start":{"line":173,"column":4},"end":{"line":175,"column":5}},{"start":{},"end":{}}],"line":173},"2":{"loc":{"start":{"line":191,"column":8},"end":{"line":194,"column":9}},"type":"if","locations":[{"start":{"line":191,"column":8},"end":{"line":194,"column":9}},{"start":{},"end":{}}],"line":191},"3":{"loc":{"start":{"line":195,"column":8},"end":{"line":198,"column":9}},"type":"if","locations":[{"start":{"line":195,"column":8},"end":{"line":198,"column":9}},{"start":{},"end":{}}],"line":195},"4":{"loc":{"start":{"line":199,"column":8},"end":{"line":202,"column":9}},"type":"if","locations":[{"start":{"line":199,"column":8},"end":{"line":202,"column":9}},{"start":{},"end":{}}],"line":199},"5":{"loc":{"start":{"line":203,"column":8},"end":{"line":206,"column":9}},"type":"if","locations":[{"start":{"line":203,"column":8},"end":{"line":206,"column":9}},{"start":{},"end":{}}],"line":203},"6":{"loc":{"start":{"line":214,"column":8},"end":{"line":240,"column":9}},"type":"if","locations":[{"start":{"line":214,"column":8},"end":{"line":240,"column":9}},{"start":{"line":238,"column":15},"end":{"line":240,"column":9}}],"line":214},"7":{"loc":{"start":{"line":219,"column":12},"end":{"line":233,"column":13}},"type":"if","locations":[{"start":{"line":219,"column":12},"end":{"line":233,"column":13}},{"start":{"line":230,"column":19},"end":{"line":233,"column":13}}],"line":219},"8":{"loc":{"start":{"line":299,"column":32},"end":{"line":302,"column":33}},"type":"if","locations":[{"start":{"line":299,"column":32},"end":{"line":302,"column":33}},{"start":{},"end":{}}],"line":299}},"s":{"0":0,"1":0,"2":0,"3":0,"4":0,"5":0,"6":0,"7":0,"8":0,"9":0,"10":0,"11":0,"12":0,"13":0,"14":0,"15":0,"16":0,"17":0,"18":0,"19":0,"20":0,"21":0,"22":0,"23":0,"24":0,"25":0,"26":0,"27":0,"28":0,"29":0,"30":0,"31":0,"32":0,"33":0,"34":0,"35":0,"36":0,"37":0,"38":0,"39":0,"40":0,"41":0,"42":0,"43":0,"44":0,"45":0,"46":0,"47":0,"48":0,"49":0,"50":0,"51":0,"52":0,"53":0,"54":0,"55":0,"56":0,"57":0,"58":0,"59":0,"60":0,"61":0,"62":0,"63":0,"64":0,"65":0,"66":0,"67":0,"68":0,"69":0,"70":0,"71":0,"72":0,"73":0,"74":0,"75":0,"76":0,"77":0,"78":0,"79":0,"80":0,"81":0,"82":0,"83":0,"84":0,"85":0,"86":0,"87":0,"88":0,"89":0,"90":0,"91":0,"92":0,"93":0,"94":0},"f":{"0":0,"1":0,"2":0,"3":0,"4":0,"5":0,"6":0,"7":0,"8":0,"9":0,"10":0,"11":0,"12":0,"13":0,"14":0,"15":0,"16":0,"17":0,"18":0,"19":0,"20":0,"21":0,"22":0,"23":0,"24":0,"25":0},"b":{"0":[0,0],"1":[0,0],"2":[0,0],"3":[0,0],"4":[0,0],"5":[0,0],"6":[0,0],"7":[0,0],"8":[0,0]}}
,"C:\\Users\\amaan\\Desktop\\Spotify-Match\\screens\\SocialsScreen.js": {"path":"C:\\Users\\amaan\\Desktop\\Spotify-Match\\screens\\SocialsScreen.js","statementMap":{"0":{"start":{"line":10,"column":22},"end":{"line":98,"column":1}},"1":{"start":{"line":11,"column":21},"end":{"line":11,"column":36}},"2":{"start":{"line":12,"column":16},"end":{"line":12,"column":34}},"3":{"start":{"line":13,"column":2},"end":{"line":13,"column":23}},"4":{"start":{"line":18,"column":42},"end":{"line":18,"column":54}},"5":{"start":{"line":19,"column":38},"end":{"line":19,"column":50}},"6":{"start":{"line":20,"column":34},"end":{"line":20,"column":46}},"7":{"start":{"line":22,"column":21},"end":{"line":30,"column":3}},"8":{"start":{"line":23,"column":4},"end":{"line":29,"column":8}},"9":{"start":{"line":26,"column":8},"end":{"line":26,"column":46}},"10":{"start":{"line":27,"column":8},"end":{"line":27,"column":39}},"11":{"start":{"line":28,"column":8},"end":{"line":28,"column":32}},"12":{"start":{"line":32,"column":22},"end":{"line":44,"column":3}},"13":{"start":{"line":33,"column":4},"end":{"line":43,"column":8}},"14":{"start":{"line":41,"column":8},"end":{"line":41,"column":35}},"15":{"start":{"line":42,"column":8},"end":{"line":42,"column":39}},"16":{"start":{"line":46,"column":2},"end":{"line":48,"column":9}},"17":{"start":{"line":47,"column":4},"end":{"line":47,"column":17}},"18":{"start":{"line":51,"column":2},"end":{"line":97,"column":4}},"19":{"start":{"line":58,"column":31},"end":{"line":58,"column":61}},"20":{"start":{"line":71,"column":29},"end":{"line":71,"column":74}},"21":{"start":{"line":81,"column":29},"end":{"line":81,"column":106}},"22":{"start":{"line":93,"column":31},"end":{"line":93,"column":44}},"23":{"start":{"line":100,"column":15},"end":{"line":165,"column":2}}},"fnMap":{"0":{"name":"(anonymous_0)","decl":{"start":{"line":10,"column":22},"end":{"line":10,"column":23}},"loc":{"start":{"line":10,"column":30},"end":{"line":98,"column":1}},"line":10},"1":{"name":"(anonymous_1)","decl":{"start":{"line":22,"column":21},"end":{"line":22,"column":22}},"loc":{"start":{"line":22,"column":27},"end":{"line":30,"column":3}},"line":22},"2":{"name":"(anonymous_2)","decl":{"start":{"line":25,"column":12},"end":{"line":25,"column":13}},"loc":{"start":{"line":25,"column":26},"end":{"line":29,"column":7}},"line":25},"3":{"name":"(anonymous_3)","decl":{"start":{"line":32,"column":22},"end":{"line":32,"column":23}},"loc":{"start":{"line":32,"column":28},"end":{"line":44,"column":3}},"line":32},"4":{"name":"(anonymous_4)","decl":{"start":{"line":40,"column":12},"end":{"line":40,"column":13}},"loc":{"start":{"line":40,"column":26},"end":{"line":43,"column":7}},"line":40},"5":{"name":"(anonymous_5)","decl":{"start":{"line":46,"column":12},"end":{"line":46,"column":13}},"loc":{"start":{"line":46,"column":18},"end":{"line":48,"column":3}},"line":46},"6":{"name":"(anonymous_6)","decl":{"start":{"line":58,"column":25},"end":{"line":58,"column":26}},"loc":{"start":{"line":58,"column":31},"end":{"line":58,"column":61}},"line":58},"7":{"name":"(anonymous_7)","decl":{"start":{"line":71,"column":23},"end":{"line":71,"column":24}},"loc":{"start":{"line":71,"column":29},"end":{"line":71,"column":74}},"line":71},"8":{"name":"(anonymous_8)","decl":{"start":{"line":81,"column":23},"end":{"line":81,"column":24}},"loc":{"start":{"line":81,"column":29},"end":{"line":81,"column":106}},"line":81},"9":{"name":"(anonymous_9)","decl":{"start":{"line":93,"column":25},"end":{"line":93,"column":26}},"loc":{"start":{"line":93,"column":31},"end":{"line":93,"column":44}},"line":93}},"branchMap":{},"s":{"0":0,"1":0,"2":0,"3":0,"4":0,"5":0,"6":0,"7":0,"8":0,"9":0,"10":0,"11":0,"12":0,"13":0,"14":0,"15":0,"16":0,"17":0,"18":0,"19":0,"20":0,"21":0,"22":0,"23":0},"f":{"0":0,"1":0,"2":0,"3":0,"4":0,"5":0,"6":0,"7":0,"8":0,"9":0},"b":{}}
,"C:\\Users\\amaan\\Desktop\\Spotify-Match\\screens\\SpotifyLoginScreen.js": {"path":"C:\\Users\\amaan\\Desktop\\Spotify-Match\\screens\\SpotifyLoginScreen.js","statementMap":{"0":{"start":{"line":26,"column":13},"end":{"line":26,"column":56}},"1":{"start":{"line":28,"column":22},"end":{"line":28,"column":24}},"2":{"start":{"line":29,"column":21},"end":{"line":29,"column":23}},"3":{"start":{"line":30,"column":21},"end":{"line":30,"column":23}},"4":{"start":{"line":32,"column":18},"end":{"line":35,"column":1}},"5":{"start":{"line":37,"column":18},"end":{"line":37,"column":29}},"6":{"start":{"line":39,"column":17},"end":{"line":41,"column":1}},"7":{"start":{"line":40,"column":2},"end":{"line":40,"column":41}},"8":{"start":{"line":44,"column":2},"end":{"line":52,"column":6}},"9":{"start":{"line":51,"column":6},"end":{"line":51,"column":27}},"10":{"start":{"line":57,"column":2},"end":{"line":112,"column":4}},"11":{"start":{"line":69,"column":17},"end":{"line":69,"column":19}},"12":{"start":{"line":70,"column":18},"end":{"line":70,"column":20}},"13":{"start":{"line":72,"column":4},"end":{"line":72,"column":30}},"14":{"start":{"line":73,"column":4},"end":{"line":86,"column":5}},"15":{"start":{"line":73,"column":17},"end":{"line":73,"column":18}},"16":{"start":{"line":74,"column":23},"end":{"line":74,"column":47}},"17":{"start":{"line":75,"column":22},"end":{"line":79,"column":7}},"18":{"start":{"line":80,"column":6},"end":{"line":80,"column":29}},"19":{"start":{"line":81,"column":6},"end":{"line":81,"column":28}},"20":{"start":{"line":83,"column":6},"end":{"line":85,"column":7}},"21":{"start":{"line":84,"column":8},"end":{"line":84,"column":87}},"22":{"start":{"line":87,"column":4},"end":{"line":87,"column":21}},"23":{"start":{"line":88,"column":4},"end":{"line":88,"column":25}},"24":{"start":{"line":89,"column":4},"end":{"line":89,"column":23}},"25":{"start":{"line":90,"column":4},"end":{"line":90,"column":21}},"26":{"start":{"line":92,"column":25},"end":{"line":92,"column":72}},"27":{"start":{"line":92,"column":62},"end":{"line":92,"column":71}},"28":{"start":{"line":94,"column":20},"end":{"line":94,"column":22}},"29":{"start":{"line":96,"column":12},"end":{"line":96,"column":13}},"30":{"start":{"line":97,"column":4},"end":{"line":104,"column":5}},"31":{"start":{"line":98,"column":18},"end":{"line":101,"column":7}},"32":{"start":{"line":102,"column":6},"end":{"line":102,"column":28}},"33":{"start":{"line":103,"column":6},"end":{"line":103,"column":13}},"34":{"start":{"line":106,"column":4},"end":{"line":106,"column":26}},"35":{"start":{"line":109,"column":4},"end":{"line":109,"column":45}},"36":{"start":{"line":110,"column":4},"end":{"line":110,"column":46}},"37":{"start":{"line":116,"column":2},"end":{"line":147,"column":1}},"38":{"start":{"line":127,"column":4},"end":{"line":127,"column":30}},"39":{"start":{"line":128,"column":17},"end":{"line":128,"column":19}},"40":{"start":{"line":129,"column":19},"end":{"line":129,"column":21}},"41":{"start":{"line":130,"column":4},"end":{"line":140,"column":5}},"42":{"start":{"line":130,"column":17},"end":{"line":130,"column":18}},"43":{"start":{"line":131,"column":22},"end":{"line":131,"column":45}},"44":{"start":{"line":132,"column":18},"end":{"line":136,"column":7}},"45":{"start":{"line":137,"column":6},"end":{"line":137,"column":24}},"46":{"start":{"line":138,"column":6},"end":{"line":138,"column":33}},"47":{"start":{"line":139,"column":6},"end":{"line":139,"column":24}},"48":{"start":{"line":141,"column":4},"end":{"line":141,"column":21}},"49":{"start":{"line":144,"column":4},"end":{"line":144,"column":43}},"50":{"start":{"line":145,"column":4},"end":{"line":145,"column":20}},"51":{"start":{"line":150,"column":2},"end":{"line":206,"column":2}},"52":{"start":{"line":160,"column":15},"end":{"line":169,"column":5}},"53":{"start":{"line":171,"column":4},"end":{"line":171,"column":44}},"54":{"start":{"line":173,"column":21},"end":{"line":173,"column":61}},"55":{"start":{"line":175,"column":4},"end":{"line":184,"column":5}},"56":{"start":{"line":175,"column":21},"end":{"line":175,"column":22}},"57":{"start":{"line":176,"column":23},"end":{"line":176,"column":63}},"58":{"start":{"line":177,"column":6},"end":{"line":177,"column":50}},"59":{"start":{"line":178,"column":6},"end":{"line":178,"column":50}},"60":{"start":{"line":179,"column":6},"end":{"line":179,"column":38}},"61":{"start":{"line":180,"column":6},"end":{"line":180,"column":58}},"62":{"start":{"line":181,"column":6},"end":{"line":181,"column":42}},"63":{"start":{"line":182,"column":6},"end":{"line":182,"column":48}},"64":{"start":{"line":183,"column":6},"end":{"line":183,"column":40}},"65":{"start":{"line":186,"column":4},"end":{"line":186,"column":35}},"66":{"start":{"line":187,"column":4},"end":{"line":187,"column":35}},"67":{"start":{"line":188,"column":4},"end":{"line":188,"column":29}},"68":{"start":{"line":189,"column":4},"end":{"line":189,"column":39}},"69":{"start":{"line":190,"column":4},"end":{"line":190,"column":31}},"70":{"start":{"line":191,"column":4},"end":{"line":191,"column":34}},"71":{"start":{"line":192,"column":4},"end":{"line":192,"column":30}},"72":{"start":{"line":194,"column":4},"end":{"line":194,"column":21}},"73":{"start":{"line":195,"column":4},"end":{"line":195,"column":21}},"74":{"start":{"line":197,"column":4},"end":{"line":197,"column":24}},"75":{"start":{"line":199,"column":4},"end":{"line":205,"column":3}},"76":{"start":{"line":203,"column":4},"end":{"line":203,"column":25}},"77":{"start":{"line":209,"column":6},"end":{"line":230,"column":12}},"78":{"start":{"line":229,"column":14},"end":{"line":229,"column":33}},"79":{"start":{"line":234,"column":2},"end":{"line":245,"column":3}},"80":{"start":{"line":236,"column":4},"end":{"line":244,"column":7}},"81":{"start":{"line":248,"column":27},"end":{"line":336,"column":1}},"82":{"start":{"line":249,"column":21},"end":{"line":249,"column":36}},"83":{"start":{"line":251,"column":28},"end":{"line":251,"column":40}},"84":{"start":{"line":252,"column":43},"end":{"line":274,"column":3}},"85":{"start":{"line":276,"column":2},"end":{"line":281,"column":17}},"86":{"start":{"line":277,"column":4},"end":{"line":280,"column":5}},"87":{"start":{"line":278,"column":31},"end":{"line":278,"column":46}},"88":{"start":{"line":279,"column":6},"end":{"line":279,"column":29}},"89":{"start":{"line":283,"column":2},"end":{"line":304,"column":14}},"90":{"start":{"line":285,"column":22},"end":{"line":285,"column":49}},"91":{"start":{"line":286,"column":6},"end":{"line":286,"column":35}},"92":{"start":{"line":287,"column":24},"end":{"line":287,"column":36}},"93":{"start":{"line":288,"column":21},"end":{"line":288,"column":35}},"94":{"start":{"line":289,"column":25},"end":{"line":289,"column":118}},"95":{"start":{"line":290,"column":6},"end":{"line":290,"column":35}},"96":{"start":{"line":291,"column":6},"end":{"line":301,"column":7}},"97":{"start":{"line":292,"column":8},"end":{"line":292,"column":36}},"98":{"start":{"line":295,"column":8},"end":{"line":295,"column":38}},"99":{"start":{"line":296,"column":8},"end":{"line":296,"column":43}},"100":{"start":{"line":297,"column":23},"end":{"line":297,"column":56}},"101":{"start":{"line":298,"column":8},"end":{"line":298,"column":30}},"102":{"start":{"line":299,"column":8},"end":{"line":299,"column":56}},"103":{"start":{"line":300,"column":8},"end":{"line":300,"column":54}},"104":{"start":{"line":303,"column":4},"end":{"line":303,"column":16}},"105":{"start":{"line":308,"column":2},"end":{"line":335,"column":4}},"106":{"start":{"line":330,"column":12},"end":{"line":330,"column":26}},"107":{"start":{"line":339,"column":15},"end":{"line":372,"column":2}}},"fnMap":{"0":{"name":"(anonymous_0)","decl":{"start":{"line":39,"column":17},"end":{"line":39,"column":18}},"loc":{"start":{"line":39,"column":26},"end":{"line":41,"column":1}},"line":39},"1":{"name":"postData","decl":{"start":{"line":43,"column":15},"end":{"line":43,"column":23}},"loc":{"start":{"line":43,"column":45},"end":{"line":53,"column":1}},"line":43},"2":{"name":"(anonymous_2)","decl":{"start":{"line":50,"column":13},"end":{"line":50,"column":14}},"loc":{"start":{"line":50,"column":24},"end":{"line":52,"column":5}},"line":50},"3":{"name":"getTopArtists","decl":{"start":{"line":55,"column":15},"end":{"line":55,"column":28}},"loc":{"start":{"line":55,"column":44},"end":{"line":113,"column":1}},"line":55},"4":{"name":"(anonymous_4)","decl":{"start":{"line":67,"column":9},"end":{"line":67,"column":10}},"loc":{"start":{"line":67,"column":30},"end":{"line":112,"column":3}},"line":67},"5":{"name":"(anonymous_5)","decl":{"start":{"line":92,"column":53},"end":{"line":92,"column":54}},"loc":{"start":{"line":92,"column":62},"end":{"line":92,"column":71}},"line":92},"6":{"name":"getTopTracks","decl":{"start":{"line":115,"column":15},"end":{"line":115,"column":27}},"loc":{"start":{"line":115,"column":43},"end":{"line":147,"column":2}},"line":115},"7":{"name":"(anonymous_7)","decl":{"start":{"line":126,"column":9},"end":{"line":126,"column":10}},"loc":{"start":{"line":126,"column":29},"end":{"line":146,"column":1}},"line":126},"8":{"name":"getAudioFeatures","decl":{"start":{"line":149,"column":15},"end":{"line":149,"column":31}},"loc":{"start":{"line":149,"column":57},"end":{"line":206,"column":3}},"line":149},"9":{"name":"(anonymous_9)","decl":{"start":{"line":159,"column":9},"end":{"line":159,"column":10}},"loc":{"start":{"line":159,"column":33},"end":{"line":206,"column":1}},"line":159},"10":{"name":"(anonymous_10)","decl":{"start":{"line":202,"column":10},"end":{"line":202,"column":11}},"loc":{"start":{"line":202,"column":21},"end":{"line":204,"column":3}},"line":202},"11":{"name":"createUser","decl":{"start":{"line":208,"column":15},"end":{"line":208,"column":25}},"loc":{"start":{"line":208,"column":39},"end":{"line":231,"column":1}},"line":208},"12":{"name":"(anonymous_12)","decl":{"start":{"line":228,"column":19},"end":{"line":228,"column":20}},"loc":{"start":{"line":228,"column":35},"end":{"line":230,"column":11}},"line":228},"13":{"name":"getSpotifyUser","decl":{"start":{"line":233,"column":15},"end":{"line":233,"column":29}},"loc":{"start":{"line":233,"column":37},"end":{"line":246,"column":1}},"line":233},"14":{"name":"(anonymous_14)","decl":{"start":{"line":248,"column":27},"end":{"line":248,"column":28}},"loc":{"start":{"line":248,"column":33},"end":{"line":336,"column":1}},"line":248},"15":{"name":"(anonymous_15)","decl":{"start":{"line":276,"column":12},"end":{"line":276,"column":13}},"loc":{"start":{"line":276,"column":18},"end":{"line":281,"column":3}},"line":276},"16":{"name":"(anonymous_16)","decl":{"start":{"line":283,"column":12},"end":{"line":283,"column":13}},"loc":{"start":{"line":283,"column":18},"end":{"line":304,"column":3}},"line":283},"17":{"name":"fetchData","decl":{"start":{"line":284,"column":19},"end":{"line":284,"column":28}},"loc":{"start":{"line":284,"column":31},"end":{"line":302,"column":5}},"line":284},"18":{"name":"(anonymous_18)","decl":{"start":{"line":329,"column":19},"end":{"line":329,"column":20}},"loc":{"start":{"line":329,"column":25},"end":{"line":331,"column":11}},"line":329}},"branchMap":{"0":{"loc":{"start":{"line":84,"column":44},"end":{"line":84,"column":81}},"type":"binary-expr","locations":[{"start":{"line":84,"column":44},"end":{"line":84,"column":76}},{"start":{"line":84,"column":80},"end":{"line":84,"column":81}}],"line":84},"1":{"loc":{"start":{"line":97,"column":11},"end":{"line":97,"column":54}},"type":"binary-expr","locations":[{"start":{"line":97,"column":11},"end":{"line":97,"column":27}},{"start":{"line":97,"column":31},"end":{"line":97,"column":54}}],"line":97},"2":{"loc":{"start":{"line":234,"column":2},"end":{"line":245,"column":3}},"type":"if","locations":[{"start":{"line":234,"column":2},"end":{"line":245,"column":3}},{"start":{},"end":{}}],"line":234},"3":{"loc":{"start":{"line":277,"column":4},"end":{"line":280,"column":5}},"type":"if","locations":[{"start":{"line":277,"column":4},"end":{"line":280,"column":5}},{"start":{},"end":{}}],"line":277},"4":{"loc":{"start":{"line":291,"column":6},"end":{"line":301,"column":7}},"type":"if","locations":[{"start":{"line":291,"column":6},"end":{"line":301,"column":7}},{"start":{"line":294,"column":11},"end":{"line":301,"column":7}}],"line":291}},"s":{"0":1,"1":1,"2":1,"3":1,"4":1,"5":1,"6":1,"7":0,"8":0,"9":0,"10":0,"11":0,"12":0,"13":0,"14":0,"15":0,"16":0,"17":0,"18":0,"19":0,"20":0,"21":0,"22":0,"23":0,"24":0,"25":0,"26":0,"27":0,"28":0,"29":0,"30":0,"31":0,"32":0,"33":0,"34":0,"35":0,"36":0,"37":0,"38":0,"39":0,"40":0,"41":0,"42":0,"43":0,"44":0,"45":0,"46":0,"47":0,"48":0,"49":0,"50":0,"51":0,"52":0,"53":0,"54":0,"55":0,"56":0,"57":0,"58":0,"59":0,"60":0,"61":0,"62":0,"63":0,"64":0,"65":0,"66":0,"67":0,"68":0,"69":0,"70":0,"71":0,"72":0,"73":0,"74":0,"75":0,"76":0,"77":0,"78":0,"79":0,"80":0,"81":1,"82":3,"83":0,"84":0,"85":0,"86":0,"87":0,"88":0,"89":0,"90":0,"91":0,"92":0,"93":0,"94":0,"95":0,"96":0,"97":0,"98":0,"99":0,"100":0,"101":0,"102":0,"103":0,"104":0,"105":0,"106":0,"107":1},"f":{"0":0,"1":0,"2":0,"3":0,"4":0,"5":0,"6":0,"7":0,"8":0,"9":0,"10":0,"11":0,"12":0,"13":0,"14":3,"15":0,"16":0,"17":0,"18":0},"b":{"0":[0,0],"1":[0,0],"2":[0,0],"3":[0,0],"4":[0,0]},"_coverageSchema":"1a1c01bbd47fc00a2c39e90264f33305004495a9","hash":"7329604c08f7884a801a5802264c343b40bbded3"}
,"C:\\Users\\amaan\\Desktop\\Spotify-Match\\screens\\SurveyAdvancedQuestionsScreen.js": {"path":"C:\\Users\\amaan\\Desktop\\Spotify-Match\\screens\\SurveyAdvancedQuestionsScreen.js","statementMap":{"0":{"start":{"line":11,"column":16},"end":{"line":11,"column":46}},"1":{"start":{"line":12,"column":17},"end":{"line":12,"column":48}},"2":{"start":{"line":13,"column":15},"end":{"line":259,"column":1}},"3":{"start":{"line":14,"column":21},"end":{"line":14,"column":36}},"4":{"start":{"line":16,"column":46},"end":{"line":16,"column":58}},"5":{"start":{"line":18,"column":2},"end":{"line":30,"column":9}},"6":{"start":{"line":19,"column":29},"end":{"line":21,"column":6}},"7":{"start":{"line":20,"column":6},"end":{"line":20,"column":42}},"8":{"start":{"line":22,"column":29},"end":{"line":24,"column":6}},"9":{"start":{"line":23,"column":6},"end":{"line":23,"column":43}},"10":{"start":{"line":26,"column":4},"end":{"line":29,"column":6}},"11":{"start":{"line":27,"column":6},"end":{"line":27,"column":32}},"12":{"start":{"line":28,"column":6},"end":{"line":28,"column":32}},"13":{"start":{"line":32,"column":42},"end":{"line":32,"column":57}},"14":{"start":{"line":33,"column":44},"end":{"line":33,"column":58}},"15":{"start":{"line":34,"column":36},"end":{"line":44,"column":4}},"16":{"start":{"line":45,"column":44},"end":{"line":45,"column":59}},"17":{"start":{"line":46,"column":46},"end":{"line":46,"column":60}},"18":{"start":{"line":47,"column":38},"end":{"line":57,"column":4}},"19":{"start":{"line":58,"column":44},"end":{"line":58,"column":59}},"20":{"start":{"line":59,"column":46},"end":{"line":59,"column":60}},"21":{"start":{"line":60,"column":38},"end":{"line":70,"column":4}},"22":{"start":{"line":72,"column":32},"end":{"line":72,"column":47}},"23":{"start":{"line":73,"column":25},"end":{"line":76,"column":8}},"24":{"start":{"line":74,"column":4},"end":{"line":74,"column":28}},"25":{"start":{"line":75,"column":4},"end":{"line":75,"column":28}},"26":{"start":{"line":77,"column":26},"end":{"line":80,"column":8}},"27":{"start":{"line":78,"column":4},"end":{"line":78,"column":27}},"28":{"start":{"line":79,"column":4},"end":{"line":79,"column":28}},"29":{"start":{"line":81,"column":26},"end":{"line":84,"column":8}},"30":{"start":{"line":82,"column":4},"end":{"line":82,"column":27}},"31":{"start":{"line":83,"column":4},"end":{"line":83,"column":28}},"32":{"start":{"line":86,"column":40},"end":{"line":86,"column":58}},"33":{"start":{"line":87,"column":19},"end":{"line":89,"column":3}},"34":{"start":{"line":88,"column":4},"end":{"line":88,"column":25}},"35":{"start":{"line":90,"column":42},"end":{"line":90,"column":60}},"36":{"start":{"line":91,"column":20},"end":{"line":93,"column":3}},"37":{"start":{"line":92,"column":4},"end":{"line":92,"column":26}},"38":{"start":{"line":94,"column":42},"end":{"line":94,"column":60}},"39":{"start":{"line":95,"column":20},"end":{"line":97,"column":3}},"40":{"start":{"line":96,"column":4},"end":{"line":96,"column":26}},"41":{"start":{"line":99,"column":21},"end":{"line":107,"column":3}},"42":{"start":{"line":100,"column":4},"end":{"line":100,"column":56}},"43":{"start":{"line":101,"column":24},"end":{"line":101,"column":74}},"44":{"start":{"line":102,"column":4},"end":{"line":106,"column":5}},"45":{"start":{"line":103,"column":6},"end":{"line":103,"column":70}},"46":{"start":{"line":105,"column":6},"end":{"line":105,"column":55}},"47":{"start":{"line":108,"column":36},"end":{"line":108,"column":45}},"48":{"start":{"line":109,"column":2},"end":{"line":258,"column":4}},"49":{"start":{"line":122,"column":31},"end":{"line":122,"column":63}},"50":{"start":{"line":130,"column":18},"end":{"line":157,"column":25}},"51":{"start":{"line":171,"column":18},"end":{"line":197,"column":25}},"52":{"start":{"line":211,"column":18},"end":{"line":234,"column":25}},"53":{"start":{"line":253,"column":41},"end":{"line":253,"column":73}},"54":{"start":{"line":260,"column":15},"end":{"line":321,"column":3}}},"fnMap":{"0":{"name":"(anonymous_0)","decl":{"start":{"line":13,"column":15},"end":{"line":13,"column":16}},"loc":{"start":{"line":13,"column":21},"end":{"line":259,"column":1}},"line":13},"1":{"name":"(anonymous_1)","decl":{"start":{"line":18,"column":12},"end":{"line":18,"column":13}},"loc":{"start":{"line":18,"column":18},"end":{"line":30,"column":3}},"line":18},"2":{"name":"(anonymous_2)","decl":{"start":{"line":19,"column":69},"end":{"line":19,"column":70}},"loc":{"start":{"line":19,"column":75},"end":{"line":21,"column":5}},"line":19},"3":{"name":"(anonymous_3)","decl":{"start":{"line":22,"column":69},"end":{"line":22,"column":70}},"loc":{"start":{"line":22,"column":75},"end":{"line":24,"column":5}},"line":22},"4":{"name":"(anonymous_4)","decl":{"start":{"line":26,"column":11},"end":{"line":26,"column":12}},"loc":{"start":{"line":26,"column":17},"end":{"line":29,"column":5}},"line":26},"5":{"name":"(anonymous_5)","decl":{"start":{"line":73,"column":37},"end":{"line":73,"column":38}},"loc":{"start":{"line":73,"column":43},"end":{"line":76,"column":3}},"line":73},"6":{"name":"(anonymous_6)","decl":{"start":{"line":77,"column":38},"end":{"line":77,"column":39}},"loc":{"start":{"line":77,"column":44},"end":{"line":80,"column":3}},"line":77},"7":{"name":"(anonymous_7)","decl":{"start":{"line":81,"column":38},"end":{"line":81,"column":39}},"loc":{"start":{"line":81,"column":44},"end":{"line":84,"column":3}},"line":81},"8":{"name":"(anonymous_8)","decl":{"start":{"line":87,"column":19},"end":{"line":87,"column":20}},"loc":{"start":{"line":87,"column":30},"end":{"line":89,"column":3}},"line":87},"9":{"name":"(anonymous_9)","decl":{"start":{"line":91,"column":20},"end":{"line":91,"column":21}},"loc":{"start":{"line":91,"column":31},"end":{"line":93,"column":3}},"line":91},"10":{"name":"(anonymous_10)","decl":{"start":{"line":95,"column":20},"end":{"line":95,"column":21}},"loc":{"start":{"line":95,"column":31},"end":{"line":97,"column":3}},"line":95},"11":{"name":"(anonymous_11)","decl":{"start":{"line":99,"column":21},"end":{"line":99,"column":22}},"loc":{"start":{"line":99,"column":27},"end":{"line":107,"column":3}},"line":99},"12":{"name":"(anonymous_12)","decl":{"start":{"line":122,"column":25},"end":{"line":122,"column":26}},"loc":{"start":{"line":122,"column":31},"end":{"line":122,"column":63}},"line":122},"13":{"name":"(anonymous_13)","decl":{"start":{"line":129,"column":22},"end":{"line":129,"column":23}},"loc":{"start":{"line":130,"column":18},"end":{"line":157,"column":25}},"line":130},"14":{"name":"(anonymous_14)","decl":{"start":{"line":170,"column":22},"end":{"line":170,"column":23}},"loc":{"start":{"line":171,"column":18},"end":{"line":197,"column":25}},"line":171},"15":{"name":"(anonymous_15)","decl":{"start":{"line":210,"column":22},"end":{"line":210,"column":23}},"loc":{"start":{"line":211,"column":18},"end":{"line":234,"column":25}},"line":211},"16":{"name":"(anonymous_16)","decl":{"start":{"line":253,"column":25},"end":{"line":253,"column":26}},"loc":{"start":{"line":253,"column":41},"end":{"line":253,"column":73}},"line":253}},"branchMap":{"0":{"loc":{"start":{"line":102,"column":4},"end":{"line":106,"column":5}},"type":"if","locations":[{"start":{"line":102,"column":4},"end":{"line":106,"column":5}},{"start":{"line":104,"column":11},"end":{"line":106,"column":5}}],"line":102}},"s":{"0":0,"1":0,"2":0,"3":0,"4":0,"5":0,"6":0,"7":0,"8":0,"9":0,"10":0,"11":0,"12":0,"13":0,"14":0,"15":0,"16":0,"17":0,"18":0,"19":0,"20":0,"21":0,"22":0,"23":0,"24":0,"25":0,"26":0,"27":0,"28":0,"29":0,"30":0,"31":0,"32":0,"33":0,"34":0,"35":0,"36":0,"37":0,"38":0,"39":0,"40":0,"41":0,"42":0,"43":0,"44":0,"45":0,"46":0,"47":0,"48":0,"49":0,"50":0,"51":0,"52":0,"53":0,"54":0},"f":{"0":0,"1":0,"2":0,"3":0,"4":0,"5":0,"6":0,"7":0,"8":0,"9":0,"10":0,"11":0,"12":0,"13":0,"14":0,"15":0,"16":0},"b":{"0":[0,0]}}
,"C:\\Users\\amaan\\Desktop\\Spotify-Match\\screens\\SurveyBioScreen.js": {"path":"C:\\Users\\amaan\\Desktop\\Spotify-Match\\screens\\SurveyBioScreen.js","statementMap":{"0":{"start":{"line":9,"column":14},"end":{"line":9,"column":44}},"1":{"start":{"line":10,"column":15},"end":{"line":10,"column":46}},"2":{"start":{"line":11,"column":12},"end":{"line":85,"column":1}},"3":{"start":{"line":12,"column":23},"end":{"line":12,"column":38}},"4":{"start":{"line":13,"column":48},"end":{"line":13,"column":60}},"5":{"start":{"line":19,"column":2},"end":{"line":31,"column":9}},"6":{"start":{"line":20,"column":29},"end":{"line":22,"column":6}},"7":{"start":{"line":21,"column":6},"end":{"line":21,"column":42}},"8":{"start":{"line":23,"column":29},"end":{"line":25,"column":6}},"9":{"start":{"line":24,"column":6},"end":{"line":24,"column":43}},"10":{"start":{"line":26,"column":4},"end":{"line":29,"column":6}},"11":{"start":{"line":27,"column":6},"end":{"line":27,"column":32}},"12":{"start":{"line":28,"column":6},"end":{"line":28,"column":32}},"13":{"start":{"line":32,"column":4},"end":{"line":84,"column":6}},"14":{"start":{"line":45,"column":31},"end":{"line":45,"column":76}},"15":{"start":{"line":79,"column":31},"end":{"line":79,"column":77}},"16":{"start":{"line":86,"column":15},"end":{"line":152,"column":3}}},"fnMap":{"0":{"name":"(anonymous_0)","decl":{"start":{"line":11,"column":12},"end":{"line":11,"column":13}},"loc":{"start":{"line":11,"column":18},"end":{"line":85,"column":1}},"line":11},"1":{"name":"(anonymous_1)","decl":{"start":{"line":19,"column":12},"end":{"line":19,"column":13}},"loc":{"start":{"line":19,"column":18},"end":{"line":31,"column":3}},"line":19},"2":{"name":"(anonymous_2)","decl":{"start":{"line":20,"column":69},"end":{"line":20,"column":70}},"loc":{"start":{"line":20,"column":75},"end":{"line":22,"column":5}},"line":20},"3":{"name":"(anonymous_3)","decl":{"start":{"line":23,"column":69},"end":{"line":23,"column":70}},"loc":{"start":{"line":23,"column":75},"end":{"line":25,"column":5}},"line":23},"4":{"name":"(anonymous_4)","decl":{"start":{"line":26,"column":11},"end":{"line":26,"column":12}},"loc":{"start":{"line":26,"column":17},"end":{"line":29,"column":5}},"line":26},"5":{"name":"(anonymous_5)","decl":{"start":{"line":45,"column":25},"end":{"line":45,"column":26}},"loc":{"start":{"line":45,"column":31},"end":{"line":45,"column":76}},"line":45},"6":{"name":"(anonymous_6)","decl":{"start":{"line":79,"column":25},"end":{"line":79,"column":26}},"loc":{"start":{"line":79,"column":31},"end":{"line":79,"column":77}},"line":79}},"branchMap":{},"s":{"0":0,"1":0,"2":0,"3":0,"4":0,"5":0,"6":0,"7":0,"8":0,"9":0,"10":0,"11":0,"12":0,"13":0,"14":0,"15":0,"16":0},"f":{"0":0,"1":0,"2":0,"3":0,"4":0,"5":0,"6":0},"b":{}}
,"C:\\Users\\amaan\\Desktop\\Spotify-Match\\screens\\SurveyGeneralQuestionsScreen.js": {"path":"C:\\Users\\amaan\\Desktop\\Spotify-Match\\screens\\SurveyGeneralQuestionsScreen.js","statementMap":{"0":{"start":{"line":14,"column":14},"end":{"line":14,"column":44}},"1":{"start":{"line":15,"column":25},"end":{"line":249,"column":1}},"2":{"start":{"line":16,"column":30},"end":{"line":16,"column":41}},"3":{"start":{"line":17,"column":26},"end":{"line":17,"column":40}},"4":{"start":{"line":18,"column":34},"end":{"line":18,"column":48}},"5":{"start":{"line":24,"column":34},"end":{"line":24,"column":48}},"6":{"start":{"line":25,"column":34},"end":{"line":25,"column":48}},"7":{"start":{"line":26,"column":24},"end":{"line":26,"column":38}},"8":{"start":{"line":27,"column":32},"end":{"line":27,"column":46}},"9":{"start":{"line":28,"column":32},"end":{"line":28,"column":46}},"10":{"start":{"line":29,"column":32},"end":{"line":29,"column":46}},"11":{"start":{"line":31,"column":2},"end":{"line":45,"column":8}},"12":{"start":{"line":32,"column":4},"end":{"line":44,"column":7}},"13":{"start":{"line":34,"column":6},"end":{"line":34,"column":43}},"14":{"start":{"line":35,"column":6},"end":{"line":35,"column":51}},"15":{"start":{"line":36,"column":6},"end":{"line":36,"column":51}},"16":{"start":{"line":37,"column":6},"end":{"line":37,"column":59}},"17":{"start":{"line":38,"column":6},"end":{"line":38,"column":81}},"18":{"start":{"line":39,"column":6},"end":{"line":39,"column":51}},"19":{"start":{"line":40,"column":6},"end":{"line":40,"column":51}},"20":{"start":{"line":43,"column":6},"end":{"line":43,"column":25}},"21":{"start":{"line":47,"column":42},"end":{"line":47,"column":62}},"22":{"start":{"line":48,"column":52},"end":{"line":48,"column":67}},"23":{"start":{"line":50,"column":25},"end":{"line":52,"column":3}},"24":{"start":{"line":51,"column":4},"end":{"line":51,"column":31}},"25":{"start":{"line":54,"column":25},"end":{"line":56,"column":3}},"26":{"start":{"line":55,"column":4},"end":{"line":55,"column":32}},"27":{"start":{"line":58,"column":24},"end":{"line":61,"column":3}},"28":{"start":{"line":59,"column":4},"end":{"line":59,"column":26}},"29":{"start":{"line":60,"column":4},"end":{"line":60,"column":21}},"30":{"start":{"line":63,"column":38},"end":{"line":63,"column":53}},"31":{"start":{"line":64,"column":40},"end":{"line":64,"column":54}},"32":{"start":{"line":65,"column":30},"end":{"line":70,"column":4}},"33":{"start":{"line":71,"column":30},"end":{"line":71,"column":45}},"34":{"start":{"line":72,"column":32},"end":{"line":72,"column":46}},"35":{"start":{"line":73,"column":22},"end":{"line":84,"column":4}},"36":{"start":{"line":85,"column":32},"end":{"line":85,"column":47}},"37":{"start":{"line":86,"column":23},"end":{"line":88,"column":8}},"38":{"start":{"line":87,"column":4},"end":{"line":87,"column":21}},"39":{"start":{"line":90,"column":19},"end":{"line":92,"column":8}},"40":{"start":{"line":91,"column":4},"end":{"line":91,"column":25}},"41":{"start":{"line":93,"column":36},"end":{"line":93,"column":45}},"42":{"start":{"line":94,"column":19},"end":{"line":96,"column":3}},"43":{"start":{"line":95,"column":4},"end":{"line":95,"column":30}},"44":{"start":{"line":97,"column":21},"end":{"line":97,"column":36}},"45":{"start":{"line":99,"column":2},"end":{"line":248,"column":4}},"46":{"start":{"line":148,"column":16},"end":{"line":148,"column":21}},"47":{"start":{"line":149,"column":12},"end":{"line":149,"column":35}},"48":{"start":{"line":150,"column":12},"end":{"line":153,"column":13}},"49":{"start":{"line":152,"column":16},"end":{"line":152,"column":34}},"50":{"start":{"line":171,"column":16},"end":{"line":191,"column":23}},"51":{"start":{"line":201,"column":16},"end":{"line":223,"column":23}},"52":{"start":{"line":243,"column":29},"end":{"line":243,"column":61}},"53":{"start":{"line":251,"column":15},"end":{"line":350,"column":2}}},"fnMap":{"0":{"name":"(anonymous_0)","decl":{"start":{"line":15,"column":25},"end":{"line":15,"column":26}},"loc":{"start":{"line":15,"column":31},"end":{"line":249,"column":1}},"line":15},"1":{"name":"(anonymous_1)","decl":{"start":{"line":31,"column":12},"end":{"line":31,"column":13}},"loc":{"start":{"line":31,"column":18},"end":{"line":45,"column":3}},"line":31},"2":{"name":"(anonymous_2)","decl":{"start":{"line":33,"column":10},"end":{"line":33,"column":11}},"loc":{"start":{"line":33,"column":29},"end":{"line":41,"column":5}},"line":33},"3":{"name":"(anonymous_3)","decl":{"start":{"line":42,"column":11},"end":{"line":42,"column":12}},"loc":{"start":{"line":42,"column":28},"end":{"line":44,"column":5}},"line":42},"4":{"name":"(anonymous_4)","decl":{"start":{"line":50,"column":25},"end":{"line":50,"column":26}},"loc":{"start":{"line":50,"column":31},"end":{"line":52,"column":3}},"line":50},"5":{"name":"(anonymous_5)","decl":{"start":{"line":54,"column":25},"end":{"line":54,"column":26}},"loc":{"start":{"line":54,"column":31},"end":{"line":56,"column":3}},"line":54},"6":{"name":"(anonymous_6)","decl":{"start":{"line":58,"column":24},"end":{"line":58,"column":25}},"loc":{"start":{"line":58,"column":34},"end":{"line":61,"column":3}},"line":58},"7":{"name":"(anonymous_7)","decl":{"start":{"line":86,"column":35},"end":{"line":86,"column":36}},"loc":{"start":{"line":86,"column":41},"end":{"line":88,"column":3}},"line":86},"8":{"name":"(anonymous_8)","decl":{"start":{"line":90,"column":31},"end":{"line":90,"column":32}},"loc":{"start":{"line":90,"column":37},"end":{"line":92,"column":3}},"line":90},"9":{"name":"(anonymous_9)","decl":{"start":{"line":94,"column":19},"end":{"line":94,"column":20}},"loc":{"start":{"line":94,"column":29},"end":{"line":96,"column":3}},"line":94},"10":{"name":"(anonymous_10)","decl":{"start":{"line":144,"column":18},"end":{"line":144,"column":19}},"loc":{"start":{"line":144,"column":35},"end":{"line":154,"column":9}},"line":144},"11":{"name":"(anonymous_11)","decl":{"start":{"line":170,"column":20},"end":{"line":170,"column":21}},"loc":{"start":{"line":171,"column":16},"end":{"line":191,"column":23}},"line":171},"12":{"name":"(anonymous_12)","decl":{"start":{"line":200,"column":20},"end":{"line":200,"column":21}},"loc":{"start":{"line":201,"column":16},"end":{"line":223,"column":23}},"line":201},"13":{"name":"(anonymous_13)","decl":{"start":{"line":243,"column":23},"end":{"line":243,"column":24}},"loc":{"start":{"line":243,"column":29},"end":{"line":243,"column":61}},"line":243}},"branchMap":{"0":{"loc":{"start":{"line":150,"column":12},"end":{"line":153,"column":13}},"type":"if","locations":[{"start":{"line":150,"column":12},"end":{"line":153,"column":13}},{"start":{},"end":{}}],"line":150}},"s":{"0":0,"1":0,"2":0,"3":0,"4":0,"5":0,"6":0,"7":0,"8":0,"9":0,"10":0,"11":0,"12":0,"13":0,"14":0,"15":0,"16":0,"17":0,"18":0,"19":0,"20":0,"21":0,"22":0,"23":0,"24":0,"25":0,"26":0,"27":0,"28":0,"29":0,"30":0,"31":0,"32":0,"33":0,"34":0,"35":0,"36":0,"37":0,"38":0,"39":0,"40":0,"41":0,"42":0,"43":0,"44":0,"45":0,"46":0,"47":0,"48":0,"49":0,"50":0,"51":0,"52":0,"53":0},"f":{"0":0,"1":0,"2":0,"3":0,"4":0,"5":0,"6":0,"7":0,"8":0,"9":0,"10":0,"11":0,"12":0,"13":0},"b":{"0":[0,0]}}
}
