TN:
SF:App.js
FN:40,App
FN:89,TabNavigation
FN:94,(anonymous_2)
FN:113,(anonymous_3)
FNF:4
FNH:0
FNDA:0,App
FNDA:0,TabNavigation
FNDA:0,(anonymous_2)
FNDA:0,(anonymous_3)
DA:24,0
DA:25,0
DA:26,0
DA:27,0
DA:28,0
DA:29,0
DA:30,0
DA:31,0
DA:32,0
DA:41,0
DA:42,0
DA:90,0
DA:91,0
DA:94,0
DA:115,0
DA:117,0
DA:118,0
DA:119,0
DA:120,0
DA:121,0
DA:122,0
DA:125,0
DA:136,0
LF:23
LH:0
BRDA:117,0,0,0
BRDA:117,0,1,0
BRDA:118,1,0,0
BRDA:118,1,1,0
BRDA:119,2,0,0
BRDA:119,2,1,0
BRDA:120,3,0,0
BRDA:120,3,1,0
BRDA:121,4,0,0
BRDA:121,4,1,0
BRDA:122,5,0,0
BRDA:122,5,1,0
BRF:12
BRH:0
end_of_record
TN:
SF:metro.config.js
FN:29,(anonymous_0)
FNF:1
FNH:0
FNDA:0,(anonymous_0)
DA:7,0
DA:8,0
DA:9,0
DA:11,0
DA:15,0
DA:29,0
LF:6
LH:0
BRF:0
BRH:0
end_of_record
TN:
SF:react-native.config.js
FNF:0
FNH:0
DA:1,0
LF:1
LH:0
BRF:0
BRH:0
end_of_record
TN:
SF: constants\Layout.js
FNF:0
FNH:0
DA:3,1
DA:4,1
LF:2
LH:2
BRF:0
BRH:0
end_of_record
TN:
SF:components\Navigator.js
FNF:0
FNH:0
LF:0
LH:0
BRF:0
BRH:0
end_of_record
TN:
SF:components\UserCard.js
FN:32,(anonymous_0)
FN:150,Card
FN:159,(anonymous_2)
FN:232,getUserById
FN:236,(anonymous_4)
FN:242,(anonymous_5)
FN:295,getSharedGenres
FN:296,(anonymous_7)
FN:298,(anonymous_8)
FN:299,(anonymous_9)
FN:303,getSharedSongs
FN:304,(anonymous_11)
FN:305,(anonymous_12)
FN:306,(anonymous_13)
FN:310,getSharedArtists
FN:311,(anonymous_15)
FN:312,(anonymous_16)
FN:313,(anonymous_17)
FN:318,findCompatibilty
FN:328,cosinesim
FN:345,setTestUserPhotos
FN:354,(anonymous_21)
FN:361,(anonymous_22)
FN:372,binaryToBase64
FN:376,(anonymous_24)
FN:386,(anonymous_25)
FN:399,(anonymous_26)
FN:425,(anonymous_27)
FN:445,(anonymous_28)
FN:462,(anonymous_29)
FN:471,(anonymous_30)
FN:490,(anonymous_31)
FN:539,(anonymous_32)
FN:573,(anonymous_33)
FN:607,(anonymous_34)
FNF:35
FNH:0
FNDA:0,(anonymous_0)
FNDA:0,Card
FNDA:0,(anonymous_2)
FNDA:0,getUserById
FNDA:0,(anonymous_4)
FNDA:0,(anonymous_5)
FNDA:0,getSharedGenres
FNDA:0,(anonymous_7)
FNDA:0,(anonymous_8)
FNDA:0,(anonymous_9)
FNDA:0,getSharedSongs
FNDA:0,(anonymous_11)
FNDA:0,(anonymous_12)
FNDA:0,(anonymous_13)
FNDA:0,getSharedArtists
FNDA:0,(anonymous_15)
FNDA:0,(anonymous_16)
FNDA:0,(anonymous_17)
FNDA:0,findCompatibilty
FNDA:0,cosinesim
FNDA:0,setTestUserPhotos
FNDA:0,(anonymous_21)
FNDA:0,(anonymous_22)
FNDA:0,binaryToBase64
FNDA:0,(anonymous_24)
FNDA:0,(anonymous_25)
FNDA:0,(anonymous_26)
FNDA:0,(anonymous_27)
FNDA:0,(anonymous_28)
FNDA:0,(anonymous_29)
FNDA:0,(anonymous_30)
FNDA:0,(anonymous_31)
FNDA:0,(anonymous_32)
FNDA:0,(anonymous_33)
FNDA:0,(anonymous_34)
DA:22,1
DA:24,1
DA:25,1
DA:26,1
DA:27,1
DA:28,1
DA:29,1
DA:32,1
DA:33,0
DA:35,0
DA:38,1
DA:152,0
DA:159,0
DA:162,0
DA:163,0
DA:164,0
DA:165,0
DA:166,0
DA:167,0
DA:168,0
DA:169,0
DA:170,0
DA:171,0
DA:172,0
DA:173,0
DA:174,0
DA:175,0
DA:177,0
DA:179,0
DA:180,0
DA:181,0
DA:182,0
DA:183,0
DA:184,0
DA:185,0
DA:186,0
DA:187,0
DA:188,0
DA:189,0
DA:191,0
DA:194,0
DA:213,0
DA:233,0
DA:234,0
DA:238,0
DA:242,0
DA:243,0
DA:244,0
DA:246,0
DA:247,0
DA:248,0
DA:249,0
DA:250,0
DA:251,0
DA:253,0
DA:254,0
DA:255,0
DA:256,0
DA:257,0
DA:258,0
DA:259,0
DA:260,0
DA:263,0
DA:264,0
DA:265,0
DA:267,0
DA:268,0
DA:269,0
DA:271,0
DA:273,0
DA:274,0
DA:275,0
DA:277,0
DA:278,0
DA:279,0
DA:281,0
DA:283,0
DA:284,0
DA:287,0
DA:288,0
DA:289,0
DA:290,0
DA:291,0
DA:296,0
DA:297,0
DA:298,0
DA:299,0
DA:300,0
DA:304,0
DA:305,0
DA:306,0
DA:307,0
DA:311,0
DA:312,0
DA:313,0
DA:314,0
DA:319,0
DA:320,0
DA:322,0
DA:323,0
DA:324,0
DA:325,0
DA:329,0
DA:330,0
DA:331,0
DA:332,0
DA:333,0
DA:334,0
DA:335,0
DA:336,0
DA:337,0
DA:339,0
DA:340,0
DA:341,0
DA:342,0
DA:346,0
DA:347,0
DA:348,0
DA:349,0
DA:350,0
DA:354,0
DA:355,0
DA:361,0
DA:362,0
DA:363,0
DA:365,0
DA:366,0
DA:367,0
DA:368,0
DA:369,0
DA:373,0
DA:376,0
DA:377,0
DA:383,0
DA:386,0
DA:387,0
DA:395,0
DA:399,0
DA:401,0
DA:402,0
DA:413,0
DA:425,0
DA:426,0
DA:427,0
DA:430,0
DA:434,0
DA:445,0
DA:463,0
DA:464,0
DA:471,0
DA:491,0
DA:540,0
DA:574,0
DA:608,0
DA:637,1
LF:155
LH:10
BRDA:283,0,0,0
BRDA:283,0,1,0
BRDA:401,1,0,0
BRDA:401,1,1,0
BRDA:426,2,0,0
BRDA:426,2,1,0
BRDA:444,3,0,0
BRDA:444,3,1,0
BRDA:516,4,0,0
BRDA:516,4,1,0
BRF:10
BRH:0
end_of_record
TN:
SF:redux\UserData.js
FN:9,(anonymous_0)
FN:14,(anonymous_1)
FN:17,(anonymous_2)
FN:24,(anonymous_3)
FN:35,(anonymous_4)
FN:42,(anonymous_5)
FN:45,(anonymous_6)
FN:51,(anonymous_7)
FN:69,(anonymous_8)
FN:72,(anonymous_9)
FN:77,(anonymous_10)
FN:95,(anonymous_11)
FN:98,(anonymous_12)
FN:103,(anonymous_13)
FN:126,(anonymous_14)
FN:142,(anonymous_15)
FN:193,(anonymous_16)
FN:196,(anonymous_17)
FN:199,(anonymous_18)
FN:202,(anonymous_19)
FN:216,(anonymous_20)
FN:219,(anonymous_21)
FN:244,(anonymous_22)
FN:248,(anonymous_23)
FN:252,(anonymous_24)
FN:255,(anonymous_25)
FN:258,(anonymous_26)
FN:262,(anonymous_27)
FN:265,(anonymous_28)
FN:268,(anonymous_29)
FN:271,(anonymous_30)
FN:275,(anonymous_31)
FN:278,(anonymous_32)
FN:281,(anonymous_33)
FN:284,(anonymous_34)
FN:287,(anonymous_35)
FN:290,(anonymous_36)
FN:293,(anonymous_37)
FN:297,(anonymous_38)
FN:301,(anonymous_39)
FN:304,(anonymous_40)
FN:307,(anonymous_41)
FN:310,(anonymous_42)
FN:314,(anonymous_43)
FN:315,(anonymous_44)
FN:318,(anonymous_45)
FN:413,(anonymous_46)
FNF:47
FNH:4
FNDA:0,(anonymous_0)
FNDA:0,(anonymous_1)
FNDA:0,(anonymous_2)
FNDA:0,(anonymous_3)
FNDA:0,(anonymous_4)
FNDA:0,(anonymous_5)
FNDA:0,(anonymous_6)
FNDA:0,(anonymous_7)
FNDA:0,(anonymous_8)
FNDA:0,(anonymous_9)
FNDA:0,(anonymous_10)
FNDA:0,(anonymous_11)
FNDA:0,(anonymous_12)
FNDA:3,(anonymous_13)
FNDA:0,(anonymous_14)
FNDA:0,(anonymous_15)
FNDA:0,(anonymous_16)
FNDA:29,(anonymous_17)
FNDA:0,(anonymous_18)
FNDA:0,(anonymous_19)
FNDA:0,(anonymous_20)
FNDA:0,(anonymous_21)
FNDA:0,(anonymous_22)
FNDA:0,(anonymous_23)
FNDA:0,(anonymous_24)
FNDA:0,(anonymous_25)
FNDA:0,(anonymous_26)
FNDA:0,(anonymous_27)
FNDA:0,(anonymous_28)
FNDA:0,(anonymous_29)
FNDA:0,(anonymous_30)
FNDA:0,(anonymous_31)
FNDA:29,(anonymous_32)
FNDA:0,(anonymous_33)
FNDA:0,(anonymous_34)
FNDA:0,(anonymous_35)
FNDA:0,(anonymous_36)
FNDA:0,(anonymous_37)
FNDA:0,(anonymous_38)
FNDA:0,(anonymous_39)
FNDA:0,(anonymous_40)
FNDA:0,(anonymous_41)
FNDA:0,(anonymous_42)
FNDA:2,(anonymous_43)
FNDA:0,(anonymous_44)
FNDA:0,(anonymous_45)
FNDA:0,(anonymous_46)
DA:9,3
DA:10,0
DA:11,0
DA:12,0
DA:15,0
DA:18,0
DA:22,3
DA:25,0
DA:29,0
DA:33,3
DA:36,0
DA:43,0
DA:46,0
DA:51,3
DA:52,0
DA:54,0
DA:64,0
DA:73,0
DA:77,3
DA:79,0
DA:89,0
DA:96,0
DA:99,0
DA:103,3
DA:104,3
DA:107,0
DA:109,0
DA:115,0
DA:116,0
DA:122,0
DA:124,3
DA:126,3
DA:127,0
DA:128,0
DA:129,0
DA:130,0
DA:132,0
DA:138,0
DA:140,0
DA:142,0
DA:144,0
DA:145,0
DA:147,0
DA:150,3
DA:194,0
DA:197,29
DA:200,0
DA:213,0
DA:214,0
DA:217,0
DA:241,0
DA:242,0
DA:245,0
DA:249,0
DA:253,0
DA:256,0
DA:259,0
DA:263,0
DA:266,0
DA:269,0
DA:272,0
DA:276,0
DA:279,29
DA:282,0
DA:285,0
DA:288,0
DA:291,0
DA:294,0
DA:298,0
DA:302,0
DA:305,0
DA:308,0
DA:311,0
DA:315,2
DA:316,0
DA:318,2
DA:319,0
DA:320,0
DA:321,0
DA:322,0
DA:324,0
DA:325,0
DA:327,0
DA:328,0
DA:329,0
DA:330,0
DA:332,0
DA:335,0
DA:338,0
DA:340,0
DA:341,0
DA:343,0
DA:344,0
DA:346,0
DA:347,0
DA:349,0
DA:350,0
DA:352,0
DA:353,0
DA:355,0
DA:358,0
DA:360,0
DA:361,0
DA:362,0
DA:364,0
DA:365,0
DA:366,0
DA:368,0
DA:369,0
DA:370,0
DA:372,0
DA:373,0
DA:374,0
DA:380,0
DA:381,0
DA:387,0
DA:388,0
DA:394,0
DA:395,0
DA:402,0
DA:403,0
DA:404,0
DA:405,0
DA:407,0
DA:409,0
DA:413,2
DA:414,0
DA:415,0
DA:451,3
LF:129
LH:16
BRDA:127,0,0,0
BRDA:127,0,1,0
BRDA:319,1,0,0
BRDA:319,1,1,0
BRDA:327,2,0,0
BRDA:327,2,1,0
BRDA:329,3,0,0
BRDA:329,3,1,0
BRDA:338,4,0,0
BRDA:338,4,1,0
BRDA:338,4,2,0
BRDA:338,4,3,0
BRDA:338,4,4,0
BRDA:338,4,5,0
BRDA:372,5,0,0
BRDA:372,5,1,0
BRDA:373,6,0,0
BRDA:373,6,1,0
BRDA:380,7,0,0
BRDA:380,7,1,0
BRDA:387,8,0,0
BRDA:387,8,1,0
BRDA:394,9,0,0
BRDA:394,9,1,0
BRF:24
BRH:0
end_of_record
TN:
SF:redux\store.js
FNF:0
FNH:0
DA:43,2
LF:1
LH:1
BRF:0
BRH:0
end_of_record
TN:
SF:screens\AddImagesScreen.js
FN:44,Add_images
FN:75,(anonymous_1)
FN:83,(anonymous_2)
FN:111,(anonymous_3)
FN:146,(anonymous_4)
FN:250,(anonymous_5)
FN:258,(anonymous_6)
FN:265,(anonymous_7)
FN:272,(anonymous_8)
FN:274,(anonymous_9)
FN:302,(anonymous_10)
FN:331,(anonymous_11)
FN:339,(anonymous_12)
FN:349,(anonymous_13)
FN:357,(anonymous_14)
FN:375,(anonymous_15)
FNF:16
FNH:0
FNDA:0,Add_images
FNDA:0,(anonymous_1)
FNDA:0,(anonymous_2)
FNDA:0,(anonymous_3)
FNDA:0,(anonymous_4)
FNDA:0,(anonymous_5)
FNDA:0,(anonymous_6)
FNDA:0,(anonymous_7)
FNDA:0,(anonymous_8)
FNDA:0,(anonymous_9)
FNDA:0,(anonymous_10)
FNDA:0,(anonymous_11)
FNDA:0,(anonymous_12)
FNDA:0,(anonymous_13)
FNDA:0,(anonymous_14)
FNDA:0,(anonymous_15)
DA:45,0
DA:75,0
DA:77,0
DA:78,0
DA:79,0
DA:80,0
DA:81,0
DA:83,0
DA:85,0
DA:96,0
DA:97,0
DA:98,0
DA:100,0
DA:101,0
DA:103,0
DA:104,0
DA:106,0
DA:107,0
DA:111,0
DA:112,0
DA:120,0
DA:122,0
DA:123,0
DA:124,0
DA:125,0
DA:126,0
DA:128,0
DA:129,0
DA:130,0
DA:131,0
DA:133,0
DA:134,0
DA:135,0
DA:136,0
DA:138,0
DA:139,0
DA:140,0
DA:141,0
DA:146,0
DA:147,0
DA:165,0
DA:185,0
DA:187,0
DA:188,0
DA:190,0
DA:191,0
DA:193,0
DA:194,0
DA:196,0
DA:197,0
DA:200,0
DA:201,0
DA:203,0
DA:204,0
DA:206,0
DA:207,0
DA:209,0
DA:210,0
DA:212,0
DA:213,0
DA:215,0
DA:216,0
DA:218,0
DA:219,0
DA:225,0
DA:245,0
DA:250,0
DA:253,0
DA:258,0
DA:260,0
DA:265,0
DA:267,0
DA:268,0
DA:273,0
DA:274,0
DA:276,0
DA:278,0
DA:285,0
DA:286,0
DA:288,0
DA:293,0
DA:302,0
DA:332,0
DA:340,0
DA:350,0
DA:358,0
DA:376,0
DA:385,1
LF:88
LH:1
BRDA:96,0,0,0
BRDA:96,0,1,0
BRDA:122,1,0,0
BRDA:122,1,1,0
BRDA:123,2,0,0
BRDA:123,2,1,0
BRDA:128,3,0,0
BRDA:128,3,1,0
BRDA:133,4,0,0
BRDA:133,4,1,0
BRDA:138,5,0,0
BRDA:138,5,1,0
BRDA:165,6,0,0
BRDA:165,6,1,0
BRDA:166,7,0,0
BRDA:166,7,1,0
BRDA:166,7,2,0
BRDA:166,7,3,0
BRDA:166,7,4,0
BRDA:166,7,5,0
BRDA:166,7,6,0
BRDA:166,7,7,0
BRDA:166,7,8,0
BRDA:166,7,9,0
BRDA:166,7,10,0
BRDA:166,7,11,0
BRDA:166,7,12,0
BRDA:166,7,13,0
BRDA:166,7,14,0
BRDA:166,7,15,0
BRDA:166,7,16,0
BRDA:166,7,17,0
BRDA:188,8,0,0
BRDA:188,8,1,0
BRDA:188,8,2,0
BRDA:201,9,0,0
BRDA:201,9,1,0
BRDA:201,9,2,0
BRDA:201,9,3,0
BRDA:201,9,4,0
BRDA:201,9,5,0
BRF:41
BRH:0
end_of_record
TN:
SF:screens\HomeScreen.js
FN:21,App
FN:28,(anonymous_1)
FN:30,(anonymous_2)
FN:35,(anonymous_3)
FN:39,(anonymous_4)
FN:46,(anonymous_5)
FN:57,(anonymous_6)
FN:62,(anonymous_7)
FN:67,(anonymous_8)
FN:82,(anonymous_9)
FN:85,(anonymous_10)
FN:89,(anonymous_11)
FN:104,(anonymous_12)
FN:107,(anonymous_13)
FN:111,(anonymous_14)
FN:116,(anonymous_15)
FNF:16
FNH:0
FNDA:0,App
FNDA:0,(anonymous_1)
FNDA:0,(anonymous_2)
FNDA:0,(anonymous_3)
FNDA:0,(anonymous_4)
FNDA:0,(anonymous_5)
FNDA:0,(anonymous_6)
FNDA:0,(anonymous_7)
FNDA:0,(anonymous_8)
FNDA:0,(anonymous_9)
FNDA:0,(anonymous_10)
FNDA:0,(anonymous_11)
FNDA:0,(anonymous_12)
FNDA:0,(anonymous_13)
FNDA:0,(anonymous_14)
FNDA:0,(anonymous_15)
DA:22,0
DA:23,0
DA:25,0
DA:27,0
DA:28,0
DA:30,0
DA:31,0
DA:36,0
DA:37,0
DA:38,0
DA:39,0
DA:46,0
DA:47,0
DA:50,0
DA:58,0
DA:63,0
DA:68,0
DA:73,0
DA:77,0
DA:83,0
DA:86,0
DA:90,0
DA:95,0
DA:99,0
DA:105,0
DA:108,0
DA:112,0
DA:117,0
DA:127,1
LF:29
LH:1
BRDA:52,0,0,0
BRDA:52,0,1,0
BRF:2
BRH:0
end_of_record
TN:
SF:screens\MatchesScreen.js
FN:23,(anonymous_0)
FN:40,(anonymous_1)
FN:61,(anonymous_2)
FN:65,(anonymous_3)
FN:81,(anonymous_4)
FN:84,(anonymous_5)
FN:91,(anonymous_6)
FN:96,(anonymous_7)
FN:115,(anonymous_8)
FN:145,(anonymous_9)
FNF:10
FNH:0
FNDA:0,(anonymous_0)
FNDA:0,(anonymous_1)
FNDA:0,(anonymous_2)
FNDA:0,(anonymous_3)
FNDA:0,(anonymous_4)
FNDA:0,(anonymous_5)
FNDA:0,(anonymous_6)
FNDA:0,(anonymous_7)
FNDA:0,(anonymous_8)
FNDA:0,(anonymous_9)
DA:23,1
DA:25,0
DA:28,0
DA:30,0
DA:40,0
DA:58,1
DA:61,1
DA:64,0
DA:65,0
DA:77,0
DA:78,0
DA:81,0
DA:82,0
DA:85,0
DA:86,0
DA:91,0
DA:92,0
DA:96,0
DA:97,0
DA:98,0
DA:99,0
DA:103,0
DA:105,0
DA:116,0
DA:117,0
DA:124,0
DA:147,0
DA:165,1
LF:28
LH:4
BRDA:92,0,0,0
BRDA:92,0,1,0
BRDA:116,1,0,0
BRDA:116,1,1,0
BRF:4
BRH:0
end_of_record
TN:
SF:screens\ProfileScreen.js
FN:97,Edit_user_profile
FN:131,(anonymous_1)
FN:209,(anonymous_2)
FN:261,(anonymous_3)
FN:264,(anonymous_4)
FN:283,(anonymous_5)
FN:302,(anonymous_6)
FN:315,(anonymous_7)
FN:329,(anonymous_8)
FN:347,(anonymous_9)
FN:366,(anonymous_10)
FN:378,(anonymous_11)
FN:390,(anonymous_12)
FN:405,(anonymous_13)
FN:419,(anonymous_14)
FN:431,(anonymous_15)
FN:447,(anonymous_16)
FN:459,(anonymous_17)
FN:475,(anonymous_18)
FN:488,(anonymous_19)
FN:561,(anonymous_20)
FNF:21
FNH:0
FNDA:0,Edit_user_profile
FNDA:0,(anonymous_1)
FNDA:0,(anonymous_2)
FNDA:0,(anonymous_3)
FNDA:0,(anonymous_4)
FNDA:0,(anonymous_5)
FNDA:0,(anonymous_6)
FNDA:0,(anonymous_7)
FNDA:0,(anonymous_8)
FNDA:0,(anonymous_9)
FNDA:0,(anonymous_10)
FNDA:0,(anonymous_11)
FNDA:0,(anonymous_12)
FNDA:0,(anonymous_13)
FNDA:0,(anonymous_14)
FNDA:0,(anonymous_15)
FNDA:0,(anonymous_16)
FNDA:0,(anonymous_17)
FNDA:0,(anonymous_18)
FNDA:0,(anonymous_19)
FNDA:0,(anonymous_20)
DA:95,1
DA:98,0
DA:99,0
DA:131,0
DA:143,0
DA:144,0
DA:145,0
DA:146,0
DA:148,0
DA:150,0
DA:156,0
DA:173,0
DA:183,0
DA:184,0
DA:192,0
DA:193,0
DA:194,0
DA:196,0
DA:197,0
DA:198,0
DA:200,0
DA:201,0
DA:202,0
DA:209,0
DA:210,0
DA:218,0
DA:219,0
DA:220,0
DA:221,0
DA:222,0
DA:224,0
DA:225,0
DA:226,0
DA:227,0
DA:229,0
DA:230,0
DA:231,0
DA:232,0
DA:234,0
DA:235,0
DA:236,0
DA:237,0
DA:242,0
DA:262,0
DA:265,0
DA:284,0
DA:285,0
DA:303,0
DA:316,0
DA:330,0
DA:348,0
DA:367,0
DA:379,0
DA:391,0
DA:405,0
DA:420,0
DA:432,0
DA:448,0
DA:460,0
DA:476,0
DA:489,0
DA:490,0
DA:492,0
DA:493,0
DA:495,0
DA:496,0
DA:498,0
DA:499,0
DA:502,0
DA:503,0
DA:505,0
DA:506,0
DA:508,0
DA:509,0
DA:511,0
DA:512,0
DA:514,0
DA:515,0
DA:517,0
DA:518,0
DA:520,0
DA:521,0
DA:524,0
DA:532,0
DA:534,0
DA:555,0
DA:583,0
DA:592,1
LF:88
LH:2
BRDA:193,0,0,0
BRDA:193,0,1,0
BRDA:197,1,0,0
BRDA:197,1,1,0
BRDA:201,2,0,0
BRDA:201,2,1,0
BRDA:218,3,0,0
BRDA:218,3,1,0
BRDA:219,4,0,0
BRDA:219,4,1,0
BRDA:224,5,0,0
BRDA:224,5,1,0
BRDA:229,6,0,0
BRDA:229,6,1,0
BRDA:234,7,0,0
BRDA:234,7,1,0
BRDA:490,8,0,0
BRDA:490,8,1,0
BRDA:490,8,2,0
BRDA:503,9,0,0
BRDA:503,9,1,0
BRDA:503,9,2,0
BRDA:503,9,3,0
BRDA:503,9,4,0
BRDA:503,9,5,0
BRF:25
BRH:0
end_of_record
TN:
SF:screens\SocialsScreen.js
FN:17,(anonymous_0)
FN:27,(anonymous_1)
FN:37,(anonymous_2)
FN:42,(anonymous_3)
FN:53,(anonymous_4)
FN:63,(anonymous_5)
FN:70,(anonymous_6)
FN:84,(anonymous_7)
FN:106,(anonymous_8)
FN:122,(anonymous_9)
FN:139,(anonymous_10)
FNF:11
FNH:0
FNDA:0,(anonymous_0)
FNDA:0,(anonymous_1)
FNDA:0,(anonymous_2)
FNDA:0,(anonymous_3)
FNDA:0,(anonymous_4)
FNDA:0,(anonymous_5)
FNDA:0,(anonymous_6)
FNDA:0,(anonymous_7)
FNDA:0,(anonymous_8)
FNDA:0,(anonymous_9)
FNDA:0,(anonymous_10)
DA:17,1
DA:19,0
DA:22,0
DA:23,0
DA:26,0
DA:27,0
DA:29,0
DA:32,0
DA:33,0
DA:34,0
DA:37,0
DA:38,0
DA:45,0
DA:46,0
DA:47,0
DA:53,0
DA:54,0
DA:58,0
DA:64,0
DA:65,0
DA:70,0
DA:71,0
DA:74,0
DA:84,0
DA:107,0
DA:123,0
DA:139,0
DA:149,1
LF:28
LH:2
BRDA:71,0,0,0
BRDA:71,0,1,0
BRF:2
BRH:0
end_of_record
TN:
SF:screens\SpotifyLoginScreen.js
FN:38,postDummyData
FN:101,(anonymous_1)
FN:108,(anonymous_2)
FN:115,(anonymous_3)
FN:122,(anonymous_4)
FN:129,(anonymous_5)
FN:140,getSpotifyUser
FN:152,(anonymous_7)
FN:155,(anonymous_8)
FN:190,getTopArtists
FN:201,(anonymous_10)
FN:226,(anonymous_11)
FN:248,getTopTracks
FN:258,(anonymous_13)
FN:284,getAudioFeatures
FN:294,(anonymous_15)
FN:343,(anonymous_16)
FN:353,(anonymous_17)
FN:362,(anonymous_18)
FN:363,fetchData
FN:384,(anonymous_20)
FN:432,(anonymous_21)
FNF:22
FNH:1
FNDA:0,postDummyData
FNDA:0,(anonymous_1)
FNDA:0,(anonymous_2)
FNDA:0,(anonymous_3)
FNDA:0,(anonymous_4)
FNDA:0,(anonymous_5)
FNDA:0,getSpotifyUser
FNDA:2,(anonymous_7)
FNDA:0,(anonymous_8)
FNDA:0,getTopArtists
FNDA:0,(anonymous_10)
FNDA:0,(anonymous_11)
FNDA:0,getTopTracks
FNDA:0,(anonymous_13)
FNDA:0,getAudioFeatures
FNDA:0,(anonymous_15)
FNDA:0,(anonymous_16)
FNDA:0,(anonymous_17)
FNDA:0,(anonymous_18)
FNDA:0,fetchData
FNDA:0,(anonymous_20)
FNDA:0,(anonymous_21)
DA:30,1
DA:33,1
DA:34,1
DA:35,1
DA:39,0
DA:40,0
DA:49,0
DA:61,0
DA:62,0
DA:63,0
DA:64,0
DA:70,0
DA:71,0
DA:72,0
DA:73,0
DA:80,0
DA:81,0
DA:82,0
DA:83,0
DA:90,0
DA:101,0
DA:103,0
DA:108,0
DA:110,0
DA:115,0
DA:117,0
DA:122,0
DA:124,0
DA:129,0
DA:135,1
DA:141,0
DA:143,0
DA:152,1
DA:153,2
DA:155,0
DA:159,0
DA:161,0
DA:163,0
DA:192,0
DA:202,0
DA:203,0
DA:206,0
DA:207,0
DA:208,0
DA:213,0
DA:216,0
DA:217,0
DA:226,0
DA:228,0
DA:230,0
DA:231,0
DA:232,0
DA:236,0
DA:237,0
DA:243,0
DA:244,0
DA:249,0
DA:259,0
DA:260,0
DA:261,0
DA:262,0
DA:263,0
DA:268,0
DA:269,0
DA:279,0
DA:280,0
DA:285,0
DA:295,0
DA:308,0
DA:310,0
DA:311,0
DA:315,0
DA:316,0
DA:317,0
DA:318,0
DA:319,0
DA:320,0
DA:321,0
DA:322,0
DA:325,0
DA:326,0
DA:327,0
DA:328,0
DA:329,0
DA:330,0
DA:331,0
DA:337,0
DA:339,0
DA:343,0
DA:344,0
DA:345,0
DA:347,0
DA:353,0
DA:354,0
DA:355,0
DA:356,0
DA:357,0
DA:362,0
DA:367,0
DA:369,0
DA:373,0
DA:374,0
DA:375,0
DA:376,0
DA:379,0
DA:385,0
DA:391,0
DA:392,0
DA:394,0
DA:399,0
DA:401,0
DA:403,0
DA:404,0
DA:406,0
DA:407,0
DA:410,0
DA:416,0
DA:433,0
DA:441,1
LF:119
LH:8
BRDA:141,0,0,0
BRDA:141,0,1,0
BRDA:218,1,0,0
BRDA:218,1,1,0
BRDA:231,2,0,0
BRDA:231,2,1,0
BRDA:354,3,0,0
BRDA:354,3,1,0
BRDA:373,4,0,0
BRDA:373,4,1,0
BRDA:394,5,0,0
BRDA:394,5,1,0
BRF:12
BRH:0
end_of_record
TN:
SF:screens\SurveyAdvancedQuestionsScreen.js
FN:52,(anonymous_0)
FN:83,(anonymous_1)
FN:192,(anonymous_2)
FN:240,(anonymous_3)
FN:255,(anonymous_4)
FN:299,(anonymous_5)
FN:314,(anonymous_6)
FN:355,(anonymous_7)
FN:370,(anonymous_8)
FN:381,(anonymous_9)
FNF:10
FNH:0
FNDA:0,(anonymous_0)
FNDA:0,(anonymous_1)
FNDA:0,(anonymous_2)
FNDA:0,(anonymous_3)
FNDA:0,(anonymous_4)
FNDA:0,(anonymous_5)
FNDA:0,(anonymous_6)
FNDA:0,(anonymous_7)
FNDA:0,(anonymous_8)
FNDA:0,(anonymous_9)
DA:50,1
DA:51,1
DA:52,1
DA:53,0
DA:83,0
DA:84,0
DA:85,0
DA:184,0
DA:192,0
DA:240,0
DA:256,0
DA:299,0
DA:315,0
DA:355,0
DA:371,0
DA:382,0
DA:390,0
DA:398,0
DA:406,0
DA:408,0
DA:419,1
LF:21
LH:4
BRDA:390,0,0,0
BRDA:390,0,1,0
BRDA:391,1,0,0
BRDA:391,1,1,0
BRDA:391,1,2,0
BRDA:391,1,3,0
BRDA:391,1,4,0
BRDA:391,1,5,0
BRF:8
BRH:0
end_of_record
TN:
SF:screens\SurveyBioScreen.js
FN:49,(anonymous_0)
FN:80,(anonymous_1)
FN:116,(anonymous_2)
FN:123,(anonymous_3)
FN:145,(anonymous_4)
FN:159,(anonymous_5)
FNF:6
FNH:0
FNDA:0,(anonymous_0)
FNDA:0,(anonymous_1)
FNDA:0,(anonymous_2)
FNDA:0,(anonymous_3)
FNDA:0,(anonymous_4)
FNDA:0,(anonymous_5)
DA:47,1
DA:48,1
DA:49,1
DA:50,0
DA:80,0
DA:81,0
DA:105,0
DA:116,0
DA:124,0
DA:146,0
DA:160,0
DA:161,0
DA:163,0
DA:174,1
LF:14
LH:4
BRDA:160,0,0,0
BRDA:160,0,1,0
BRDA:160,1,0,0
BRDA:160,1,1,0
BRF:4
BRH:0
end_of_record
TN:
SF:screens\SurveyGeneralQuestionsScreen.js
FN:54,(anonymous_0)
FN:85,(anonymous_1)
FN:220,(anonymous_2)
FN:262,(anonymous_3)
FN:298,(anonymous_4)
FN:341,(anonymous_5)
FN:388,(anonymous_6)
FN:396,(anonymous_7)
FN:403,(anonymous_8)
FNF:9
FNH:0
FNDA:0,(anonymous_0)
FNDA:0,(anonymous_1)
FNDA:0,(anonymous_2)
FNDA:0,(anonymous_3)
FNDA:0,(anonymous_4)
FNDA:0,(anonymous_5)
FNDA:0,(anonymous_6)
FNDA:0,(anonymous_7)
FNDA:0,(anonymous_8)
DA:52,1
DA:54,1
DA:55,0
DA:85,0
DA:87,0
DA:93,0
DA:133,0
DA:201,0
DA:204,0
DA:221,0
DA:266,0
DA:267,0
DA:268,0
DA:281,0
DA:298,0
DA:341,0
DA:388,0
DA:396,0
DA:404,0
DA:412,0
DA:414,0
DA:419,0
DA:430,1
LF:23
LH:3
BRDA:268,0,0,0
BRDA:268,0,1,0
BRDA:412,1,0,0
BRDA:412,1,1,0
BRDA:412,2,0,0
BRDA:412,2,1,0
BRDA:412,2,2,0
BRDA:412,2,3,0
BRDA:412,2,4,0
BRF:9
BRH:0
end_of_record
