TN:
SF:App.js
FN:32,App
FN:51,TabNavigation
FN:56,(anonymous_2)
FN:75,(anonymous_3)
FNF:4
FNH:0
FNDA:0,App
FNDA:0,TabNavigation
FNDA:0,(anonymous_2)
FNDA:0,(anonymous_3)
DA:20,0
DA:21,0
DA:22,0
DA:23,0
DA:24,0
DA:25,0
DA:26,0
DA:27,0
DA:28,0
DA:33,0
DA:34,0
DA:52,0
DA:53,0
DA:56,0
DA:77,0
DA:79,0
DA:80,0
DA:81,0
DA:82,0
DA:83,0
DA:84,0
DA:87,0
DA:98,0
LF:23
LH:0
BRDA:79,0,0,0
BRDA:79,0,1,0
BRDA:80,1,0,0
BRDA:80,1,1,0
BRDA:81,2,0,0
BRDA:81,2,1,0
BRDA:82,3,0,0
BRDA:82,3,1,0
BRDA:83,4,0,0
BRDA:83,4,1,0
BRDA:84,5,0,0
BRDA:84,5,1,0
BRF:12
BRH:0
end_of_record
TN:
SF:metro.config.js
FN:29,(anonymous_0)
FNF:1
FNH:0
FNDA:0,(anonymous_0)
DA:7,0
DA:8,0
DA:9,0
DA:11,0
DA:15,0
DA:29,0
LF:6
LH:0
BRF:0
BRH:0
end_of_record
TN:
SF:react-native.config.js
FNF:0
FNH:0
DA:1,0
LF:1
LH:0
BRF:0
BRH:0
end_of_record
TN:
SF: constants\Layout.js
FNF:0
FNH:0
DA:3,0
DA:4,0
LF:2
LH:0
BRF:0
BRH:0
end_of_record
TN:
SF:components\Navigator.js
FNF:0
FNH:0
LF:0
LH:0
BRF:0
BRH:0
end_of_record
TN:
SF:components\UserCard.js
FN:13,Card
FN:57,(anonymous_1)
FN:60,(anonymous_2)
FN:92,(anonymous_3)
FN:100,(anonymous_4)
FN:103,(anonymous_5)
FN:110,(anonymous_6)
FN:122,(anonymous_7)
FN:127,(anonymous_8)
FN:133,(anonymous_9)
FN:151,(anonymous_10)
FN:173,(anonymous_11)
FNF:12
FNH:0
FNDA:0,Card
FNDA:0,(anonymous_1)
FNDA:0,(anonymous_2)
FNDA:0,(anonymous_3)
FNDA:0,(anonymous_4)
FNDA:0,(anonymous_5)
FNDA:0,(anonymous_6)
FNDA:0,(anonymous_7)
FNDA:0,(anonymous_8)
FNDA:0,(anonymous_9)
FNDA:0,(anonymous_10)
FNDA:0,(anonymous_11)
DA:10,0
DA:16,0
DA:17,0
DA:18,0
DA:19,0
DA:20,0
DA:21,0
DA:22,0
DA:23,0
DA:24,0
DA:25,0
DA:26,0
DA:27,0
DA:28,0
DA:29,0
DA:30,0
DA:31,0
DA:32,0
DA:35,0
DA:57,0
DA:58,0
DA:61,0
DA:62,0
DA:63,0
DA:64,0
DA:65,0
DA:66,0
DA:67,0
DA:68,0
DA:69,0
DA:70,0
DA:73,0
DA:74,0
DA:76,0
DA:77,0
DA:79,0
DA:80,0
DA:82,0
DA:83,0
DA:86,0
DA:87,0
DA:88,0
DA:89,0
DA:90,0
DA:94,0
DA:100,0
DA:101,0
DA:106,0
DA:107,0
DA:108,0
DA:109,0
DA:112,0
DA:121,0
DA:123,0
DA:127,0
DA:128,0
DA:133,0
DA:135,0
DA:151,0
DA:152,0
DA:153,0
DA:155,0
DA:156,0
DA:157,0
DA:158,0
DA:159,0
DA:162,0
DA:173,0
DA:270,0
LF:69
LH:0
BRDA:203,0,0,0
BRDA:203,0,1,0
BRF:2
BRH:0
end_of_record
TN:
SF:screens\AddImagesScreen.js
FN:32,Add_images
FN:45,(anonymous_1)
FN:56,(anonymous_2)
FN:78,(anonymous_3)
FN:107,(anonymous_4)
FN:117,(anonymous_5)
FN:120,(anonymous_6)
FN:152,(anonymous_7)
FN:160,(anonymous_8)
FN:164,(anonymous_9)
FN:168,(anonymous_10)
FN:181,(anonymous_11)
FNF:12
FNH:0
FNDA:0,Add_images
FNDA:0,(anonymous_1)
FNDA:0,(anonymous_2)
FNDA:0,(anonymous_3)
FNDA:0,(anonymous_4)
FNDA:0,(anonymous_5)
FNDA:0,(anonymous_6)
FNDA:0,(anonymous_7)
FNDA:0,(anonymous_8)
FNDA:0,(anonymous_9)
FNDA:0,(anonymous_10)
FNDA:0,(anonymous_11)
DA:30,0
DA:31,0
DA:33,0
DA:34,0
DA:35,0
DA:36,0
DA:37,0
DA:40,0
DA:45,0
DA:46,0
DA:47,0
DA:51,0
DA:52,0
DA:56,0
DA:58,0
DA:70,0
DA:71,0
DA:72,0
DA:73,0
DA:74,0
DA:78,0
DA:79,0
DA:86,0
DA:88,0
DA:89,0
DA:90,0
DA:92,0
DA:93,0
DA:94,0
DA:96,0
DA:97,0
DA:98,0
DA:100,0
DA:101,0
DA:102,0
DA:107,0
DA:109,0
DA:110,0
DA:111,0
DA:112,0
DA:113,0
DA:115,0
DA:116,0
DA:118,0
DA:121,0
DA:123,0
DA:127,0
DA:128,0
DA:132,0
DA:135,0
DA:140,0
DA:152,0
DA:160,0
DA:164,0
DA:168,0
DA:182,0
DA:183,0
DA:184,0
DA:185,0
DA:186,0
DA:199,0
LF:61
LH:0
BRDA:46,0,0,0
BRDA:46,0,1,0
BRDA:51,1,0,0
BRDA:51,1,1,0
BRDA:70,2,0,0
BRDA:70,2,1,0
BRDA:88,3,0,0
BRDA:88,3,1,0
BRDA:92,4,0,0
BRDA:92,4,1,0
BRDA:96,5,0,0
BRDA:96,5,1,0
BRDA:100,6,0,0
BRDA:100,6,1,0
BRDA:110,7,0,0
BRDA:110,7,1,0
BRDA:115,8,0,0
BRDA:115,8,1,0
BRF:18
BRH:0
end_of_record
TN:
SF:screens\HomeScreen.js
FN:27,App
FN:33,(anonymous_1)
FN:36,(anonymous_2)
FN:40,(anonymous_3)
FN:49,(anonymous_4)
FN:64,(anonymous_5)
FN:69,(anonymous_6)
FN:76,(anonymous_7)
FN:84,(anonymous_8)
FN:87,(anonymous_9)
FN:91,(anonymous_10)
FN:99,(anonymous_11)
FN:102,(anonymous_12)
FN:106,(anonymous_13)
FN:112,(anonymous_14)
FNF:15
FNH:0
FNDA:0,App
FNDA:0,(anonymous_1)
FNDA:0,(anonymous_2)
FNDA:0,(anonymous_3)
FNDA:0,(anonymous_4)
FNDA:0,(anonymous_5)
FNDA:0,(anonymous_6)
FNDA:0,(anonymous_7)
FNDA:0,(anonymous_8)
FNDA:0,(anonymous_9)
FNDA:0,(anonymous_10)
FNDA:0,(anonymous_11)
FNDA:0,(anonymous_12)
FNDA:0,(anonymous_13)
FNDA:0,(anonymous_14)
DA:10,0
DA:28,0
DA:29,0
DA:31,0
DA:33,0
DA:34,0
DA:38,0
DA:39,0
DA:40,0
DA:44,0
DA:49,0
DA:51,0
DA:55,0
DA:65,0
DA:70,0
DA:77,0
DA:82,0
DA:83,0
DA:85,0
DA:88,0
DA:92,0
DA:97,0
DA:98,0
DA:100,0
DA:103,0
DA:107,0
DA:113,0
DA:127,0
LF:28
LH:0
BRDA:58,0,0,0
BRDA:58,0,1,0
BRF:2
BRH:0
end_of_record
TN:
SF:screens\MatchesScreen.js
FN:80,(anonymous_0)
FN:92,(anonymous_1)
FN:109,(anonymous_2)
FN:124,(anonymous_3)
FN:127,(anonymous_4)
FN:133,(anonymous_5)
FN:137,(anonymous_6)
FN:151,(anonymous_7)
FN:178,(anonymous_8)
FNF:9
FNH:0
FNDA:0,(anonymous_0)
FNDA:0,(anonymous_1)
FNDA:0,(anonymous_2)
FNDA:0,(anonymous_3)
FNDA:0,(anonymous_4)
FNDA:0,(anonymous_5)
FNDA:0,(anonymous_6)
FNDA:0,(anonymous_7)
FNDA:0,(anonymous_8)
DA:78,0
DA:80,0
DA:81,0
DA:82,0
DA:84,0
DA:92,0
DA:107,0
DA:109,0
DA:121,0
DA:122,0
DA:124,0
DA:125,0
DA:128,0
DA:129,0
DA:133,0
DA:134,0
DA:137,0
DA:138,0
DA:141,0
DA:143,0
DA:152,0
DA:153,0
DA:160,0
DA:179,0
DA:191,0
LF:25
LH:0
BRDA:138,0,0,0
BRDA:138,0,1,0
BRDA:152,1,0,0
BRDA:152,1,1,0
BRF:4
BRH:0
end_of_record
TN:
SF:screens\ProfileScreen.js
FN:67,Edit_user_profile
FN:126,(anonymous_1)
FN:128,(anonymous_2)
FN:135,(anonymous_3)
FN:142,(anonymous_4)
FN:152,(anonymous_5)
FN:155,(anonymous_6)
FN:167,(anonymous_7)
FN:180,(anonymous_8)
FN:211,(anonymous_9)
FN:221,(anonymous_10)
FN:224,(anonymous_11)
FN:261,(anonymous_12)
FN:262,(anonymous_13)
FN:276,(anonymous_14)
FN:293,(anonymous_15)
FN:313,(anonymous_16)
FN:325,(anonymous_17)
FN:338,(anonymous_18)
FN:352,(anonymous_19)
FN:372,(anonymous_20)
FN:385,(anonymous_21)
FN:392,(anonymous_22)
FN:405,(anonymous_23)
FN:412,(anonymous_24)
FN:426,(anonymous_25)
FNF:26
FNH:0
FNDA:0,Edit_user_profile
FNDA:0,(anonymous_1)
FNDA:0,(anonymous_2)
FNDA:0,(anonymous_3)
FNDA:0,(anonymous_4)
FNDA:0,(anonymous_5)
FNDA:0,(anonymous_6)
FNDA:0,(anonymous_7)
FNDA:0,(anonymous_8)
FNDA:0,(anonymous_9)
FNDA:0,(anonymous_10)
FNDA:0,(anonymous_11)
FNDA:0,(anonymous_12)
FNDA:0,(anonymous_13)
FNDA:0,(anonymous_14)
FNDA:0,(anonymous_15)
FNDA:0,(anonymous_16)
FNDA:0,(anonymous_17)
FNDA:0,(anonymous_18)
FNDA:0,(anonymous_19)
FNDA:0,(anonymous_20)
FNDA:0,(anonymous_21)
FNDA:0,(anonymous_22)
FNDA:0,(anonymous_23)
FNDA:0,(anonymous_24)
FNDA:0,(anonymous_25)
DA:64,0
DA:69,0
DA:71,0
DA:72,0
DA:73,0
DA:74,0
DA:77,0
DA:79,0
DA:82,0
DA:83,0
DA:85,0
DA:87,0
DA:88,0
DA:90,0
DA:91,0
DA:93,0
DA:95,0
DA:96,0
DA:97,0
DA:99,0
DA:100,0
DA:101,0
DA:103,0
DA:109,0
DA:118,0
DA:126,0
DA:127,0
DA:129,0
DA:130,0
DA:131,0
DA:132,0
DA:133,0
DA:136,0
DA:142,0
DA:143,0
DA:153,0
DA:156,0
DA:163,0
DA:167,0
DA:168,0
DA:169,0
DA:173,0
DA:174,0
DA:180,0
DA:181,0
DA:182,0
DA:189,0
DA:191,0
DA:192,0
DA:193,0
DA:195,0
DA:196,0
DA:197,0
DA:199,0
DA:200,0
DA:201,0
DA:203,0
DA:204,0
DA:205,0
DA:211,0
DA:213,0
DA:214,0
DA:215,0
DA:216,0
DA:217,0
DA:219,0
DA:220,0
DA:222,0
DA:225,0
DA:227,0
DA:231,0
DA:232,0
DA:236,0
DA:239,0
DA:244,0
DA:262,0
DA:276,0
DA:297,0
DA:298,0
DA:299,0
DA:300,0
DA:301,0
DA:313,0
DA:325,0
DA:338,0
DA:352,0
DA:372,0
DA:385,0
DA:392,0
DA:405,0
DA:412,0
DA:426,0
DA:450,0
LF:93
LH:0
BRDA:168,0,0,0
BRDA:168,0,1,0
BRDA:173,1,0,0
BRDA:173,1,1,0
BRDA:191,2,0,0
BRDA:191,2,1,0
BRDA:195,3,0,0
BRDA:195,3,1,0
BRDA:199,4,0,0
BRDA:199,4,1,0
BRDA:203,5,0,0
BRDA:203,5,1,0
BRDA:214,6,0,0
BRDA:214,6,1,0
BRDA:219,7,0,0
BRDA:219,7,1,0
BRDA:299,8,0,0
BRDA:299,8,1,0
BRF:18
BRH:0
end_of_record
TN:
SF:screens\SocialsScreen.js
FN:10,(anonymous_0)
FN:22,(anonymous_1)
FN:25,(anonymous_2)
FN:32,(anonymous_3)
FN:40,(anonymous_4)
FN:46,(anonymous_5)
FN:58,(anonymous_6)
FN:71,(anonymous_7)
FN:81,(anonymous_8)
FN:93,(anonymous_9)
FNF:10
FNH:0
FNDA:0,(anonymous_0)
FNDA:0,(anonymous_1)
FNDA:0,(anonymous_2)
FNDA:0,(anonymous_3)
FNDA:0,(anonymous_4)
FNDA:0,(anonymous_5)
FNDA:0,(anonymous_6)
FNDA:0,(anonymous_7)
FNDA:0,(anonymous_8)
FNDA:0,(anonymous_9)
DA:10,0
DA:11,0
DA:12,0
DA:13,0
DA:18,0
DA:19,0
DA:20,0
DA:22,0
DA:23,0
DA:26,0
DA:27,0
DA:28,0
DA:32,0
DA:33,0
DA:41,0
DA:42,0
DA:46,0
DA:47,0
DA:51,0
DA:58,0
DA:71,0
DA:81,0
DA:93,0
DA:100,0
LF:24
LH:0
BRF:0
BRH:0
end_of_record
TN:
SF:screens\SpotifyLoginScreen.js
FN:39,(anonymous_0)
FN:43,postData
FN:50,(anonymous_2)
FN:55,getTopArtists
FN:67,(anonymous_4)
FN:92,(anonymous_5)
FN:115,getTopTracks
FN:126,(anonymous_7)
FN:149,getAudioFeatures
FN:159,(anonymous_9)
FN:202,(anonymous_10)
FN:208,createUser
FN:228,(anonymous_12)
FN:233,getSpotifyUser
FN:248,(anonymous_14)
FN:276,(anonymous_15)
FN:283,(anonymous_16)
FN:284,fetchData
FN:329,(anonymous_18)
FNF:19
FNH:1
FNDA:0,(anonymous_0)
FNDA:0,postData
FNDA:0,(anonymous_2)
FNDA:0,getTopArtists
FNDA:0,(anonymous_4)
FNDA:0,(anonymous_5)
FNDA:0,getTopTracks
FNDA:0,(anonymous_7)
FNDA:0,getAudioFeatures
FNDA:0,(anonymous_9)
FNDA:0,(anonymous_10)
FNDA:0,createUser
FNDA:0,(anonymous_12)
FNDA:0,getSpotifyUser
FNDA:3,(anonymous_14)
FNDA:0,(anonymous_15)
FNDA:0,(anonymous_16)
FNDA:0,fetchData
FNDA:0,(anonymous_18)
DA:26,1
DA:28,1
DA:29,1
DA:30,1
DA:32,1
DA:37,1
DA:39,1
DA:40,0
DA:44,0
DA:51,0
DA:57,0
DA:69,0
DA:70,0
DA:72,0
DA:73,0
DA:74,0
DA:75,0
DA:80,0
DA:81,0
DA:83,0
DA:84,0
DA:87,0
DA:88,0
DA:89,0
DA:90,0
DA:92,0
DA:94,0
DA:96,0
DA:97,0
DA:98,0
DA:102,0
DA:103,0
DA:106,0
DA:109,0
DA:110,0
DA:116,0
DA:127,0
DA:128,0
DA:129,0
DA:130,0
DA:131,0
DA:132,0
DA:137,0
DA:138,0
DA:139,0
DA:141,0
DA:144,0
DA:145,0
DA:150,0
DA:160,0
DA:171,0
DA:173,0
DA:175,0
DA:176,0
DA:177,0
DA:178,0
DA:179,0
DA:180,0
DA:181,0
DA:182,0
DA:183,0
DA:186,0
DA:187,0
DA:188,0
DA:189,0
DA:190,0
DA:191,0
DA:192,0
DA:194,0
DA:195,0
DA:197,0
DA:199,0
DA:203,0
DA:209,0
DA:229,0
DA:234,0
DA:236,0
DA:248,1
DA:249,3
DA:251,0
DA:252,0
DA:276,0
DA:277,0
DA:278,0
DA:279,0
DA:283,0
DA:285,0
DA:286,0
DA:287,0
DA:288,0
DA:289,0
DA:290,0
DA:291,0
DA:292,0
DA:295,0
DA:296,0
DA:297,0
DA:298,0
DA:299,0
DA:300,0
DA:303,0
DA:308,0
DA:330,0
DA:339,1
LF:104
LH:10
BRDA:84,0,0,0
BRDA:84,0,1,0
BRDA:97,1,0,0
BRDA:97,1,1,0
BRDA:234,2,0,0
BRDA:234,2,1,0
BRDA:277,3,0,0
BRDA:277,3,1,0
BRDA:291,4,0,0
BRDA:291,4,1,0
BRF:10
BRH:0
end_of_record
TN:
SF:screens\SurveyAdvancedQuestionsScreen.js
FN:13,(anonymous_0)
FN:18,(anonymous_1)
FN:19,(anonymous_2)
FN:22,(anonymous_3)
FN:26,(anonymous_4)
FN:73,(anonymous_5)
FN:77,(anonymous_6)
FN:81,(anonymous_7)
FN:87,(anonymous_8)
FN:91,(anonymous_9)
FN:95,(anonymous_10)
FN:99,(anonymous_11)
FN:122,(anonymous_12)
FN:129,(anonymous_13)
FN:170,(anonymous_14)
FN:210,(anonymous_15)
FN:253,(anonymous_16)
FNF:17
FNH:0
FNDA:0,(anonymous_0)
FNDA:0,(anonymous_1)
FNDA:0,(anonymous_2)
FNDA:0,(anonymous_3)
FNDA:0,(anonymous_4)
FNDA:0,(anonymous_5)
FNDA:0,(anonymous_6)
FNDA:0,(anonymous_7)
FNDA:0,(anonymous_8)
FNDA:0,(anonymous_9)
FNDA:0,(anonymous_10)
FNDA:0,(anonymous_11)
FNDA:0,(anonymous_12)
FNDA:0,(anonymous_13)
FNDA:0,(anonymous_14)
FNDA:0,(anonymous_15)
FNDA:0,(anonymous_16)
DA:11,0
DA:12,0
DA:13,0
DA:14,0
DA:16,0
DA:18,0
DA:19,0
DA:20,0
DA:22,0
DA:23,0
DA:26,0
DA:27,0
DA:28,0
DA:32,0
DA:33,0
DA:34,0
DA:45,0
DA:46,0
DA:47,0
DA:58,0
DA:59,0
DA:60,0
DA:72,0
DA:73,0
DA:74,0
DA:75,0
DA:77,0
DA:78,0
DA:79,0
DA:81,0
DA:82,0
DA:83,0
DA:86,0
DA:87,0
DA:88,0
DA:90,0
DA:91,0
DA:92,0
DA:94,0
DA:95,0
DA:96,0
DA:99,0
DA:100,0
DA:101,0
DA:102,0
DA:103,0
DA:105,0
DA:108,0
DA:109,0
DA:122,0
DA:130,0
DA:171,0
DA:211,0
DA:253,0
DA:260,0
LF:55
LH:0
BRDA:102,0,0,0
BRDA:102,0,1,0
BRF:2
BRH:0
end_of_record
TN:
SF:screens\SurveyBioScreen.js
FN:11,(anonymous_0)
FN:19,(anonymous_1)
FN:20,(anonymous_2)
FN:23,(anonymous_3)
FN:26,(anonymous_4)
FN:45,(anonymous_5)
FN:79,(anonymous_6)
FNF:7
FNH:0
FNDA:0,(anonymous_0)
FNDA:0,(anonymous_1)
FNDA:0,(anonymous_2)
FNDA:0,(anonymous_3)
FNDA:0,(anonymous_4)
FNDA:0,(anonymous_5)
FNDA:0,(anonymous_6)
DA:9,0
DA:10,0
DA:11,0
DA:12,0
DA:13,0
DA:19,0
DA:20,0
DA:21,0
DA:23,0
DA:24,0
DA:26,0
DA:27,0
DA:28,0
DA:32,0
DA:45,0
DA:79,0
DA:86,0
LF:17
LH:0
BRF:0
BRH:0
end_of_record
TN:
SF:screens\SurveyGeneralQuestionsScreen.js
FN:15,(anonymous_0)
FN:31,(anonymous_1)
FN:33,(anonymous_2)
FN:42,(anonymous_3)
FN:50,(anonymous_4)
FN:54,(anonymous_5)
FN:58,(anonymous_6)
FN:86,(anonymous_7)
FN:90,(anonymous_8)
FN:94,(anonymous_9)
FN:144,(anonymous_10)
FN:170,(anonymous_11)
FN:200,(anonymous_12)
FN:243,(anonymous_13)
FNF:14
FNH:0
FNDA:0,(anonymous_0)
FNDA:0,(anonymous_1)
FNDA:0,(anonymous_2)
FNDA:0,(anonymous_3)
FNDA:0,(anonymous_4)
FNDA:0,(anonymous_5)
FNDA:0,(anonymous_6)
FNDA:0,(anonymous_7)
FNDA:0,(anonymous_8)
FNDA:0,(anonymous_9)
FNDA:0,(anonymous_10)
FNDA:0,(anonymous_11)
FNDA:0,(anonymous_12)
FNDA:0,(anonymous_13)
DA:14,0
DA:15,0
DA:16,0
DA:17,0
DA:18,0
DA:24,0
DA:25,0
DA:26,0
DA:27,0
DA:28,0
DA:29,0
DA:31,0
DA:32,0
DA:34,0
DA:35,0
DA:36,0
DA:37,0
DA:38,0
DA:39,0
DA:40,0
DA:43,0
DA:47,0
DA:48,0
DA:50,0
DA:51,0
DA:54,0
DA:55,0
DA:58,0
DA:59,0
DA:60,0
DA:63,0
DA:64,0
DA:65,0
DA:71,0
DA:72,0
DA:73,0
DA:85,0
DA:86,0
DA:87,0
DA:90,0
DA:91,0
DA:93,0
DA:94,0
DA:95,0
DA:97,0
DA:99,0
DA:148,0
DA:149,0
DA:150,0
DA:152,0
DA:171,0
DA:201,0
DA:243,0
DA:251,0
LF:54
LH:0
BRDA:150,0,0,0
BRDA:150,0,1,0
BRF:2
BRH:0
end_of_record
